================
[[Synthesizer start]] data/003
[Enumerator Type] CanonicalTableEnumeratorOnTheFly
[Initialize Enumeration]
  Parameterized Table Number: 0
[Enumeration Start]
[Stage 1] EnumFilterNamed: 
	Queries generated: 59
	Tables generated: 1
	Total Table by now: 1
[Stage 2] EnumAggregationNode: 
	Queries generated: 2
	Tables generated: 2
	Total Table by now: 3
[Stage 3] EnumJoin1 
	Queries generated: 379
	Tables generated: 39
	Total Table by now: 42
[Stage 4] EnumJoin2 
	Queries generated: 35322
	Tables generated: 2228
	Total Table by now: 2231
[Runner up Table Count] 0
[Enumeration Finished] Does not find a query in the search space.
[[Synthesizer finished]] time: 00:01:05:28
