================
[[Synthesizer start]] data/004
[Enumerator Type] CanonicalTableEnumeratorOnTheFly
[Initialize Enumeration]
  Parameterized Table Number: 0
[Enumeration Start]
[Stage 1] EnumFilterNamed: 
	Queries generated: 36
	Tables generated: 3
	Total Table by now: 3
[Stage 2] EnumAggregationNode: 
	Queries generated: 4
	Tables generated: 4
	Total Table by now: 7
[Stage 3] EnumJoin1 
	Queries generated: 764
	Tables generated: 155
	Total Table by now: 162
[Stage 4] EnumJoin2 
	Queries generated: 102569
	Tables generated: 8972
	Total Table by now: 8979
[Runner up Table Count] 193
[Consistent Table number] 194
Queries corresponds to this tree: 2928
Queries corresponds to this tree: 128832
Queries corresponds to this tree: 120
Queries corresponds to this tree: 72
Queries corresponds to this tree: 288
Queries corresponds to this tree: 384
Queries corresponds to this tree: 12288
Queries corresponds to this tree: 960
Queries corresponds to this tree: 2304
Queries corresponds to this tree: 576
Queries corresponds to this tree: 288
Queries corresponds to this tree: 192
Queries corresponds to this tree: 7200
Queries corresponds to this tree: 864
Queries corresponds to this tree: 384
Queries corresponds to this tree: 12288
Queries corresponds to this tree: 88
Queries corresponds to this tree: 2816
Queries corresponds to this tree: 4
Queries corresponds to this tree: 8
Queries corresponds to this tree: 576
Queries corresponds to this tree: 48
Queries corresponds to this tree: 2112
Queries corresponds to this tree: 36
Queries corresponds to this tree: 4
Queries corresponds to this tree: 8
Queries corresponds to this tree: 64
Queries corresponds to this tree: 96
Queries corresponds to this tree: 96
Queries corresponds to this tree: 96
Queries corresponds to this tree: 2496
Queries corresponds to this tree: 24
Queries corresponds to this tree: 24
Queries corresponds to this tree: 3168
Queries corresponds to this tree: 183744
Queries corresponds to this tree: 2880
Queries corresponds to this tree: 144
Queries corresponds to this tree: 4608
Queries corresponds to this tree: 144
Queries corresponds to this tree: 144
Queries corresponds to this tree: 4608
Queries corresponds to this tree: 144
Queries corresponds to this tree: 288
Queries corresponds to this tree: 9216
Queries corresponds to this tree: 288
Queries corresponds to this tree: 192
Queries corresponds to this tree: 288
Queries corresponds to this tree: 48
Queries corresponds to this tree: 12
Queries corresponds to this tree: 36
Queries corresponds to this tree: 288
Queries corresponds to this tree: 1728
Queries corresponds to this tree: 96
Queries corresponds to this tree: 6336
Queries corresponds to this tree: 3840
Queries corresponds to this tree: 4
Queries corresponds to this tree: 8
Queries corresponds to this tree: 96
Queries corresponds to this tree: 2928
Queries corresponds to this tree: 128832
Queries corresponds to this tree: 120
Queries corresponds to this tree: 72
Queries corresponds to this tree: 288
Queries corresponds to this tree: 9216
Queries corresponds to this tree: 576
Queries corresponds to this tree: 192
Queries corresponds to this tree: 384
Queries corresponds to this tree: 1152
Queries corresponds to this tree: 960
Queries corresponds to this tree: 288
Queries corresponds to this tree: 9216
Queries corresponds to this tree: 864
Queries corresponds to this tree: 384
Queries corresponds to this tree: 9504
Queries corresponds to this tree: 888
Queries corresponds to this tree: 28416
Queries corresponds to this tree: 960
Queries corresponds to this tree: 48
Queries corresponds to this tree: 120
Queries corresponds to this tree: 96
Queries corresponds to this tree: 2304
Queries corresponds to this tree: 88
Queries corresponds to this tree: 2816
Queries corresponds to this tree: 4
Queries corresponds to this tree: 8
Queries corresponds to this tree: 96
Queries corresponds to this tree: 48
Queries corresponds to this tree: 2112
Queries corresponds to this tree: 36
Queries corresponds to this tree: 888
Queries corresponds to this tree: 28416
Queries corresponds to this tree: 48
Queries corresponds to this tree: 120
Queries corresponds to this tree: 96
Queries corresponds to this tree: 960
Queries corresponds to this tree: 3456
Queries corresponds to this tree: 96
Queries corresponds to this tree: 96
Queries corresponds to this tree: 1248
Queries corresponds to this tree: 768
Queries corresponds to this tree: 44544
Queries corresponds to this tree: 1152
Queries corresponds to this tree: 1536
Queries corresponds to this tree: 2
Queries corresponds to this tree: 4
Queries corresponds to this tree: 1248
Queries corresponds to this tree: 48
Queries corresponds to this tree: 16
Queries corresponds to this tree: 176
Queries corresponds to this tree: 32
Queries corresponds to this tree: 48
Queries corresponds to this tree: 352
Queries corresponds to this tree: 32
Queries corresponds to this tree: 48
Queries corresponds to this tree: 6
Queries corresponds to this tree: 2
Queries corresponds to this tree: 576
Queries corresponds to this tree: 160
Queries corresponds to this tree: 8
Queries corresponds to this tree: 8
Queries corresponds to this tree: 256
Queries corresponds to this tree: 2
Queries corresponds to this tree: 2
Queries corresponds to this tree: 2
Queries corresponds to this tree: 6
Queries corresponds to this tree: 2
Queries corresponds to this tree: 60
Queries corresponds to this tree: 24
Queries corresponds to this tree: 4
Queries corresponds to this tree: 180
Queries corresponds to this tree: 48
Queries corresponds to this tree: 48
Queries corresponds to this tree: 90
Queries corresponds to this tree: 6
Queries corresponds to this tree: 72
Queries corresponds to this tree: 372
Queries corresponds to this tree: 24
Queries corresponds to this tree: 240
Queries corresponds to this tree: 440
Queries corresponds to this tree: 64
Queries corresponds to this tree: 48
Queries corresponds to this tree: 64
Queries corresponds to this tree: 2
Queries corresponds to this tree: 18
Queries corresponds to this tree: 20
Queries corresponds to this tree: 8
Queries corresponds to this tree: 32
Queries corresponds to this tree: 8
Queries corresponds to this tree: 8
Queries corresponds to this tree: 32
Queries corresponds to this tree: 32
Queries corresponds to this tree: 64
Queries corresponds to this tree: 14848
Queries corresponds to this tree: 3712
Queries corresponds to this tree: 5568
Queries corresponds to this tree: 3712
Queries corresponds to this tree: 4640
Queries corresponds to this tree: 11136
Queries corresponds to this tree: 116928
Queries corresponds to this tree: 8
Queries corresponds to this tree: 256
Queries corresponds to this tree: 8
Queries corresponds to this tree: 256
Queries corresponds to this tree: 6
Queries corresponds to this tree: 6
Queries corresponds to this tree: 4
Queries corresponds to this tree: 4
Queries corresponds to this tree: 4
Queries corresponds to this tree: 8
Queries corresponds to this tree: 8
Queries corresponds to this tree: 8
Queries corresponds to this tree: 20
Queries corresponds to this tree: 160
Queries corresponds to this tree: 64
Queries corresponds to this tree: 2816
Queries corresponds to this tree: 48
Queries corresponds to this tree: 88
Queries corresponds to this tree: 2816
Queries corresponds to this tree: 8
Queries corresponds to this tree: 16
Queries corresponds to this tree: 192
Queries corresponds to this tree: 720
Queries corresponds to this tree: 31680
Queries corresponds to this tree: 30
Queries corresponds to this tree: 18
Queries corresponds to this tree: 72
Queries corresponds to this tree: 2304
Queries corresponds to this tree: 144
Queries corresponds to this tree: 48
Queries corresponds to this tree: 96
Queries corresponds to this tree: 288
Queries corresponds to this tree: 240
Queries corresponds to this tree: 72
Queries corresponds to this tree: 2304
Queries corresponds to this tree: 216
Queries corresponds to this tree: 96
Queries corresponds to this tree: 2640
Queries corresponds to this tree: 920
Queries corresponds to this tree: 2024
Queries corresponds to this tree: 20
Queries corresponds to this tree: 160
Queries corresponds to this tree: 64
Queries corresponds to this tree: 2816
Queries corresponds to this tree: 48
Queries corresponds to this tree: 3
Queries corresponds to this tree: 3
Queries corresponds to this tree: 24
Queries corresponds to this tree: 24
Queries corresponds to this tree: 624
Queries corresponds to this tree: 36
Queries corresponds to this tree: 36
Queries corresponds to this tree: 1152
Queries corresponds to this tree: 36
Queries corresponds to this tree: 36
Queries corresponds to this tree: 1152
Queries corresponds to this tree: 432
Queries corresponds to this tree: 24
Queries corresponds to this tree: 48
Queries corresponds to this tree: 792
Queries corresponds to this tree: 45936
Queries corresponds to this tree: 12
Queries corresponds to this tree: 24
Queries corresponds to this tree: 15
Queries corresponds to this tree: 1584
Queries corresponds to this tree: 960
Queries corresponds to this tree: 3
Queries corresponds to this tree: 72
Queries corresponds to this tree: 72
Queries corresponds to this tree: 2304
Queries corresponds to this tree: 720
Queries corresponds to this tree: 120
Queries corresponds to this tree: 720
Queries corresponds to this tree: 31680
Queries corresponds to this tree: 30
Queries corresponds to this tree: 18
Queries corresponds to this tree: 72
Queries corresponds to this tree: 96
Queries corresponds to this tree: 3072
Queries corresponds to this tree: 240
Queries corresponds to this tree: 576
Queries corresponds to this tree: 144
Queries corresponds to this tree: 72
Queries corresponds to this tree: 48
Queries corresponds to this tree: 1560
Queries corresponds to this tree: 216
Queries corresponds to this tree: 96
Queries corresponds to this tree: 3072
Queries corresponds to this tree: 3744
Queries corresponds to this tree: 24
Queries corresponds to this tree: 24
Queries corresponds to this tree: 312
Queries corresponds to this tree: 384
Queries corresponds to this tree: 192
Queries corresponds to this tree: 11136
Queries corresponds to this tree: 288
Queries corresponds to this tree: 222
Queries corresponds to this tree: 7104
Queries corresponds to this tree: 12
Queries corresponds to this tree: 30
Queries corresponds to this tree: 24
Queries corresponds to this tree: 240
Queries corresponds to this tree: 576
Queries corresponds to this tree: 8
Queries corresponds to this tree: 24
Queries corresponds to this tree: 42
Queries corresponds to this tree: 88
Queries corresponds to this tree: 2816
Queries corresponds to this tree: 8
Queries corresponds to this tree: 16
Queries corresponds to this tree: 576
Queries corresponds to this tree: 222
Queries corresponds to this tree: 7104
Queries corresponds to this tree: 240
Queries corresponds to this tree: 12
Queries corresponds to this tree: 30
Queries corresponds to this tree: 24
Queries corresponds to this tree: 864
Queries corresponds to this tree: 6
Queries corresponds to this tree: 22
Queries corresponds to this tree: 20
Queries corresponds to this tree: 48
Queries corresponds to this tree: 48
Queries corresponds to this tree: 12
Queries corresponds to this tree: 4
Queries corresponds to this tree: 8
Queries corresponds to this tree: 8
Queries corresponds to this tree: 96
Queries corresponds to this tree: 8
Queries corresponds to this tree: 8
Queries corresponds to this tree: 32
Queries corresponds to this tree: 1408
Queries corresponds to this tree: 16
Queries corresponds to this tree: 256
Queries corresponds to this tree: 384
Queries corresponds to this tree: 160
Queries corresponds to this tree: 20
Queries corresponds to this tree: 12
Queries corresponds to this tree: 96
Queries corresponds to this tree: 96
Queries corresponds to this tree: 32
Queries corresponds to this tree: 16
Queries corresponds to this tree: 512
Queries corresponds to this tree: 16
Queries corresponds to this tree: 512
Queries corresponds to this tree: 4
Queries corresponds to this tree: 108
Queries corresponds to this tree: 24
Queries corresponds to this tree: 4
Queries corresponds to this tree: 4
Queries corresponds to this tree: 110
Queries corresponds to this tree: 4
Queries corresponds to this tree: 24
Queries corresponds to this tree: 12
Queries corresponds to this tree: 4
Queries corresponds to this tree: 8
Queries corresponds to this tree: 8
Queries corresponds to this tree: 96
Queries corresponds to this tree: 96
Queries corresponds to this tree: 8
Queries corresponds to this tree: 256
Queries corresponds to this tree: 8
Queries corresponds to this tree: 256
Queries corresponds to this tree: 32
Queries corresponds to this tree: 16
Queries corresponds to this tree: 512
Queries corresponds to this tree: 64
Queries corresponds to this tree: 96
Queries corresponds to this tree: 256
Queries corresponds to this tree: 14336
Queries corresponds to this tree: 8
Queries corresponds to this tree: 16
Queries corresponds to this tree: 96
Queries corresponds to this tree: 10
Queries corresponds to this tree: 6
Queries corresponds to this tree: 8
Queries corresponds to this tree: 8
Queries corresponds to this tree: 80
Queries corresponds to this tree: 10
Queries corresponds to this tree: 6
Queries corresponds to this tree: 48
Queries corresponds to this tree: 8
Queries corresponds to this tree: 256
Queries corresponds to this tree: 8
Queries corresponds to this tree: 256
Queries corresponds to this tree: 48
Queries corresponds to this tree: 48
Queries corresponds to this tree: 256
Queries corresponds to this tree: 14336
Queries corresponds to this tree: 20
Queries corresponds to this tree: 12
Queries corresponds to this tree: 640
Queries corresponds to this tree: 96
Queries corresponds to this tree: 32
Queries corresponds to this tree: 16
Queries corresponds to this tree: 1408
Queries corresponds to this tree: 16
Queries corresponds to this tree: 8
Queries corresponds to this tree: 16
Queries corresponds to this tree: 96
Queries corresponds to this tree: 336
Queries corresponds to this tree: 768
Queries corresponds to this tree: 36
Queries corresponds to this tree: 40
Queries corresponds to this tree: 2
Queries corresponds to this tree: 2
Queries corresponds to this tree: 2
Queries corresponds to this tree: 36
Queries corresponds to this tree: 45
Queries corresponds to this tree: 3
Queries corresponds to this tree: 36
Queries corresponds to this tree: 108
Queries corresponds to this tree: 4
Queries corresponds to this tree: 4
Queries corresponds to this tree: 27
Queries corresponds to this tree: 9
Queries corresponds to this tree: 9
Queries corresponds to this tree: 4
Queries corresponds to this tree: 4
Queries corresponds to this tree: 27
Queries corresponds to this tree: 24
Queries corresponds to this tree: 90
Queries corresponds to this tree: 24
Queries corresponds to this tree: 6
Queries corresponds to this tree: 48
Queries corresponds to this tree: 3
Queries corresponds to this tree: 3
Queries corresponds to this tree: 6
Queries corresponds to this tree: 4
Queries corresponds to this tree: 8
Queries corresponds to this tree: 8
Queries corresponds to this tree: 24
Queries corresponds to this tree: 4
Queries corresponds to this tree: 4
Queries corresponds to this tree: 42
Queries corresponds to this tree: 8
Queries corresponds to this tree: 8
Queries corresponds to this tree: 8
Queries corresponds to this tree: 1408
Queries corresponds to this tree: 352
Queries corresponds to this tree: 528
Queries corresponds to this tree: 352
Queries corresponds to this tree: 440
Queries corresponds to this tree: 1056
Queries corresponds to this tree: 11088
Queries corresponds to this tree: 4
Queries corresponds to this tree: 512
Queries corresponds to this tree: 128
Queries corresponds to this tree: 192
Queries corresponds to this tree: 128
Queries corresponds to this tree: 160
Queries corresponds to this tree: 384
Queries corresponds to this tree: 4032
Queries corresponds to this tree: 4
Queries corresponds to this tree: 64
Queries corresponds to this tree: 8
Queries corresponds to this tree: 176
Queries corresponds to this tree: 48
Queries corresponds to this tree: 16
Queries corresponds to this tree: 176
Queries corresponds to this tree: 32
Queries corresponds to this tree: 48
Queries corresponds to this tree: 16
Queries corresponds to this tree: 16
Queries corresponds to this tree: 512
Queries corresponds to this tree: 16
Queries corresponds to this tree: 512
Queries corresponds to this tree: 128
Queries corresponds to this tree: 64
Queries corresponds to this tree: 2048
Queries corresponds to this tree: 64
Queries corresponds to this tree: 2048
Queries corresponds to this tree: 96
Queries corresponds to this tree: 4224
Queries corresponds to this tree: 8
Queries corresponds to this tree: 8
Queries corresponds to this tree: 8
Queries corresponds to this tree: 192
Queries corresponds to this tree: 16
Queries corresponds to this tree: 16
Queries corresponds to this tree: 16
Queries corresponds to this tree: 1248
Queries corresponds to this tree: 8
Queries corresponds to this tree: 8
Queries corresponds to this tree: 256
Queries corresponds to this tree: 8
Queries corresponds to this tree: 256
Queries corresponds to this tree: 64
Queries corresponds to this tree: 96
Queries corresponds to this tree: 4224
Queries corresponds to this tree: 2
Queries corresponds to this tree: 4
Queries corresponds to this tree: 4
Queries corresponds to this tree: 128
Queries corresponds to this tree: 48
Queries corresponds to this tree: 4896
Queries corresponds to this tree: 4
Queries corresponds to this tree: 4
Queries corresponds to this tree: 128
Queries corresponds to this tree: 32
Queries corresponds to this tree: 2
Queries corresponds to this tree: 2464
Queries corresponds to this tree: 432
Queries corresponds to this tree: 648
Queries corresponds to this tree: 2
Queries corresponds to this tree: 64
Queries corresponds to this tree: 1
Queries corresponds to this tree: 2
Queries corresponds to this tree: 70
Queries corresponds to this tree: 33
Queries corresponds to this tree: 10
Queries corresponds to this tree: 8
Queries corresponds to this tree: 26352
Queries corresponds to this tree: 1080
Queries corresponds to this tree: 648
Queries corresponds to this tree: 2592
Queries corresponds to this tree: 3456
Queries corresponds to this tree: 2592
Queries corresponds to this tree: 7776
Queries corresponds to this tree: 3456
Queries corresponds to this tree: 792
Queries corresponds to this tree: 36
Queries corresponds to this tree: 72
Queries corresponds to this tree: 432
Queries corresponds to this tree: 324
Queries corresponds to this tree: 36
Queries corresponds to this tree: 72
Queries corresponds to this tree: 864
Queries corresponds to this tree: 864
Queries corresponds to this tree: 22464
Queries corresponds to this tree: 216
Queries corresponds to this tree: 216
Queries corresponds to this tree: 28512
Queries corresponds to this tree: 1296
Queries corresponds to this tree: 1296
Queries corresponds to this tree: 1296
Queries corresponds to this tree: 1296
Queries corresponds to this tree: 2592
Queries corresponds to this tree: 2592
Queries corresponds to this tree: 432
Queries corresponds to this tree: 108
Queries corresponds to this tree: 324
Queries corresponds to this tree: 36
Queries corresponds to this tree: 72
Queries corresponds to this tree: 26352
Queries corresponds to this tree: 1080
Queries corresponds to this tree: 648
Queries corresponds to this tree: 2592
Queries corresponds to this tree: 3456
Queries corresponds to this tree: 2592
Queries corresponds to this tree: 7776
Queries corresponds to this tree: 3456
Queries corresponds to this tree: 7992
Queries corresponds to this tree: 432
Queries corresponds to this tree: 1080
Queries corresponds to this tree: 864
Queries corresponds to this tree: 792
Queries corresponds to this tree: 36
Queries corresponds to this tree: 72
Queries corresponds to this tree: 432
Queries corresponds to this tree: 324
Queries corresponds to this tree: 7992
Queries corresponds to this tree: 432
Queries corresponds to this tree: 1080
Queries corresponds to this tree: 864
Queries corresponds to this tree: 864
Queries corresponds to this tree: 864
Queries corresponds to this tree: 11232
Queries corresponds to this tree: 6912
Queries corresponds to this tree: 72
Queries corresponds to this tree: 72
Queries corresponds to this tree: 576
Queries corresponds to this tree: 16704
Queries corresponds to this tree: 72
Queries corresponds to this tree: 72
Queries corresponds to this tree: 180
Queries corresponds to this tree: 576
Queries corresponds to this tree: 432
Queries corresponds to this tree: 792
Queries corresponds to this tree: 72
Queries corresponds to this tree: 144
Queries corresponds to this tree: 6480
Queries corresponds to this tree: 270
Queries corresponds to this tree: 162
Queries corresponds to this tree: 648
Queries corresponds to this tree: 864
Queries corresponds to this tree: 648
Queries corresponds to this tree: 1944
Queries corresponds to this tree: 864
Queries corresponds to this tree: 180
Queries corresponds to this tree: 576
Queries corresponds to this tree: 432
Queries corresponds to this tree: 27
Queries corresponds to this tree: 27
Queries corresponds to this tree: 216
Queries corresponds to this tree: 216
Queries corresponds to this tree: 5616
Queries corresponds to this tree: 324
Queries corresponds to this tree: 324
Queries corresponds to this tree: 324
Queries corresponds to this tree: 324
Queries corresponds to this tree: 7128
Queries corresponds to this tree: 108
Queries corresponds to this tree: 135
Queries corresponds to this tree: 27
Queries corresponds to this tree: 648
Queries corresponds to this tree: 648
Queries corresponds to this tree: 6480
Queries corresponds to this tree: 270
Queries corresponds to this tree: 162
Queries corresponds to this tree: 648
Queries corresponds to this tree: 864
Queries corresponds to this tree: 648
Queries corresponds to this tree: 1944
Queries corresponds to this tree: 864
Queries corresponds to this tree: 216
Queries corresponds to this tree: 216
Queries corresponds to this tree: 2808
Queries corresponds to this tree: 1728
Queries corresponds to this tree: 1998
Queries corresponds to this tree: 108
Queries corresponds to this tree: 270
Queries corresponds to this tree: 216
Queries corresponds to this tree: 792
Queries corresponds to this tree: 72
Queries corresponds to this tree: 144
Queries corresponds to this tree: 1998
Queries corresponds to this tree: 108
Queries corresponds to this tree: 270
Queries corresponds to this tree: 216
Queries corresponds to this tree: 180
Queries corresponds to this tree: 432
Queries corresponds to this tree: 432
Queries corresponds to this tree: 108
Queries corresponds to this tree: 36
Queries corresponds to this tree: 72
Queries corresponds to this tree: 72
Queries corresponds to this tree: 72
Queries corresponds to this tree: 72
Queries corresponds to this tree: 144
Queries corresponds to this tree: 180
Queries corresponds to this tree: 108
Queries corresponds to this tree: 144
Queries corresponds to this tree: 144
Queries corresponds to this tree: 108
Queries corresponds to this tree: 36
Queries corresponds to this tree: 72
Queries corresponds to this tree: 72
Queries corresponds to this tree: 72
Queries corresponds to this tree: 72
Queries corresponds to this tree: 144
Queries corresponds to this tree: 2304
Queries corresponds to this tree: 72
Queries corresponds to this tree: 144
Queries corresponds to this tree: 864
Queries corresponds to this tree: 90
Queries corresponds to this tree: 54
Queries corresponds to this tree: 72
Queries corresponds to this tree: 72
Queries corresponds to this tree: 90
Queries corresponds to this tree: 54
Queries corresponds to this tree: 72
Queries corresponds to this tree: 72
Queries corresponds to this tree: 432
Queries corresponds to this tree: 432
Queries corresponds to this tree: 2304
Queries corresponds to this tree: 180
Queries corresponds to this tree: 108
Queries corresponds to this tree: 144
Queries corresponds to this tree: 144
Queries corresponds to this tree: 72
Queries corresponds to this tree: 144
Queries corresponds to this tree: 864
Queries corresponds to this tree: 72
Queries corresponds to this tree: 72
Queries corresponds to this tree: 1584
Queries corresponds to this tree: 36
Queries corresponds to this tree: 576
Queries corresponds to this tree: 36
Queries corresponds to this tree: 576
Queries corresponds to this tree: 72
Queries corresponds to this tree: 1584
Queries corresponds to this tree: 144
Queries corresponds to this tree: 144
Queries corresponds to this tree: 144
Queries corresponds to this tree: 576
Queries corresponds to this tree: 576
Queries corresponds to this tree: 864
Queries corresponds to this tree: 72
Queries corresponds to this tree: 72
Queries corresponds to this tree: 72
Queries corresponds to this tree: 144
Queries corresponds to this tree: 144
Queries corresponds to this tree: 144
Queries corresponds to this tree: 72
Queries corresponds to this tree: 72
Queries corresponds to this tree: 72
Queries corresponds to this tree: 864
Queries corresponds to this tree: 18
Queries corresponds to this tree: 36
Queries corresponds to this tree: 36
Queries corresponds to this tree: 36
Queries corresponds to this tree: 36
Queries corresponds to this tree: 18
Queries corresponds to this tree: 18
Queries corresponds to this tree: 5184
Queries corresponds to this tree: 648
Queries corresponds to this tree: 648
Queries corresponds to this tree: 324
Queries corresponds to this tree: 324
Queries corresponds to this tree: 648
Queries corresponds to this tree: 5832
Queries corresponds to this tree: 72
Queries corresponds to this tree: 72
Queries corresponds to this tree: 72
Queries corresponds to this tree: 144
Queries corresponds to this tree: 72
Queries corresponds to this tree: 144
Queries corresponds to this tree: 432
Queries corresponds to this tree: 288
Queries corresponds to this tree: 288
Queries corresponds to this tree: 432
Queries corresponds to this tree: 144
Queries corresponds to this tree: 72
Queries corresponds to this tree: 144
Queries corresponds to this tree: 864
Queries corresponds to this tree: 54
Queries corresponds to this tree: 108
Queries corresponds to this tree: 108
Queries corresponds to this tree: 72
Queries corresponds to this tree: 216
Queries corresponds to this tree: 864
Queries corresponds to this tree: 135
Queries corresponds to this tree: 216
Queries corresponds to this tree: 144
Queries corresponds to this tree: 3888
Queries corresponds to this tree: 3888
Queries corresponds to this tree: 101088
Queries corresponds to this tree: 1944
Queries corresponds to this tree: 1944
Queries corresponds to this tree: 182736
Queries corresponds to this tree: 7776
Queries corresponds to this tree: 7776
Queries corresponds to this tree: 7776
Queries corresponds to this tree: 7776
Queries corresponds to this tree: 15552
Queries corresponds to this tree: 15552
Queries corresponds to this tree: 3888
Queries corresponds to this tree: 972
Queries corresponds to this tree: 2916
Queries corresponds to this tree: 180
Queries corresponds to this tree: 72
Queries corresponds to this tree: 72
Queries corresponds to this tree: 144
Queries corresponds to this tree: 72
Queries corresponds to this tree: 144
Queries corresponds to this tree: 180
Queries corresponds to this tree: 144
Queries corresponds to this tree: 72
Queries corresponds to this tree: 216
Queries corresponds to this tree: 864
Queries corresponds to this tree: 54
Queries corresponds to this tree: 108
Queries corresponds to this tree: 108
Queries corresponds to this tree: 144
Queries corresponds to this tree: 180
Queries corresponds to this tree: 144
Queries corresponds to this tree: 108
Queries corresponds to this tree: 54
Queries corresponds to this tree: 108
Queries corresponds to this tree: 180
Queries corresponds to this tree: 72
Queries corresponds to this tree: 72
Queries corresponds to this tree: 864
Queries corresponds to this tree: 135
Queries corresponds to this tree: 216
Queries corresponds to this tree: 108
Queries corresponds to this tree: 54
Queries corresponds to this tree: 108
Queries corresponds to this tree: 180
Queries corresponds to this tree: 54
Queries corresponds to this tree: 18
Queries corresponds to this tree: 576
Queries corresponds to this tree: 576
Queries corresponds to this tree: 144
Queries corresponds to this tree: 144
Queries corresponds to this tree: 144
Queries corresponds to this tree: 144
Queries corresponds to this tree: 28
Queries corresponds to this tree: 8
Queries corresponds to this tree: 36
Queries corresponds to this tree: 4860
Queries corresponds to this tree: 36
Queries corresponds to this tree: 144
Queries corresponds to this tree: 144
Queries corresponds to this tree: 36
Queries corresponds to this tree: 576
Queries corresponds to this tree: 144
Queries corresponds to this tree: 702
Queries corresponds to this tree: 576
Queries corresponds to this tree: 24
Queries corresponds to this tree: 372
Queries corresponds to this tree: 240
Queries corresponds to this tree: 96
Queries corresponds to this tree: 24
Queries corresponds to this tree: 24
Queries corresponds to this tree: 96
Queries corresponds to this tree: 1728
Queries corresponds to this tree: 24
Queries corresponds to this tree: 96
Queries corresponds to this tree: 324
Queries corresponds to this tree: 24
Queries corresponds to this tree: 10
Queries corresponds to this tree: 33
Queries corresponds to this tree: 1
Queries corresponds to this tree: 70
Queries corresponds to this tree: 2
Queries corresponds to this tree: 80
Queries corresponds to this tree: 2
Queries corresponds to this tree: 4
Queries corresponds to this tree: 11
Queries corresponds to this tree: 39
Queries corresponds to this tree: 8
Queries corresponds to this tree: 256
Queries corresponds to this tree: 680
Queries corresponds to this tree: 8
Queries corresponds to this tree: 1672
Queries corresponds to this tree: 8
Queries corresponds to this tree: 256
Queries corresponds to this tree: 16
Queries corresponds to this tree: 96
Queries corresponds to this tree: 3520
Queries corresponds to this tree: 8
Queries corresponds to this tree: 256
Queries corresponds to this tree: 16
Queries corresponds to this tree: 128
Queries corresponds to this tree: 2
Queries corresponds to this tree: 4
Queries corresponds to this tree: 32
Queries corresponds to this tree: 2
Queries corresponds to this tree: 12
Queries corresponds to this tree: 48
Queries corresponds to this tree: 192
Queries corresponds to this tree: 384
Queries corresponds to this tree: 32
Queries corresponds to this tree: 32
Queries corresponds to this tree: 1024
Queries corresponds to this tree: 48
Queries corresponds to this tree: 2
Queries corresponds to this tree: 4
Queries corresponds to this tree: 8
Queries corresponds to this tree: 2
Queries corresponds to this tree: 48
Queries corresponds to this tree: 16
Queries corresponds to this tree: 176
Queries corresponds to this tree: 32
Queries corresponds to this tree: 48
Queries corresponds to this tree: 80
Queries corresponds to this tree: 48
Queries corresponds to this tree: 16
Queries corresponds to this tree: 80
Queries corresponds to this tree: 9
Queries corresponds to this tree: 27
Queries corresponds to this tree: 48
Queries corresponds to this tree: 8
Queries corresponds to this tree: 16
Queries corresponds to this tree: 512
Queries corresponds to this tree: 8
Queries corresponds to this tree: 16
Queries corresponds to this tree: 192
Queries corresponds to this tree: 96
Queries corresponds to this tree: 6
Queries corresponds to this tree: 12
Queries corresponds to this tree: 12
Queries corresponds to this tree: 384
Queries corresponds to this tree: 144
Queries corresponds to this tree: 768
Queries corresponds to this tree: 8
Queries corresponds to this tree: 24
Queries corresponds to this tree: 96
Queries corresponds to this tree: 15
Queries corresponds to this tree: 24
Queries corresponds to this tree: 16
Queries corresponds to this tree: 432
Queries corresponds to this tree: 432
Queries corresponds to this tree: 11232
Queries corresponds to this tree: 216
Queries corresponds to this tree: 216
Queries corresponds to this tree: 20304
Queries corresponds to this tree: 1177632
Queries corresponds to this tree: 15552
Queries corresponds to this tree: 864
Queries corresponds to this tree: 27648
Queries corresponds to this tree: 864
Queries corresponds to this tree: 864
Queries corresponds to this tree: 27648
Queries corresponds to this tree: 864
Queries corresponds to this tree: 1728
Queries corresponds to this tree: 55296
Queries corresponds to this tree: 1728
Queries corresponds to this tree: 1728
Queries corresponds to this tree: 2592
Queries corresponds to this tree: 432
Queries corresponds to this tree: 108
Queries corresponds to this tree: 324
Queries corresponds to this tree: 2592
Queries corresponds to this tree: 10368
Queries corresponds to this tree: 864
Queries corresponds to this tree: 52272
Queries corresponds to this tree: 20736
Queries corresponds to this tree: 20
Queries corresponds to this tree: 160
Queries corresponds to this tree: 8
Queries corresponds to this tree: 256
Queries corresponds to this tree: 8
Queries corresponds to this tree: 256
Queries corresponds to this tree: 16
Queries corresponds to this tree: 512
Queries corresponds to this tree: 8
Queries corresponds to this tree: 16
Queries corresponds to this tree: 192
Queries corresponds to this tree: 20
Queries corresponds to this tree: 16
Queries corresponds to this tree: 8
Queries corresponds to this tree: 256
Queries corresponds to this tree: 24
Queries corresponds to this tree: 768
Queries corresponds to this tree: 48
Queries corresponds to this tree: 27
Queries corresponds to this tree: 9
Queries corresponds to this tree: 96
Queries corresponds to this tree: 6
Queries corresponds to this tree: 12
Queries corresponds to this tree: 12
Queries corresponds to this tree: 16
Queries corresponds to this tree: 128
Queries corresponds to this tree: 160
Queries corresponds to this tree: 20
Queries corresponds to this tree: 16
Queries corresponds to this tree: 512
Queries corresponds to this tree: 4160
Queries corresponds to this tree: 12
Queries corresponds to this tree: 384
Queries corresponds to this tree: 6
Queries corresponds to this tree: 12
Queries corresponds to this tree: 144
Queries corresponds to this tree: 20
Queries corresponds to this tree: 8
Queries corresponds to this tree: 8
Queries corresponds to this tree: 96
Queries corresponds to this tree: 15
Queries corresponds to this tree: 768
Queries corresponds to this tree: 24
Queries corresponds to this tree: 768
Queries corresponds to this tree: 120
Queries corresponds to this tree: 12
Queries corresponds to this tree: 384
Queries corresponds to this tree: 6
Queries corresponds to this tree: 12
Queries corresponds to this tree: 144
Queries corresponds to this tree: 2200
Queries corresponds to this tree: 400
Queries corresponds to this tree: 600
Queries corresponds to this tree: 2
Queries corresponds to this tree: 12
Queries corresponds to this tree: 375
Queries corresponds to this tree: 12
Queries corresponds to this tree: 54
Queries corresponds to this tree: 12
Queries corresponds to this tree: 3
Queries corresponds to this tree: 3
Queries corresponds to this tree: 48
Queries corresponds to this tree: 48
Queries corresponds to this tree: 3
Queries corresponds to this tree: 2
Queries corresponds to this tree: 18
Queries corresponds to this tree: 20
Queries corresponds to this tree: 36
Queries corresponds to this tree: 36
Queries corresponds to this tree: 40
Queries corresponds to this tree: 180
Queries corresponds to this tree: 48
Queries corresponds to this tree: 48
Queries corresponds to this tree: 18
Queries corresponds to this tree: 3
Queries corresponds to this tree: 3
Queries corresponds to this tree: 18
Queries corresponds to this tree: 261
Queries corresponds to this tree: 3
Queries corresponds to this tree: 18
Queries corresponds to this tree: 54
Queries corresponds to this tree: 4
Queries corresponds to this tree: 6
Queries corresponds to this tree: 750
Queries corresponds to this tree: 6
Queries corresponds to this tree: 36
Queries corresponds to this tree: 36
Queries corresponds to this tree: 6
Queries corresponds to this tree: 120
Queries corresponds to this tree: 36
Queries corresponds to this tree: 72
Queries corresponds to this tree: 120
Queries corresponds to this tree: 90
Queries corresponds to this tree: 24
Queries corresponds to this tree: 24
Queries corresponds to this tree: 90
Queries corresponds to this tree: 72
Queries corresponds to this tree: 6
Queries corresponds to this tree: 3
Queries corresponds to this tree: 45
Queries corresponds to this tree: 36
Queries corresponds to this tree: 4
Queries corresponds to this tree: 18
Queries corresponds to this tree: 540
Queries corresponds to this tree: 162
Queries corresponds to this tree: 6
Queries corresponds to this tree: 24
Queries corresponds to this tree: 24
Queries corresponds to this tree: 6
Queries corresponds to this tree: 6
Queries corresponds to this tree: 24
Queries corresponds to this tree: 20
Queries corresponds to this tree: 6
Queries corresponds to this tree: 2
Queries corresponds to this tree: 4
Queries corresponds to this tree: 2
Queries corresponds to this tree: 2
Queries corresponds to this tree: 4
Queries corresponds to this tree: 8
Queries corresponds to this tree: 3
Queries corresponds to this tree: 6
Queries corresponds to this tree: 4860
Queries corresponds to this tree: 36
Queries corresponds to this tree: 576
Queries corresponds to this tree: 144
Queries corresponds to this tree: 144
Queries corresponds to this tree: 36
Queries corresponds to this tree: 702
Queries corresponds to this tree: 144
Queries corresponds to this tree: 576
Queries corresponds to this tree: 36
Queries corresponds to this tree: 4
Queries corresponds to this tree: 4
Queries corresponds to this tree: 2
Queries corresponds to this tree: 48
Queries corresponds to this tree: 6
Queries corresponds to this tree: 3
Queries corresponds to this tree: 64
Queries corresponds to this tree: 96
Queries corresponds to this tree: 512
Queries corresponds to this tree: 352
Queries corresponds to this tree: 352
Queries corresponds to this tree: 64
Queries corresponds to this tree: 16
Queries corresponds to this tree: 512
Queries corresponds to this tree: 16
Queries corresponds to this tree: 512
Queries corresponds to this tree: 16
Queries corresponds to this tree: 16
Queries corresponds to this tree: 6
Queries corresponds to this tree: 6
Queries corresponds to this tree: 6
Queries corresponds to this tree: 6
Total Tree Count: 1022
Total Query Count: 3301110
[Enumeration Finished] Table number: 0
[[Synthesizer finished]] time: 00:02:54:648
