================
[[Synthesizer start]] data/015
[Enumerator Type] CanonicalTableEnumeratorOnTheFly
[Initialize Enumeration]
  Parameterized Table Number: 0
[Enumeration Start]
[Stage 1] EnumFilterNamed: 
	Queries generated: 1
	Tables generated: 1
	Total Table by now: 1
[Stage 2] EnumAggregationNode: 
	Queries generated: 0
	Tables generated: 0
	Total Table by now: 1
[Stage 3] EnumJoin1 
	Queries generated: 36
	Tables generated: 18
	Total Table by now: 19
[Stage 4] EnumJoin2 
	Queries generated: 3114
	Tables generated: 1203
	Total Table by now: 1204
[Runner up Table Count] 0
[Enumeration Finished] Does not find a query in the search space.
[[Synthesizer finished]] time: 00:00:07:984
