================
[[Synthesizer start]] data/016
[Enumerator Type] CanonicalTableEnumeratorOnTheFly
[Initialize Enumeration]
  Parameterized Table Number: 0
[Enumeration Start]
[Stage 1] EnumFilterNamed: 
	Queries generated: 4
	Tables generated: 1
	Total Table by now: 1
[Stage 2] EnumAggregationNode: 
	Queries generated: 23
	Tables generated: 10
	Total Table by now: 11
[Stage 3] EnumJoin1 
	Queries generated: 554
	Tables generated: 394
	Total Table by now: 405
[Stage 4] EnumJoin2 
	Queries generated: 124121
	Tables generated: 49865
	Total Table by now: 49876
[Runner up Table Count] 0
[Enumeration Finished] Does not find a query in the search space.
[[Synthesizer finished]] time: 00:02:35:299
