================
[[Synthesizer start]] data/019
[Enumerator Type] CanonicalTableEnumeratorOnTheFly
[Initialize Enumeration]
  Parameterized Table Number: 11
[Enumeration Start]
[Stage 1] EnumFilterNamed: 
	Queries generated: 23
	Tables generated: 4
	Total Table by now: 4
[Stage 2] EnumAggregationNode: 
	Queries generated: 16
	Tables generated: 11
	Total Table by now: 15
[Stage 3] EnumJoin1 
	Queries generated: 2685
	Tables generated: 446
	Total Table by now: 461
[Stage 4] EnumJoin2 
	Queries generated: 345218
	Tables generated: 34133
	Total Table by now: 34148
[Runner up Table Count] 120
[Consistent Table number] 120
Queries corresponds to this tree: 1
Total Tree Count: 1
Total Query Count: 1
[Enumeration Finished] Table number: 0
[[Synthesizer finished]] time: 00:09:14:576
