================
[[Synthesizer start]] data/023
[Enumerator Type] CanonicalTableEnumeratorOnTheFly
[Initialize Enumeration]
  Parameterized Table Number: 0
[Enumeration Start]
[Stage 1] EnumFilterNamed: 
	Queries generated: 46
	Tables generated: 2
	Total Table by now: 2
[Stage 2] EnumAggregationNode: 
	Queries generated: 32
	Tables generated: 14
	Total Table by now: 16
[Stage 3] EnumJoin1 
	Queries generated: 888
	Tables generated: 96
	Total Table by now: 112
[Stage 4] EnumJoin2 
	Queries generated: 34260
	Tables generated: 4186
	Total Table by now: 4202
[Runner up Table Count] 9
[Consistent Table number] 9
Queries corresponds to this tree: 3
Queries corresponds to this tree: 2
Queries corresponds to this tree: 1
Queries corresponds to this tree: 2
Total Tree Count: 4
Total Query Count: 8
[Enumeration Finished] Table number: 0
[[Synthesizer finished]] time: 00:00:36:35
