================
[[Synthesizer start]] data/025
[Enumerator Type] CanonicalTableEnumeratorOnTheFly
[Initialize Enumeration]
  Parameterized Table Number: 0
[Enumeration Start]
[Stage 1] EnumFilterNamed: 
	Queries generated: 1
	Tables generated: 2
	Total Table by now: 2
[Stage 2] EnumAggregationNode: 
	Queries generated: 2
	Tables generated: 2
	Total Table by now: 4
[Stage 3] EnumJoin1 
	Queries generated: 288
	Tables generated: 137
	Total Table by now: 141
[Stage 4] EnumJoin2 
	Queries generated: 47142
	Tables generated: 15069
	Total Table by now: 15073
[Runner up Table Count] 0
[Enumeration Finished] Does not find a query in the search space.
[[Synthesizer finished]] time: 00:01:06:265
