================
[[Synthesizer start]] data/032
[Enumerator Type] CanonicalTableEnumeratorOnTheFly
[Initialize Enumeration]
  Parameterized Table Number: 0
[Enumeration Start]
[Stage 1] EnumFilterNamed: 
	Queries generated: 6
	Tables generated: 6
	Total Table by now: 6
[Stage 2] EnumAggregationNode: 
	Queries generated: 11
	Tables generated: 11
	Total Table by now: 17
[Stage 3] EnumJoin1 
	Queries generated: 348
	Tables generated: 163
	Total Table by now: 180
[Stage 4] EnumJoin2 
	Queries generated: 13373
	Tables generated: 3638
	Total Table by now: 3655
[Runner up Table Count] 2
[Consistent Table number] 2
Queries corresponds to this tree: 2
Total Tree Count: 1
Total Query Count: 2
[Enumeration Finished] Table number: 0
[[Synthesizer finished]] time: 00:00:18:658
