================
[[Synthesizer start]] data/033
[Enumerator Type] CanonicalTableEnumeratorOnTheFly
[Initialize Enumeration]
  Parameterized Table Number: 0
[Enumeration Start]
[Stage 1] EnumFilterNamed: 
	Queries generated: 6
	Tables generated: 6
	Total Table by now: 6
[Stage 2] EnumAggregationNode: 
	Queries generated: 8
	Tables generated: 8
	Total Table by now: 14
[Stage 3] EnumJoin1 
	Queries generated: 288
	Tables generated: 135
	Total Table by now: 149
[Stage 4] EnumJoin2 
	Queries generated: 10701
	Tables generated: 3142
	Total Table by now: 3156
[Runner up Table Count] 97
[Consistent Table number] 98
Queries corresponds to this tree: 4
Queries corresponds to this tree: 1
Queries corresponds to this tree: 1
Queries corresponds to this tree: 6
Queries corresponds to this tree: 12
Queries corresponds to this tree: 2
Queries corresponds to this tree: 4
Queries corresponds to this tree: 2
Queries corresponds to this tree: 4
Queries corresponds to this tree: 4
Queries corresponds to this tree: 12
Queries corresponds to this tree: 8
Queries corresponds to this tree: 4
Queries corresponds to this tree: 4
Queries corresponds to this tree: 1
Queries corresponds to this tree: 1
Queries corresponds to this tree: 1
Queries corresponds to this tree: 10
Queries corresponds to this tree: 7
Queries corresponds to this tree: 1
Queries corresponds to this tree: 1
Queries corresponds to this tree: 2
Queries corresponds to this tree: 2
Queries corresponds to this tree: 1
Queries corresponds to this tree: 4
Queries corresponds to this tree: 4
Queries corresponds to this tree: 8
Queries corresponds to this tree: 4
Queries corresponds to this tree: 10
Queries corresponds to this tree: 12
Queries corresponds to this tree: 2
Queries corresponds to this tree: 4
Queries corresponds to this tree: 4
Queries corresponds to this tree: 3
Queries corresponds to this tree: 1
Queries corresponds to this tree: 2
Queries corresponds to this tree: 4
Queries corresponds to this tree: 4
Queries corresponds to this tree: 16
Queries corresponds to this tree: 4
Queries corresponds to this tree: 4
Queries corresponds to this tree: 1
Queries corresponds to this tree: 4
Queries corresponds to this tree: 1
Queries corresponds to this tree: 5
Queries corresponds to this tree: 1
Queries corresponds to this tree: 5
Queries corresponds to this tree: 2
Queries corresponds to this tree: 9
Queries corresponds to this tree: 1
Queries corresponds to this tree: 6
Queries corresponds to this tree: 6
Queries corresponds to this tree: 36
Queries corresponds to this tree: 6
Queries corresponds to this tree: 12
Queries corresponds to this tree: 4
Queries corresponds to this tree: 8
Queries corresponds to this tree: 20
Queries corresponds to this tree: 4
Queries corresponds to this tree: 6
Queries corresponds to this tree: 2
Queries corresponds to this tree: 2
Queries corresponds to this tree: 12
Queries corresponds to this tree: 4
Queries corresponds to this tree: 4
Queries corresponds to this tree: 4
Queries corresponds to this tree: 10
Queries corresponds to this tree: 1
Queries corresponds to this tree: 4
Queries corresponds to this tree: 2
Queries corresponds to this tree: 2
Queries corresponds to this tree: 4
Queries corresponds to this tree: 6
Queries corresponds to this tree: 3
Queries corresponds to this tree: 2
Queries corresponds to this tree: 1
Queries corresponds to this tree: 8
Queries corresponds to this tree: 2
Queries corresponds to this tree: 4
Queries corresponds to this tree: 2
Queries corresponds to this tree: 4
Queries corresponds to this tree: 2
Queries corresponds to this tree: 4
Queries corresponds to this tree: 8
Queries corresponds to this tree: 4
Queries corresponds to this tree: 2
Queries corresponds to this tree: 2
Queries corresponds to this tree: 4
Queries corresponds to this tree: 4
Queries corresponds to this tree: 8
Queries corresponds to this tree: 2
Queries corresponds to this tree: 4
Queries corresponds to this tree: 1
Queries corresponds to this tree: 1
Queries corresponds to this tree: 1
Queries corresponds to this tree: 1
Queries corresponds to this tree: 4
Queries corresponds to this tree: 4
Queries corresponds to this tree: 12
Queries corresponds to this tree: 2
Queries corresponds to this tree: 2
Queries corresponds to this tree: 2
Queries corresponds to this tree: 4
Queries corresponds to this tree: 1
Queries corresponds to this tree: 1
Queries corresponds to this tree: 6
Queries corresponds to this tree: 2
Queries corresponds to this tree: 2
Queries corresponds to this tree: 6
Queries corresponds to this tree: 4
Queries corresponds to this tree: 8
Queries corresponds to this tree: 8
Queries corresponds to this tree: 4
Queries corresponds to this tree: 4
Queries corresponds to this tree: 2
Queries corresponds to this tree: 4
Queries corresponds to this tree: 1
Queries corresponds to this tree: 1
Queries corresponds to this tree: 4
Queries corresponds to this tree: 2
Total Tree Count: 120
Total Query Count: 543
[Enumeration Finished] Table number: 0
[[Synthesizer finished]] time: 00:00:15:685
