================
[[Synthesizer start]] data/037
[Enumerator Type] CanonicalTableEnumeratorOnTheFly
[Initialize Enumeration]
  Parameterized Table Number: 0
[Enumeration Start]
[Stage 1] EnumFilterNamed: 
	Queries generated: 6
	Tables generated: 1
	Total Table by now: 1
[Stage 2] EnumAggregationNode: 
	Queries generated: 1
	Tables generated: 1
	Total Table by now: 2
[Stage 3] EnumJoin1 
	Queries generated: 48
	Tables generated: 13
	Total Table by now: 15
[Stage 4] EnumJoin2 
	Queries generated: 1103
	Tables generated: 204
	Total Table by now: 206
[Runner up Table Count] 0
[Enumeration Finished] Does not find a query in the search space.
[[Synthesizer finished]] time: 00:00:05:501
