================
[[Synthesizer start]] data/042
[Enumerator Type] CanonicalTableEnumeratorOnTheFly
[Initialize Enumeration]
  Parameterized Table Number: 0
[Enumeration Start]
[Stage 1] EnumFilterNamed: 
	Queries generated: 406
	Tables generated: 4
	Total Table by now: 4
[Stage 2] EnumAggregationNode: 
	Queries generated: 0
	Tables generated: 0
	Total Table by now: 4
[Stage 3] EnumJoin1 
	Queries generated: 3214
	Tables generated: 92
	Total Table by now: 96
[Stage 4] EnumJoin2 
	Queries generated: 285774
	Tables generated: 5180
	Total Table by now: 5184
[Runner up Table Count] 0
[Enumeration Finished] Does not find a query in the search space.
[[Synthesizer finished]] time: 00:03:29:815
