================
[[Synthesizer start]] data/044
[Enumerator Type] CanonicalTableEnumeratorOnTheFly
[Initialize Enumeration]
  Parameterized Table Number: 0
[Enumeration Start]
[Stage 1] EnumFilterNamed: 
	Queries generated: 36
	Tables generated: 1
	Total Table by now: 1
[Stage 2] EnumAggregationNode: 
	Queries generated: 5
	Tables generated: 5
	Total Table by now: 6
[Stage 3] EnumJoin1 
	Queries generated: 1076
	Tables generated: 218
	Total Table by now: 224
[Stage 4] EnumJoin2 
	Queries generated: 230564
	Tables generated: 29998
	Total Table by now: 30004
[Runner up Table Count] 3
[Consistent Table number] 3
Queries corresponds to this tree: 32
Queries corresponds to this tree: 12
Queries corresponds to this tree: 360
Queries corresponds to this tree: 54
Queries corresponds to this tree: 270
Queries corresponds to this tree: 54
Queries corresponds to this tree: 720
Queries corresponds to this tree: 90
Queries corresponds to this tree: 360
Queries corresponds to this tree: 7632
Total Tree Count: 10
Total Query Count: 9584
[Enumeration Finished] Table number: 0
[[Synthesizer finished]] time: 00:07:49:83
