================
[[Synthesizer start]] data/045
[Enumerator Type] CanonicalTableEnumeratorOnTheFly
[Initialize Enumeration]
  Parameterized Table Number: 0
[Enumeration Start]
[Stage 1] EnumFilterNamed: 
	Queries generated: 6
	Tables generated: 6
	Total Table by now: 6
[Stage 2] EnumAggregationNode: 
	Queries generated: 8
	Tables generated: 5
	Total Table by now: 10
[Stage 3] EnumJoin1 
	Queries generated: 120
	Tables generated: 90
	Total Table by now: 100
[Stage 4] EnumJoin2 
	Queries generated: 5430
	Tables generated: 1959
	Total Table by now: 1969
[Runner up Table Count] 0
[Enumeration Finished] Does not find a query in the search space.
[[Synthesizer finished]] time: 00:00:08:201
