================
[[Synthesizer start]] data/052
[Enumerator Type] CanonicalTableEnumeratorOnTheFly
[Initialize Enumeration]
  Parameterized Table Number: 0
[Enumeration Start]
[Stage 1] EnumFilterNamed: 
	Queries generated: 406
	Tables generated: 3
	Total Table by now: 3
[Stage 2] EnumAggregationNode: 
	Queries generated: 20
	Tables generated: 19
	Total Table by now: 22
[Stage 3] EnumJoin1 
	Queries generated: 7525
	Tables generated: 455
	Total Table by now: 477
[Stage 4] EnumJoin2 
	Queries generated: 1299195
	Tables generated: 34274
	Total Table by now: 34296
[Runner up Table Count] 2
[Consistent Table number] 2
Queries corresponds to this tree: 63
Queries corresponds to this tree: 30
Queries corresponds to this tree: 105
Total Tree Count: 3
Total Query Count: 198
[Enumeration Finished] Table number: 0
[[Synthesizer finished]] time: 00:14:17:338
