================
[[Synthesizer start]] data/054
[Enumerator Type] CanonicalTableEnumeratorOnTheFly
[Initialize Enumeration]
  Parameterized Table Number: 0
[Enumeration Start]
[Stage 1] EnumFilterNamed: 
	Queries generated: 25
	Tables generated: 2
	Total Table by now: 2
[Stage 2] EnumAggregationNode: 
	Queries generated: 2
	Tables generated: 2
	Total Table by now: 4
[Stage 3] EnumJoin1 
	Queries generated: 123
	Tables generated: 16
	Total Table by now: 20
[Stage 4] EnumJoin2 
	Queries generated: 2301
	Tables generated: 112
	Total Table by now: 116
[Runner up Table Count] 0
[Enumeration Finished] Does not find a query in the search space.
[[Synthesizer finished]] time: 00:00:04:590
