================
[[Synthesizer start]] data/057
[Enumerator Type] CanonicalTableEnumeratorOnTheFly
[Initialize Enumeration]
  Parameterized Table Number: 0
[Enumeration Start]
[Stage 1] EnumFilterNamed: 
	Queries generated: 1
	Tables generated: 1
	Total Table by now: 1
[Stage 2] EnumAggregationNode: 
	Queries generated: 2
	Tables generated: 2
	Total Table by now: 3
[Stage 3] EnumJoin1 
	Queries generated: 60
	Tables generated: 19
	Total Table by now: 22
[Stage 4] EnumJoin2 
	Queries generated: 1469
	Tables generated: 370
	Total Table by now: 373
[Runner up Table Count] 0
[Enumeration Finished] Does not find a query in the search space.
[[Synthesizer finished]] time: 00:00:15:454
