================
[[Synthesizer start]] data/058
[Enumerator Type] CanonicalTableEnumeratorOnTheFly
[Initialize Enumeration]
  Parameterized Table Number: 0
[Enumeration Start]
[Stage 1] EnumFilterNamed: 
	Queries generated: 1
	Tables generated: 1
	Total Table by now: 1
[Stage 2] EnumAggregationNode: 
	Queries generated: 1
	Tables generated: 1
	Total Table by now: 2
[Stage 3] EnumJoin1 
	Queries generated: 24
	Tables generated: 19
	Total Table by now: 21
[Stage 4] EnumJoin2 
	Queries generated: 1145
	Tables generated: 354
	Total Table by now: 356
[Runner up Table Count] 0
[Enumeration Finished] Does not find a query in the search space.
[[Synthesizer finished]] time: 00:00:09:482
