================
[[Synthesizer start]] data/001
[Enumerator Type] CanonicalTableEnumeratorOnTheFly
[Initialize Enumeration]
  Parameterized Table Number: 0
[Enumeration Start]
[Stage 1] EnumFilterNamed: 
	Queries generated: 36
	Tables generated: 6
	Total Table by now: 6
[Stage 2] EnumAggregationNode: 
	Queries generated: 35
	Tables generated: 9
	Total Table by now: 15
[Stage 3] EnumJoin1 
	Queries generated: 2286
	Tables generated: 286
	Total Table by now: 301
We have 1000 tables now; Avg size: 58.965
We have 2000 tables now; Avg size: 64.795
We have 3000 tables now; Avg size: 89.65166666666667
We have 4000 tables now; Avg size: 95.88625
We have 5000 tables now; Avg size: 90.2338
We have 6000 tables now; Avg size: 88.71783333333333
We have 7000 tables now; Avg size: 91.58128571428571
We have 8000 tables now; Avg size: 93.655125
We have 9000 tables now; Avg size: 93.47777777777777
We have 10000 tables now; Avg size: 93.0008
We have 11000 tables now; Avg size: 93.57827272727273
We have 12000 tables now; Avg size: 94.51075
We have 13000 tables now; Avg size: 94.558
We have 14000 tables now; Avg size: 96.09857142857143
We have 15000 tables now; Avg size: 96.22026666666666
We have 16000 tables now; Avg size: 98.3529375
We have 17000 tables now; Avg size: 97.56776470588235
We have 18000 tables now; Avg size: 97.60416666666667
We have 19000 tables now; Avg size: 98.85652631578948
We have 20000 tables now; Avg size: 98.1683
We have 21000 tables now; Avg size: 98.90185714285714
[Stage 4] EnumJoin2 
	Queries generated: 217169
	Tables generated: 21175
	Total Table by now: 21190
[Runner up Table Count] 10
[Consistent Table number] 10
Queries corresponds to this tree: 64
Queries corresponds to this tree: 16
Queries corresponds to this tree: 96
Queries corresponds to this tree: 48
Queries corresponds to this tree: 24
Queries corresponds to this tree: 96
Queries corresponds to this tree: 48
Queries corresponds to this tree: 24
Queries corresponds to this tree: 16
Queries corresponds to this tree: 72
Queries corresponds to this tree: 72
Queries corresponds to this tree: 2088
Queries corresponds to this tree: 72
Queries corresponds to this tree: 72
Queries corresponds to this tree: 96
Queries corresponds to this tree: 48
Queries corresponds to this tree: 24
Total Tree Count: 17
Total Query Count: 2976
[Enumeration Finished]
[[Synthesizer finished]] time: 00:14:07:679
