================
[[Synthesizer start]] data/002
[Enumerator Type] CanonicalTableEnumeratorOnTheFly
[Initialize Enumeration]
  Parameterized Table Number: 0
[Enumeration Start]
[Stage 1] EnumFilterNamed: 
	Queries generated: 91
	Tables generated: 3
	Total Table by now: 3
[Stage 2] EnumAggregationNode: 
	Queries generated: 48
	Tables generated: 21
	Total Table by now: 24
[Stage 3] EnumJoin1 
	Queries generated: 2614
	Tables generated: 538
	Total Table by now: 562
We have 1000 tables now; Avg size: 291.656
We have 2000 tables now; Avg size: 515.1185
We have 3000 tables now; Avg size: 473.385
We have 4000 tables now; Avg size: 420.6995
We have 5000 tables now; Avg size: 398.2794
We have 6000 tables now; Avg size: 441.09383333333335
We have 7000 tables now; Avg size: 587.2852857142857
We have 8000 tables now; Avg size: 600.079625
We have 9000 tables now; Avg size: 589.1355555555556
We have 10000 tables now; Avg size: 580.8768
We have 11000 tables now; Avg size: 598.3687272727273
We have 12000 tables now; Avg size: 590.242
We have 13000 tables now; Avg size: 599.0635384615384
We have 14000 tables now; Avg size: 584.4072857142858
We have 15000 tables now; Avg size: 572.2169333333334
We have 16000 tables now; Avg size: 599.07525
We have 17000 tables now; Avg size: 619.1516470588235
We have 18000 tables now; Avg size: 602.9575
We have 19000 tables now; Avg size: 596.5095789473684
We have 20000 tables now; Avg size: 602.31925
We have 21000 tables now; Avg size: 595.3175238095238
We have 22000 tables now; Avg size: 583.9307272727273
We have 23000 tables now; Avg size: 583.8544782608695
We have 24000 tables now; Avg size: 576.4117083333333
We have 25000 tables now; Avg size: 581.74416
We have 26000 tables now; Avg size: 572.1413846153846
We have 27000 tables now; Avg size: 587.4648888888889
We have 28000 tables now; Avg size: 589.7205
We have 29000 tables now; Avg size: 591.8979655172413
We have 30000 tables now; Avg size: 604.8175333333334
We have 31000 tables now; Avg size: 626.2684516129033
We have 32000 tables now; Avg size: 632.08853125
We have 33000 tables now; Avg size: 625.3051818181818
We have 34000 tables now; Avg size: 622.6489411764705
We have 35000 tables now; Avg size: 641.4044
We have 36000 tables now; Avg size: 632.3006944444444
We have 37000 tables now; Avg size: 636.897972972973
We have 38000 tables now; Avg size: 631.6688684210526
We have 39000 tables now; Avg size: 633.3935384615385
We have 40000 tables now; Avg size: 628.856075
We have 41000 tables now; Avg size: 627.0142195121952
We have 42000 tables now; Avg size: 623.2672380952381
We have 43000 tables now; Avg size: 619.0711395348837
We have 44000 tables now; Avg size: 630.2313409090909
We have 45000 tables now; Avg size: 628.1654
We have 46000 tables now; Avg size: 632.7706304347826
We have 47000 tables now; Avg size: 632.4128510638297
We have 48000 tables now; Avg size: 630.9985
We have 49000 tables now; Avg size: 626.8380612244898
We have 50000 tables now; Avg size: 625.2564
We have 51000 tables now; Avg size: 620.8980196078431
