================
[[Synthesizer start]] data/003
[Enumerator Type] CanonicalTableEnumeratorOnTheFly
[Initialize Enumeration]
  Parameterized Table Number: 0
[Enumeration Start]
[Stage 1] EnumFilterNamed: 
	Queries generated: 59
	Tables generated: 1
	Total Table by now: 1
[Stage 2] EnumAggregationNode: 
	Queries generated: 3
	Tables generated: 3
	Total Table by now: 4
[Stage 3] EnumJoin1 
	Queries generated: 383
	Tables generated: 41
	Total Table by now: 45
We have 1000 tables now; Avg size: 427.589
We have 2000 tables now; Avg size: 518.5855
[Stage 4] EnumJoin2 
	Queries generated: 35950
	Tables generated: 2285
	Total Table by now: 2289
[Runner up Table Count] 0
[Enumeration Finished] Does not find a query in the search space.
[[Synthesizer finished]] time: 00:01:31:747
