================
[[Synthesizer start]] data/005
[Enumerator Type] CanonicalTableEnumeratorOnTheFly
[Initialize Enumeration]
  Parameterized Table Number: 0
[Enumeration Start]
[Stage 1] EnumFilterNamed: 
	Queries generated: 4
	Tables generated: 1
	Total Table by now: 1
[Stage 2] EnumAggregationNode: 
	Queries generated: 2
	Tables generated: 2
	Total Table by now: 3
[Stage 3] EnumJoin1 
	Queries generated: 59
	Tables generated: 21
	Total Table by now: 24
[Stage 4] EnumJoin2 
	Queries generated: 2781
	Tables generated: 497
	Total Table by now: 500
[Runner up Table Count] 2
[Consistent Table number] 2
Queries corresponds to this tree: 12
Queries corresponds to this tree: 1404
Queries corresponds to this tree: 216
Queries corresponds to this tree: 36
Queries corresponds to this tree: 108
Queries corresponds to this tree: 180
Total Tree Count: 6
Total Query Count: 1956
[Enumeration Finished]
[[Synthesizer finished]] time: 00:00:08:110
