================
[[Synthesizer start]] data/006
[Enumerator Type] CanonicalTableEnumeratorOnTheFly
[Initialize Enumeration]
  Parameterized Table Number: 0
[Enumeration Start]
[Stage 1] EnumFilterNamed: 
	Queries generated: 59
	Tables generated: 1
	Total Table by now: 1
[Stage 2] EnumAggregationNode: 
	Queries generated: 431
	Tables generated: 39
	Total Table by now: 40
[Stage 3] EnumJoin1 
	Queries generated: 6669
	Tables generated: 672
	Total Table by now: 712
We have 1000 tables now; Avg size: 153.911
We have 2000 tables now; Avg size: 244.9955
We have 3000 tables now; Avg size: 273.932
We have 4000 tables now; Avg size: 339.211
We have 5000 tables now; Avg size: 380.8374
We have 6000 tables now; Avg size: 393.12916666666666
We have 7000 tables now; Avg size: 392.728
We have 8000 tables now; Avg size: 386.30375
We have 9000 tables now; Avg size: 377.65555555555557
We have 10000 tables now; Avg size: 365.5671
We have 11000 tables now; Avg size: 352.2804545454545
We have 12000 tables now; Avg size: 353.08433333333335
We have 13000 tables now; Avg size: 351.98253846153847
We have 14000 tables now; Avg size: 357.95678571428573
We have 15000 tables now; Avg size: 363.3301333333333
We have 16000 tables now; Avg size: 365.8248125
We have 17000 tables now; Avg size: 369.7839411764706
We have 18000 tables now; Avg size: 370.1508333333333
We have 19000 tables now; Avg size: 369.9683157894737
We have 20000 tables now; Avg size: 363.87585
We have 21000 tables now; Avg size: 366.5190476190476
We have 22000 tables now; Avg size: 366.3098181818182
We have 23000 tables now; Avg size: 368.8888695652174
We have 24000 tables now; Avg size: 367.91954166666665
We have 25000 tables now; Avg size: 369.79508
We have 26000 tables now; Avg size: 370.79223076923074
We have 27000 tables now; Avg size: 371.683
We have 28000 tables now; Avg size: 375.2233214285714
We have 29000 tables now; Avg size: 376.2842068965517
We have 30000 tables now; Avg size: 378.111
We have 31000 tables now; Avg size: 380.6223225806452
We have 32000 tables now; Avg size: 385.19765625
We have 33000 tables now; Avg size: 391.2001212121212
We have 34000 tables now; Avg size: 392.37523529411766
We have 35000 tables now; Avg size: 390.1156857142857
We have 36000 tables now; Avg size: 392.1619166666667
We have 37000 tables now; Avg size: 394.0417837837838
We have 38000 tables now; Avg size: 396.00334210526313
We have 39000 tables now; Avg size: 397.99558974358973
We have 40000 tables now; Avg size: 402.486825
We have 41000 tables now; Avg size: 400.2140487804878
We have 42000 tables now; Avg size: 400.00040476190475
[Stage 4] EnumJoin2 
	Queries generated: 706495
	Tables generated: 42318
	Total Table by now: 42358
[Runner up Table Count] 0
[Enumeration Finished] Does not find a query in the search space.
[[Synthesizer finished]] time: 02:44:51:885
