================
[[Synthesizer start]] data/008
[Enumerator Type] CanonicalTableEnumeratorOnTheFly
[Initialize Enumeration]
  Parameterized Table Number: 0
[Enumeration Start]
[Stage 1] EnumFilterNamed: 
	Queries generated: 536
	Tables generated: 4
	Total Table by now: 4
[Stage 2] EnumAggregationNode: 
	Queries generated: 1212
	Tables generated: 131
	Total Table by now: 135
We have 1000 tables now; Avg size: 46.311
We have 2000 tables now; Avg size: 50.29
[Stage 3] EnumJoin1 
	Queries generated: 70735
	Tables generated: 2515
	Total Table by now: 2650
We have 3000 tables now; Avg size: 69.65366666666667
We have 4000 tables now; Avg size: 93.32525
We have 5000 tables now; Avg size: 108.718
We have 6000 tables now; Avg size: 129.4735
We have 7000 tables now; Avg size: 137.29128571428572
We have 8000 tables now; Avg size: 139.62775
We have 9000 tables now; Avg size: 150.803
We have 10000 tables now; Avg size: 169.4959
We have 11000 tables now; Avg size: 167.09436363636362
We have 12000 tables now; Avg size: 166.68991666666668
We have 13000 tables now; Avg size: 169.89615384615385
We have 14000 tables now; Avg size: 170.8275
We have 15000 tables now; Avg size: 175.90046666666666
We have 16000 tables now; Avg size: 175.491
We have 17000 tables now; Avg size: 175.7144117647059
We have 18000 tables now; Avg size: 177.021
We have 19000 tables now; Avg size: 175.83573684210526
We have 20000 tables now; Avg size: 174.1575
We have 21000 tables now; Avg size: 173.91080952380952
We have 22000 tables now; Avg size: 173.554
We have 23000 tables now; Avg size: 173.254
We have 24000 tables now; Avg size: 173.8335
We have 25000 tables now; Avg size: 172.87652
We have 26000 tables now; Avg size: 172.16442307692307
We have 27000 tables now; Avg size: 172.361
We have 28000 tables now; Avg size: 171.48557142857143
We have 29000 tables now; Avg size: 172.39058620689656
We have 30000 tables now; Avg size: 172.66903333333335
We have 31000 tables now; Avg size: 172.86345161290322
We have 32000 tables now; Avg size: 173.76584375
We have 33000 tables now; Avg size: 172.85536363636365
We have 34000 tables now; Avg size: 174.41723529411766
We have 35000 tables now; Avg size: 175.70908571428572
We have 36000 tables now; Avg size: 175.94880555555557
We have 37000 tables now; Avg size: 176.972
We have 38000 tables now; Avg size: 177.45097368421054
We have 39000 tables now; Avg size: 178.12758974358974
We have 40000 tables now; Avg size: 181.791925
We have 41000 tables now; Avg size: 184.04726829268293
We have 42000 tables now; Avg size: 185.5335238095238
We have 43000 tables now; Avg size: 186.86181395348837
We have 44000 tables now; Avg size: 187.93431818181818
We have 45000 tables now; Avg size: 187.42417777777777
We have 46000 tables now; Avg size: 187.18965217391303
We have 47000 tables now; Avg size: 187.34968085106382
We have 48000 tables now; Avg size: 187.3186875
We have 49000 tables now; Avg size: 187.45585714285716
We have 50000 tables now; Avg size: 188.49678
We have 51000 tables now; Avg size: 189.85035294117648
We have 52000 tables now; Avg size: 190.42528846153846
We have 53000 tables now; Avg size: 190.98949056603774
We have 54000 tables now; Avg size: 191.95296296296297
We have 55000 tables now; Avg size: 192.30254545454545
We have 56000 tables now; Avg size: 192.08860714285714
We have 57000 tables now; Avg size: 192.4595789473684
We have 58000 tables now; Avg size: 193.18743103448276
We have 59000 tables now; Avg size: 194.19586440677966
We have 60000 tables now; Avg size: 195.56805
We have 61000 tables now; Avg size: 196.79624590163934
We have 62000 tables now; Avg size: 196.88320967741936
We have 63000 tables now; Avg size: 196.8995873015873
We have 64000 tables now; Avg size: 198.025875
We have 65000 tables now; Avg size: 198.2375846153846
We have 66000 tables now; Avg size: 198.37562121212122
We have 67000 tables now; Avg size: 198.5848208955224
We have 68000 tables now; Avg size: 198.18158823529413
We have 69000 tables now; Avg size: 198.22334782608695
We have 70000 tables now; Avg size: 198.07492857142856
We have 71000 tables now; Avg size: 197.93181690140844
We have 72000 tables now; Avg size: 198.516
We have 73000 tables now; Avg size: 198.32132876712328
We have 74000 tables now; Avg size: 198.07224324324324
We have 75000 tables now; Avg size: 199.7926
We have 76000 tables now; Avg size: 199.8469342105263
We have 77000 tables now; Avg size: 201.54728571428572
We have 78000 tables now; Avg size: 201.53511538461538
We have 79000 tables now; Avg size: 203.18567088607594
We have 80000 tables now; Avg size: 203.3616
We have 81000 tables now; Avg size: 203.93416049382716
We have 82000 tables now; Avg size: 204.51760975609756
We have 83000 tables now; Avg size: 205.02348192771083
We have 84000 tables now; Avg size: 206.6825
We have 85000 tables now; Avg size: 206.3685411764706
We have 86000 tables now; Avg size: 206.01241860465117
We have 87000 tables now; Avg size: 206.9505632183908
We have 88000 tables now; Avg size: 206.924875
We have 89000 tables now; Avg size: 207.90570786516855
We have 90000 tables now; Avg size: 207.96194444444444
We have 91000 tables now; Avg size: 208.53532967032967
We have 92000 tables now; Avg size: 208.35147826086956
We have 93000 tables now; Avg size: 209.3855053763441
We have 94000 tables now; Avg size: 209.1622765957447
We have 95000 tables now; Avg size: 210.14371578947367
We have 96000 tables now; Avg size: 210.489375
We have 97000 tables now; Avg size: 210.76516494845362
We have 98000 tables now; Avg size: 210.49610204081634
We have 99000 tables now; Avg size: 210.19733333333335
We have 100000 tables now; Avg size: 210.3698
We have 101000 tables now; Avg size: 210.15634653465347
We have 102000 tables now; Avg size: 211.19948039215686
We have 103000 tables now; Avg size: 211.48223300970875
We have 104000 tables now; Avg size: 211.43916346153847
We have 105000 tables now; Avg size: 212.33620952380952
We have 106000 tables now; Avg size: 213.5541320754717
We have 107000 tables now; Avg size: 214.39333644859812
We have 108000 tables now; Avg size: 214.45281481481481
We have 109000 tables now; Avg size: 215.10860550458716
We have 110000 tables now; Avg size: 215.9564090909091
We have 111000 tables now; Avg size: 215.8763963963964
We have 112000 tables now; Avg size: 216.11791071428573
We have 113000 tables now; Avg size: 216.40688495575222
