================
[[Synthesizer start]] data/009
[Enumerator Type] CanonicalTableEnumeratorOnTheFly
[Initialize Enumeration]
  Parameterized Table Number: 0
[Enumeration Start]
[Stage 1] EnumFilterNamed: 
	Queries generated: 36
	Tables generated: 3
	Total Table by now: 3
[Stage 2] EnumAggregationNode: 
	Queries generated: 30
	Tables generated: 9
	Total Table by now: 12
[Stage 3] EnumJoin1 
	Queries generated: 1575
	Tables generated: 327
	Total Table by now: 339
We have 1000 tables now; Avg size: 259.216
We have 2000 tables now; Avg size: 286.56
We have 3000 tables now; Avg size: 341.164
We have 4000 tables now; Avg size: 382.01325
We have 5000 tables now; Avg size: 403.4274
We have 6000 tables now; Avg size: 429.9215
We have 7000 tables now; Avg size: 552.7708571428572
We have 8000 tables now; Avg size: 561.17275
We have 9000 tables now; Avg size: 556.246
We have 10000 tables now; Avg size: 533.1645
We have 11000 tables now; Avg size: 526.0193636363637
We have 12000 tables now; Avg size: 556.6411666666667
We have 13000 tables now; Avg size: 590.0003076923077
We have 14000 tables now; Avg size: 652.5409285714286
We have 15000 tables now; Avg size: 649.3908666666666
We have 16000 tables now; Avg size: 723.7066875
We have 17000 tables now; Avg size: 724.849705882353
We have 18000 tables now; Avg size: 717.9117777777777
We have 19000 tables now; Avg size: 742.147947368421
We have 20000 tables now; Avg size: 725.9335
We have 21000 tables now; Avg size: 727.8729523809524
We have 22000 tables now; Avg size: 718.2324545454545
We have 23000 tables now; Avg size: 706.4365652173913
We have 24000 tables now; Avg size: 699.176875
We have 25000 tables now; Avg size: 686.73768
We have 26000 tables now; Avg size: 687.9101153846154
We have 27000 tables now; Avg size: 697.8631481481482
We have 28000 tables now; Avg size: 692.0175
We have 29000 tables now; Avg size: 691.908275862069
We have 30000 tables now; Avg size: 698.2592333333333
We have 31000 tables now; Avg size: 697.4923225806451
We have 32000 tables now; Avg size: 698.00059375
We have 33000 tables now; Avg size: 693.8506060606061
We have 34000 tables now; Avg size: 687.5561764705882
We have 35000 tables now; Avg size: 687.3559428571428
We have 36000 tables now; Avg size: 682.3218611111112
We have 37000 tables now; Avg size: 675.2178918918919
We have 38000 tables now; Avg size: 675.7549473684211
We have 39000 tables now; Avg size: 669.4980256410256
We have 40000 tables now; Avg size: 665.77525
We have 41000 tables now; Avg size: 668.1360975609756
We have 42000 tables now; Avg size: 670.702238095238
