================
[[Synthesizer start]] data/011
[Enumerator Type] CanonicalTableEnumeratorOnTheFly
[Initialize Enumeration]
  Parameterized Table Number: 0
[Enumeration Start]
[Stage 1] EnumFilterNamed: 
	Queries generated: 406
	Tables generated: 1
	Total Table by now: 1
[Stage 2] EnumAggregationNode: 
	Queries generated: 43
	Tables generated: 18
	Total Table by now: 19
[Stage 3] EnumJoin1 
	Queries generated: 4765
	Tables generated: 418
	Total Table by now: 437
We have 1000 tables now; Avg size: 210.869
We have 2000 tables now; Avg size: 278.534
We have 3000 tables now; Avg size: 347.509
We have 4000 tables now; Avg size: 361.96975
We have 5000 tables now; Avg size: 389.6804
We have 6000 tables now; Avg size: 419.71116666666666
We have 7000 tables now; Avg size: 418.071
We have 8000 tables now; Avg size: 443.313375
We have 9000 tables now; Avg size: 459.46233333333333
We have 10000 tables now; Avg size: 463.5397
We have 11000 tables now; Avg size: 479.09345454545456
We have 12000 tables now; Avg size: 480.93
We have 13000 tables now; Avg size: 475.3582307692308
We have 14000 tables now; Avg size: 464.73157142857144
We have 15000 tables now; Avg size: 447.12946666666664
We have 16000 tables now; Avg size: 446.952625
We have 17000 tables now; Avg size: 449.9174705882353
We have 18000 tables now; Avg size: 453.54372222222224
We have 19000 tables now; Avg size: 454.71268421052633
We have 20000 tables now; Avg size: 462.759
We have 21000 tables now; Avg size: 458.54414285714284
We have 22000 tables now; Avg size: 449.5721363636364
We have 23000 tables now; Avg size: 460.8949565217391
We have 24000 tables now; Avg size: 475.5965
We have 25000 tables now; Avg size: 481.6548
We have 26000 tables now; Avg size: 489.46792307692306
We have 27000 tables now; Avg size: 514.6558148148148
We have 28000 tables now; Avg size: 507.77135714285714
We have 29000 tables now; Avg size: 503.38724137931035
We have 30000 tables now; Avg size: 514.7667666666666
We have 31000 tables now; Avg size: 511.1737741935484
We have 32000 tables now; Avg size: 504.79665625
We have 33000 tables now; Avg size: 499.65060606060604
We have 34000 tables now; Avg size: 495.9141470588235
We have 35000 tables now; Avg size: 490.5074
We have 36000 tables now; Avg size: 485.74230555555556
We have 37000 tables now; Avg size: 483.0693243243243
We have 38000 tables now; Avg size: 481.0973421052632
We have 39000 tables now; Avg size: 480.9908974358974
We have 40000 tables now; Avg size: 492.208175
We have 41000 tables now; Avg size: 501.22870731707314
We have 42000 tables now; Avg size: 501.17685714285716
We have 43000 tables now; Avg size: 500.99132558139536
We have 44000 tables now; Avg size: 501.3343863636364
We have 45000 tables now; Avg size: 501.0466
We have 46000 tables now; Avg size: 500.16415217391307
We have 47000 tables now; Avg size: 498.76912765957445
We have 48000 tables now; Avg size: 495.9714375
We have 49000 tables now; Avg size: 493.9451224489796
We have 50000 tables now; Avg size: 507.98762
We have 51000 tables now; Avg size: 518.0006078431372
We have 52000 tables now; Avg size: 512.1129423076923
We have 53000 tables now; Avg size: 511.5982830188679
We have 54000 tables now; Avg size: 509.5985925925926
We have 55000 tables now; Avg size: 508.2825090909091
We have 56000 tables now; Avg size: 507.4275892857143
We have 57000 tables now; Avg size: 505.5033157894737
We have 58000 tables now; Avg size: 504.73343103448275
We have 59000 tables now; Avg size: 507.8127288135593
We have 60000 tables now; Avg size: 506.3028
We have 61000 tables now; Avg size: 510.71783606557375
We have 62000 tables now; Avg size: 507.8182741935484
We have 63000 tables now; Avg size: 504.4445714285714
We have 64000 tables now; Avg size: 501.640640625
