================
[[Synthesizer start]] data/013
[Enumerator Type] CanonicalTableEnumeratorOnTheFly
[Initialize Enumeration]
  Parameterized Table Number: 106
[Enumeration Start]
[Stage 1] EnumFilterNamed: 
	Queries generated: 141
	Tables generated: 3
	Total Table by now: 3
[Stage 2] EnumAggregationNode: 
	Queries generated: 3
	Tables generated: 3
	Total Table by now: 6
[Stage 3] EnumJoin1 
	Queries generated: 5010
	Tables generated: 27
	Total Table by now: 33
[Stage 4] EnumJoin2 
	Queries generated: 131172
	Tables generated: 224
	Total Table by now: 230
[Runner up Table Count] 7
[Consistent Table number] 8
Queries corresponds to this tree: 15
Queries corresponds to this tree: 1335
Queries corresponds to this tree: 81
Queries corresponds to this tree: 5580
Queries corresponds to this tree: 72
Queries corresponds to this tree: 1290
Queries corresponds to this tree: 6966
Queries corresponds to this tree: 6192
Queries corresponds to this tree: 110940
Queries corresponds to this tree: 9540840
Queries corresponds to this tree: 443760
Queries corresponds to this tree: 5160
Queries corresponds to this tree: 619200
Queries corresponds to this tree: 5916456
Queries corresponds to this tree: 6188130
Queries corresponds to this tree: 131580
Queries corresponds to this tree: 131580
Queries corresponds to this tree: 526320
Queries corresponds to this tree: 4536
Queries corresponds to this tree: 1200
Queries corresponds to this tree: 3264
Queries corresponds to this tree: 7812
Queries corresponds to this tree: 49680
Queries corresponds to this tree: 23400
Queries corresponds to this tree: 3888
Queries corresponds to this tree: 60
Queries corresponds to this tree: 7200
Queries corresponds to this tree: 1238400
Queries corresponds to this tree: 86400
Queries corresponds to this tree: 5544
Queries corresponds to this tree: 2640
Queries corresponds to this tree: 1312
Queries corresponds to this tree: 65772
Queries corresponds to this tree: 1728
Queries corresponds to this tree: 68796
Queries corresponds to this tree: 71955
Queries corresponds to this tree: 17269200
Queries corresponds to this tree: 1530
Queries corresponds to this tree: 504900
Queries corresponds to this tree: 1530
Queries corresponds to this tree: 6120
Queries corresponds to this tree: 1230120
Total Tree Count: 42
Total Query Count: 44292484
[Enumeration Finished]
[[Synthesizer finished]] time: 00:02:52:77
