================
[[Synthesizer start]] data/014
[Enumerator Type] CanonicalTableEnumeratorOnTheFly
[Initialize Enumeration]
  Parameterized Table Number: 145
[Enumeration Start]
[Stage 1] EnumFilterNamed: 
	Queries generated: 1279
	Tables generated: 7
	Total Table by now: 7
[Stage 2] EnumAggregationNode: 
	Queries generated: 4541
	Tables generated: 23
	Total Table by now: 30
[Stage 3] EnumJoin1 
	Queries generated: 83947
	Tables generated: 892
	Total Table by now: 922
We have 1000 tables now; Avg size: 48.821
We have 2000 tables now; Avg size: 68.8065
We have 3000 tables now; Avg size: 97.892
We have 4000 tables now; Avg size: 111.3
We have 5000 tables now; Avg size: 117.5844
We have 6000 tables now; Avg size: 122.83616666666667
We have 7000 tables now; Avg size: 133.52114285714285
We have 8000 tables now; Avg size: 138.0795
We have 9000 tables now; Avg size: 136.779
We have 10000 tables now; Avg size: 146.3134
We have 11000 tables now; Avg size: 145.27672727272727
We have 12000 tables now; Avg size: 147.99825
We have 13000 tables now; Avg size: 155.93053846153848
We have 14000 tables now; Avg size: 155.809
We have 15000 tables now; Avg size: 155.02086666666668
We have 16000 tables now; Avg size: 151.737875
We have 17000 tables now; Avg size: 151.39470588235295
We have 18000 tables now; Avg size: 148.33988888888888
We have 19000 tables now; Avg size: 149.2828947368421
We have 20000 tables now; Avg size: 153.21095
We have 21000 tables now; Avg size: 152.62109523809525
We have 22000 tables now; Avg size: 154.42113636363635
We have 23000 tables now; Avg size: 155.55204347826086
We have 24000 tables now; Avg size: 157.34304166666666
We have 25000 tables now; Avg size: 157.02272
We have 26000 tables now; Avg size: 159.50842307692307
We have 27000 tables now; Avg size: 157.39292592592594
We have 28000 tables now; Avg size: 158.19571428571427
We have 29000 tables now; Avg size: 159.57734482758622
We have 30000 tables now; Avg size: 164.1473
We have 31000 tables now; Avg size: 165.62932258064515
We have 32000 tables now; Avg size: 164.4770625
We have 33000 tables now; Avg size: 164.26124242424243
We have 34000 tables now; Avg size: 163.53435294117648
We have 35000 tables now; Avg size: 163.3458
We have 36000 tables now; Avg size: 161.23744444444444
We have 37000 tables now; Avg size: 160.7863243243243
We have 38000 tables now; Avg size: 159.60584210526315
We have 39000 tables now; Avg size: 161.2991282051282
We have 40000 tables now; Avg size: 160.96565
We have 41000 tables now; Avg size: 161.73043902439025
We have 42000 tables now; Avg size: 163.00780952380953
We have 43000 tables now; Avg size: 162.88237209302326
We have 44000 tables now; Avg size: 163.15575
We have 45000 tables now; Avg size: 163.39933333333335
We have 46000 tables now; Avg size: 164.55002173913044
We have 47000 tables now; Avg size: 164.8398936170213
We have 48000 tables now; Avg size: 165.20925
We have 49000 tables now; Avg size: 164.92261224489795
We have 50000 tables now; Avg size: 164.22226
We have 51000 tables now; Avg size: 164.89049019607842
We have 52000 tables now; Avg size: 163.63971153846154
We have 53000 tables now; Avg size: 165.3475283018868
We have 54000 tables now; Avg size: 169.2582037037037
We have 55000 tables now; Avg size: 171.65123636363637
We have 56000 tables now; Avg size: 171.73158928571428
We have 57000 tables now; Avg size: 171.60559649122808
We have 58000 tables now; Avg size: 171.40996551724137
We have 59000 tables now; Avg size: 170.56430508474577
We have 60000 tables now; Avg size: 170.12625
We have 61000 tables now; Avg size: 170.99445901639345
We have 62000 tables now; Avg size: 171.55048387096775
We have 63000 tables now; Avg size: 171.69257142857143
We have 64000 tables now; Avg size: 171.894890625
We have 65000 tables now; Avg size: 173.31046153846154
We have 66000 tables now; Avg size: 174.19598484848484
We have 67000 tables now; Avg size: 176.4012089552239
We have 68000 tables now; Avg size: 175.64275
We have 69000 tables now; Avg size: 175.78469565217392
We have 70000 tables now; Avg size: 176.05714285714285
We have 71000 tables now; Avg size: 175.8967323943662
We have 72000 tables now; Avg size: 175.96968055555556
We have 73000 tables now; Avg size: 175.38957534246575
We have 74000 tables now; Avg size: 176.28410810810811
We have 75000 tables now; Avg size: 176.66622666666666
We have 76000 tables now; Avg size: 176.2503947368421
We have 77000 tables now; Avg size: 175.58305194805195
We have 78000 tables now; Avg size: 176.33346153846153
We have 79000 tables now; Avg size: 175.55412658227849
We have 80000 tables now; Avg size: 174.8453875
We have 81000 tables now; Avg size: 175.07960493827161
We have 82000 tables now; Avg size: 175.5631463414634
We have 83000 tables now; Avg size: 175.98530120481928
We have 84000 tables now; Avg size: 175.67705952380953
We have 85000 tables now; Avg size: 176.1618705882353
We have 86000 tables now; Avg size: 177.18101162790697
We have 87000 tables now; Avg size: 177.6832183908046
We have 88000 tables now; Avg size: 178.10729545454546
We have 89000 tables now; Avg size: 178.052797752809
We have 90000 tables now; Avg size: 177.92288888888888
We have 91000 tables now; Avg size: 177.96184615384615
We have 92000 tables now; Avg size: 178.37889130434783
We have 93000 tables now; Avg size: 178.1882258064516
We have 94000 tables now; Avg size: 178.07458510638298
We have 95000 tables now; Avg size: 178.65177894736843
We have 96000 tables now; Avg size: 179.54059375
We have 97000 tables now; Avg size: 179.7357525773196
We have 98000 tables now; Avg size: 181.07409183673468
We have 99000 tables now; Avg size: 182.33524242424244
We have 100000 tables now; Avg size: 182.31411
We have 101000 tables now; Avg size: 181.89167326732672
We have 102000 tables now; Avg size: 181.74942156862744
We have 103000 tables now; Avg size: 181.86917475728154
