================
[[Synthesizer start]] data/016
[Enumerator Type] CanonicalTableEnumeratorOnTheFly
[Initialize Enumeration]
  Parameterized Table Number: 0
[Enumeration Start]
[Stage 1] EnumFilterNamed: 
	Queries generated: 4
	Tables generated: 1
	Total Table by now: 1
[Stage 2] EnumAggregationNode: 
	Queries generated: 121
	Tables generated: 37
	Total Table by now: 38
[Stage 3] EnumJoin1 
	Queries generated: 1789
	Tables generated: 721
	Total Table by now: 759
We have 1000 tables now; Avg size: 72.772
We have 2000 tables now; Avg size: 121.9545
We have 3000 tables now; Avg size: 147.58966666666666
We have 4000 tables now; Avg size: 150.70425
We have 5000 tables now; Avg size: 175.6682
We have 6000 tables now; Avg size: 169.23883333333333
We have 7000 tables now; Avg size: 182.0037142857143
We have 8000 tables now; Avg size: 182.4245
We have 9000 tables now; Avg size: 180.47466666666668
We have 10000 tables now; Avg size: 182.5549
We have 11000 tables now; Avg size: 176.86581818181818
We have 12000 tables now; Avg size: 174.07641666666666
We have 13000 tables now; Avg size: 171.24046153846155
We have 14000 tables now; Avg size: 170.30642857142857
We have 15000 tables now; Avg size: 169.1556
We have 16000 tables now; Avg size: 168.7005625
We have 17000 tables now; Avg size: 166.71311764705882
We have 18000 tables now; Avg size: 174.9495
