================
[[Synthesizer start]] data/018
[Enumerator Type] CanonicalTableEnumeratorOnTheFly
[Initialize Enumeration]
  Parameterized Table Number: 295
[Enumeration Start]
[Stage 1] EnumFilterNamed: 
	Queries generated: 17347
	Tables generated: 7
	Total Table by now: 7
[Stage 2] EnumAggregationNode: 
	Queries generated: 4
	Tables generated: 4
	Total Table by now: 11
[Stage 3] EnumJoin1 
	Queries generated: 100538
	Tables generated: 172
	Total Table by now: 183
We have 1000 tables now; Avg size: 38.675
We have 2000 tables now; Avg size: 46.783
We have 3000 tables now; Avg size: 55.260666666666665
We have 4000 tables now; Avg size: 55.52575
We have 5000 tables now; Avg size: 56.447
We have 6000 tables now; Avg size: 55.883833333333335
We have 7000 tables now; Avg size: 57.709714285714284
We have 8000 tables now; Avg size: 59.8855
We have 9000 tables now; Avg size: 60.00511111111111
We have 10000 tables now; Avg size: 60.9781
[Stage 4] EnumJoin2 
	Queries generated: 8975952
	Tables generated: 10036
	Total Table by now: 10047
[Runner up Table Count] 45
[Consistent Table number] 46
Queries corresponds to this tree: 996
Queries corresponds to this tree: 1210
Queries corresponds to this tree: 42
Queries corresponds to this tree: 825
Queries corresponds to this tree: 14
Queries corresponds to this tree: 2262
Queries corresponds to this tree: 38
Queries corresponds to this tree: 6
Queries corresponds to this tree: 3
Queries corresponds to this tree: 1
Queries corresponds to this tree: 84
Queries corresponds to this tree: 3
Queries corresponds to this tree: 1368
Queries corresponds to this tree: 8544
Queries corresponds to this tree: 238260
Queries corresponds to this tree: 216
Queries corresponds to this tree: 252
Queries corresponds to this tree: 37224
Queries corresponds to this tree: 32616
Queries corresponds to this tree: 12924
Queries corresponds to this tree: 36
Queries corresponds to this tree: 57120
Queries corresponds to this tree: 535920
Queries corresponds to this tree: 528
Queries corresponds to this tree: 27864
Queries corresponds to this tree: 1944
Queries corresponds to this tree: 5172
Queries corresponds to this tree: 1301520
Queries corresponds to this tree: 1188
Queries corresponds to this tree: 7668
Queries corresponds to this tree: 416208
Queries corresponds to this tree: 360
Queries corresponds to this tree: 119280
Queries corresponds to this tree: 3120
Queries corresponds to this tree: 10080
Queries corresponds to this tree: 126240
Queries corresponds to this tree: 54288
Queries corresponds to this tree: 58
Queries corresponds to this tree: 2016
Queries corresponds to this tree: 114
Queries corresponds to this tree: 198
Queries corresponds to this tree: 9240
Queries corresponds to this tree: 18
Queries corresponds to this tree: 9
Queries corresponds to this tree: 1404
Queries corresponds to this tree: 1368
Queries corresponds to this tree: 297
Queries corresponds to this tree: 3
Queries corresponds to this tree: 840
Queries corresponds to this tree: 21576
Queries corresponds to this tree: 3
Queries corresponds to this tree: 114
Queries corresponds to this tree: 6
Queries corresponds to this tree: 9240
Queries corresponds to this tree: 27
Queries corresponds to this tree: 870
Queries corresponds to this tree: 16632
Queries corresponds to this tree: 2286
Queries corresponds to this tree: 6750
Queries corresponds to this tree: 279
Queries corresponds to this tree: 3
Queries corresponds to this tree: 93
Queries corresponds to this tree: 99
Queries corresponds to this tree: 5139360
Queries corresponds to this tree: 17280
Queries corresponds to this tree: 8640
Queries corresponds to this tree: 36120
Queries corresponds to this tree: 840
Queries corresponds to this tree: 420
Queries corresponds to this tree: 5160
Queries corresponds to this tree: 4608
Queries corresponds to this tree: 2856
Queries corresponds to this tree: 13440
Queries corresponds to this tree: 60
Queries corresponds to this tree: 42240
Queries corresponds to this tree: 60
Queries corresponds to this tree: 16560
Queries corresponds to this tree: 16560
Queries corresponds to this tree: 2100
Queries corresponds to this tree: 1841280
Queries corresponds to this tree: 2100
Queries corresponds to this tree: 693504
Queries corresponds to this tree: 16128
Queries corresponds to this tree: 4161024
Queries corresponds to this tree: 16128
Queries corresponds to this tree: 24
Queries corresponds to this tree: 24
Queries corresponds to this tree: 221880
Queries corresponds to this tree: 231168
Queries corresponds to this tree: 192
Queries corresponds to this tree: 18060
Queries corresponds to this tree: 840
Queries corresponds to this tree: 840
Queries corresponds to this tree: 1032
Queries corresponds to this tree: 24
Queries corresponds to this tree: 12
Queries corresponds to this tree: 61920
Queries corresponds to this tree: 264
Queries corresponds to this tree: 132
Queries corresponds to this tree: 484008
Queries corresponds to this tree: 3216
Queries corresponds to this tree: 1608
Queries corresponds to this tree: 720384
Queries corresponds to this tree: 31716456
Queries corresponds to this tree: 171696
Queries corresponds to this tree: 49536
Queries corresponds to this tree: 52920
Queries corresponds to this tree: 52920
Queries corresponds to this tree: 240
Queries corresponds to this tree: 110592
Queries corresponds to this tree: 4615104
Queries corresponds to this tree: 376704768
Queries corresponds to this tree: 145512
Queries corresponds to this tree: 7001088
Queries corresponds to this tree: 48504
Queries corresponds to this tree: 6538752
Queries corresponds to this tree: 143014560
Queries corresponds to this tree: 1102740928
Queries corresponds to this tree: 4487040
Queries corresponds to this tree: 216322560
Queries corresponds to this tree: 495360
Queries corresponds to this tree: 478848
Queries corresponds to this tree: 20400
Queries corresponds to this tree: 19518720
Queries corresponds to this tree: 9330828
Queries corresponds to this tree: 30816
Queries corresponds to this tree: 15408
Queries corresponds to this tree: 27072
Queries corresponds to this tree: 27072
Queries corresponds to this tree: 1440
Queries corresponds to this tree: 1440
Queries corresponds to this tree: 101640
Queries corresponds to this tree: 2817360
Queries corresponds to this tree: 10920
Queries corresponds to this tree: 5460
Queries corresponds to this tree: 2064
Queries corresponds to this tree: 516
Queries corresponds to this tree: 13416
Queries corresponds to this tree: 48
Queries corresponds to this tree: 148608
Queries corresponds to this tree: 25508736
Queries corresponds to this tree: 5184
Queries corresponds to this tree: 774144
Queries corresponds to this tree: 2575872
Queries corresponds to this tree: 3456
Queries corresponds to this tree: 420
Queries corresponds to this tree: 420
Queries corresponds to this tree: 61920
Queries corresponds to this tree: 3503640
Queries corresponds to this tree: 253638000
Queries corresponds to this tree: 115920
Queries corresponds to this tree: 5644800
Queries corresponds to this tree: 38640
Queries corresponds to this tree: 7200
Queries corresponds to this tree: 7142400
Queries corresponds to this tree: 7200
Queries corresponds to this tree: 5160
Queries corresponds to this tree: 5160
Queries corresponds to this tree: 4623360
Queries corresponds to this tree: 355416
Queries corresponds to this tree: 768
Queries corresponds to this tree: 1032
Queries corresponds to this tree: 9072
Queries corresponds to this tree: 12480
Queries corresponds to this tree: 5750784
Queries corresponds to this tree: 33861984
Queries corresponds to this tree: -1531005568
Queries corresponds to this tree: 1067652
Queries corresponds to this tree: 51368448
Queries corresponds to this tree: 18416040
Queries corresponds to this tree: 61920
Queries corresponds to this tree: 7224
Queries corresponds to this tree: 168
Queries corresponds to this tree: 61920
Queries corresponds to this tree: 134232
Queries corresponds to this tree: 2304
Queries corresponds to this tree: 360
Queries corresponds to this tree: 253440
Queries corresponds to this tree: 1260
Queries corresponds to this tree: 25944
Queries corresponds to this tree: 599040
Queries corresponds to this tree: 629520
Queries corresponds to this tree: 960
Queries corresponds to this tree: 504
Queries corresponds to this tree: 6264
Queries corresponds to this tree: 132
Queries corresponds to this tree: 563472
Queries corresponds to this tree: 2184
Queries corresponds to this tree: 24768
Queries corresponds to this tree: 35088
Queries corresponds to this tree: 360
Queries corresponds to this tree: 315648
Queries corresponds to this tree: 72
Queries corresponds to this tree: 504
Queries corresponds to this tree: 144
Queries corresponds to this tree: 24768
Queries corresponds to this tree: 6807072
Queries corresponds to this tree: 492782400
Queries corresponds to this tree: 225216
Queries corresponds to this tree: 10967040
Queries corresponds to this tree: 61920
Queries corresponds to this tree: 1152
Queries corresponds to this tree: 35088
Queries corresponds to this tree: 387144
Queries corresponds to this tree: 144
Queries corresponds to this tree: 72
Queries corresponds to this tree: 72
Queries corresponds to this tree: 7224
Queries corresponds to this tree: 168
Queries corresponds to this tree: 104141700
Queries corresponds to this tree: -1241679392
Queries corresponds to this tree: 3159000
Queries corresponds to this tree: 170726400
Queries corresponds to this tree: 433440
Queries corresponds to this tree: 1848
Queries corresponds to this tree: 75168
Queries corresponds to this tree: 23786496
Queries corresponds to this tree: 152256
Queries corresponds to this tree: 1260
Queries corresponds to this tree: 396
Queries corresponds to this tree: 142272
Queries corresponds to this tree: 28108068
Queries corresponds to this tree: 42864
Queries corresponds to this tree: 16041408
Queries corresponds to this tree: 2032775712
Queries corresponds to this tree: 559584
Queries corresponds to this tree: 72655872
Queries corresponds to this tree: 6048
Queries corresponds to this tree: 13338600
Queries corresponds to this tree: 307560
Queries corresponds to this tree: 39936
Queries corresponds to this tree: 14021784
Queries corresponds to this tree: 217392
Queries corresponds to this tree: 82488
Queries corresponds to this tree: 6984
Queries corresponds to this tree: 9072
Queries corresponds to this tree: 12480
Queries corresponds to this tree: 5750784
Queries corresponds to this tree: 8081280
Queries corresponds to this tree: 355884
Queries corresponds to this tree: 47976192
Queries corresponds to this tree: 30960
Queries corresponds to this tree: 84
Queries corresponds to this tree: 55296
Queries corresponds to this tree: 134232
Queries corresponds to this tree: 1260
Queries corresponds to this tree: 887040
Queries corresponds to this tree: 360
Queries corresponds to this tree: 25944
Queries corresponds to this tree: 579072
Queries corresponds to this tree: 480
Queries corresponds to this tree: 5299200
Queries corresponds to this tree: 82800
Queries corresponds to this tree: 504
Queries corresponds to this tree: 6264
Queries corresponds to this tree: 36216720
Queries corresponds to this tree: 82800
Queries corresponds to this tree: 132
Queries corresponds to this tree: 364320
Queries corresponds to this tree: 1092
Queries corresponds to this tree: 360
Queries corresponds to this tree: 72
Queries corresponds to this tree: 8081280
Queries corresponds to this tree: 144
Queries corresponds to this tree: 504
Queries corresponds to this tree: 75072
Queries corresponds to this tree: 64512
Queries corresponds to this tree: 19968
Queries corresponds to this tree: 387144
Queries corresponds to this tree: -1895489536
Queries corresponds to this tree: 144
Queries corresponds to this tree: 72
Queries corresponds to this tree: 72
Queries corresponds to this tree: 84
Queries corresponds to this tree: 1053000
Queries corresponds to this tree: 887898704
Queries corresponds to this tree: 202176000
Queries corresponds to this tree: -1859869696
Queries corresponds to this tree: 924
Queries corresponds to this tree: 75168
Queries corresponds to this tree: 322721280
Queries corresponds to this tree: 30067200
Queries corresponds to this tree: 511008768
Queries corresponds to this tree: 538200
Queries corresponds to this tree: 1260
Queries corresponds to this tree: 1128960
Queries corresponds to this tree: 396
Queries corresponds to this tree: 1092960
Queries corresponds to this tree: 538200
Queries corresponds to this tree: 21432
Queries corresponds to this tree: 236609280
Queries corresponds to this tree: 186528
Queries corresponds to this tree: 923120640
Queries corresponds to this tree: 6048
Queries corresponds to this tree: 31745520
Queries corresponds to this tree: 153780
Queries corresponds to this tree: 426254400
Queries corresponds to this tree: 8064
Queries corresponds to this tree: 108696
Queries corresponds to this tree: 300000960
Queries corresponds to this tree: 98758080
Queries corresponds to this tree: 578386944
Queries corresponds to this tree: 82488
Queries corresponds to this tree: 308976480
Queries corresponds to this tree: 41291136
Queries corresponds to this tree: 585240576
Queries corresponds to this tree: 6984
Queries corresponds to this tree: 20010
Queries corresponds to this tree: 1
Queries corresponds to this tree: 2169952
Queries corresponds to this tree: 7296
Queries corresponds to this tree: 3648
Queries corresponds to this tree: 24080
Queries corresponds to this tree: 560
Queries corresponds to this tree: 280
Queries corresponds to this tree: 13760
Queries corresponds to this tree: 12288
Queries corresponds to this tree: 9520
Queries corresponds to this tree: 8960
Queries corresponds to this tree: 280
Queries corresponds to this tree: 197120
Queries corresponds to this tree: 280
Queries corresponds to this tree: 6992
Queries corresponds to this tree: 6992
Queries corresponds to this tree: 1400
Queries corresponds to this tree: 1227520
Queries corresponds to this tree: 1400
Queries corresponds to this tree: 346752
Queries corresponds to this tree: 8064
Queries corresponds to this tree: 2080512
Queries corresponds to this tree: 8064
Queries corresponds to this tree: 112
Queries corresponds to this tree: 112
Queries corresponds to this tree: 68800
Queries corresponds to this tree: 71680
Queries corresponds to this tree: 896
Queries corresponds to this tree: 12040
Queries corresponds to this tree: 560
Queries corresponds to this tree: 560
Queries corresponds to this tree: 3440
Queries corresponds to this tree: 80
Queries corresponds to this tree: 40
Queries corresponds to this tree: 206400
Queries corresponds to this tree: 880
Queries corresponds to this tree: 440
Queries corresponds to this tree: 163744
Queries corresponds to this tree: 1088
Queries corresponds to this tree: 544
Queries corresponds to this tree: 243712
Queries corresponds to this tree: 9558384
Queries corresponds to this tree: 51744
Queries corresponds to this tree: 3104
Queries corresponds to this tree: 24768
Queries corresponds to this tree: 35280
Queries corresponds to this tree: 35280
Queries corresponds to this tree: 800
Queries corresponds to this tree: 368640
Queries corresponds to this tree: 1431040
Queries corresponds to this tree: 116807680
Queries corresponds to this tree: 45120
Queries corresponds to this tree: 2170880
Queries corresponds to this tree: 15040
Queries corresponds to this tree: 2027520
Queries corresponds to this tree: 16743168
Queries corresponds to this tree: 1134752256
Queries corresponds to this tree: 525312
Queries corresponds to this tree: 25325568
Queries corresponds to this tree: 153600
Queries corresponds to this tree: 148480
Queries corresponds to this tree: 5600
Queries corresponds to this tree: 5358080
Queries corresponds to this tree: 3836976
Queries corresponds to this tree: 12672
Queries corresponds to this tree: 6336
Queries corresponds to this tree: 12672
Queries corresponds to this tree: 12672
Queries corresponds to this tree: 608
Queries corresponds to this tree: 608
Queries corresponds to this tree: 63888
Queries corresponds to this tree: 1878240
Queries corresponds to this tree: 7280
Queries corresponds to this tree: 3640
Queries corresponds to this tree: 5504
Queries corresponds to this tree: 1720
Queries corresponds to this tree: 26832
Queries corresponds to this tree: 96
Queries corresponds to this tree: 74304
Queries corresponds to this tree: 12754368
Queries corresponds to this tree: 2592
Queries corresponds to this tree: 387072
Queries corresponds to this tree: 1287936
Queries corresponds to this tree: 1728
Queries corresponds to this tree: 280
Queries corresponds to this tree: 280
Queries corresponds to this tree: 26144
Queries corresponds to this tree: 2335760
Queries corresponds to this tree: 169092000
Queries corresponds to this tree: 77280
Queries corresponds to this tree: 3763200
Queries corresponds to this tree: 25760
Queries corresponds to this tree: 32
Queries corresponds to this tree: 32
Queries corresponds to this tree: 2720
Queries corresponds to this tree: 2698240
Queries corresponds to this tree: 2720
Queries corresponds to this tree: 1600
Queries corresponds to this tree: 1600
Queries corresponds to this tree: 1433600
Queries corresponds to this tree: 132528
Queries corresponds to this tree: 2560
Queries corresponds to this tree: 2064
Queries corresponds to this tree: 10080
Queries corresponds to this tree: 31648
Queries corresponds to this tree: 736
Queries corresponds to this tree: 465408
Queries corresponds to this tree: 2560
Queries corresponds to this tree: 400
Queries corresponds to this tree: 281600
Queries corresponds to this tree: 1818384
Queries corresponds to this tree: 28192
Queries corresponds to this tree: 11600
Queries corresponds to this tree: 881328
Queries corresponds to this tree: 1344
Queries corresponds to this tree: 9744
Queries corresponds to this tree: 192
Queries corresponds to this tree: 536640
Queries corresponds to this tree: 2080
Queries corresponds to this tree: 3440
Queries corresponds to this tree: 1314768
Queries corresponds to this tree: 4704
Queries corresponds to this tree: 2454096
Queries corresponds to this tree: 421248432
Queries corresponds to this tree: 85608
Queries corresponds to this tree: 12784128
Queries corresponds to this tree: 1840
Queries corresponds to this tree: 1613312
Queries corresponds to this tree: 80
Queries corresponds to this tree: 2831808
Queries corresponds to this tree: 65856
Queries corresponds to this tree: 128
Queries corresponds to this tree: 3069856
Queries corresponds to this tree: 222235200
Queries corresponds to this tree: 101568
Queries corresponds to this tree: 4945920
Queries corresponds to this tree: 5888
Queries corresponds to this tree: 3440
Queries corresponds to this tree: 128
Queries corresponds to this tree: 80
Queries corresponds to this tree: 64
Queries corresponds to this tree: 31648
Queries corresponds to this tree: 736
Queries corresponds to this tree: 2424
Queries corresponds to this tree: 412800
Queries corresponds to this tree: 1760
Queries corresponds to this tree: 22000
Queries corresponds to this tree: 46508800
Queries corresponds to this tree: 1596657920
Queries corresponds to this tree: 1622400
Queries corresponds to this tree: 72683520
Queries corresponds to this tree: 1022848
Queries corresponds to this tree: 3144
Queries corresponds to this tree: 175104
Queries corresponds to this tree: 246784
Queries corresponds to this tree: 5227424
Queries corresponds to this tree: 662421936
Queries corresponds to this tree: 182352
Queries corresponds to this tree: 23676416
Queries corresponds to this tree: 6272
Queries corresponds to this tree: 21180080
Queries corresponds to this tree: 488368
Queries corresponds to this tree: 409016
Queries corresponds to this tree: 6208
Queries corresponds to this tree: 172000
Queries corresponds to this tree: 10080
Queries corresponds to this tree: 368
Queries corresponds to this tree: 521160
Queries corresponds to this tree: 400
Queries corresponds to this tree: 20002224
Queries corresponds to this tree: 28192
Queries corresponds to this tree: 290666568
Queries corresponds to this tree: 369597120
Queries corresponds to this tree: 14964000
Queries corresponds to this tree: 23200
Queries corresponds to this tree: 177601800
Queries corresponds to this tree: 240120000
Queries corresponds to this tree: 672
Queries corresponds to this tree: 7418880
Queries corresponds to this tree: 115920
Queries corresponds to this tree: 9744
Queries corresponds to this tree: 56337120
Queries corresponds to this tree: 77280
Queries corresponds to this tree: 192
Queries corresponds to this tree: 529920
Queries corresponds to this tree: 1040
Queries corresponds to this tree: 172000
Queries corresponds to this tree: 101136
Queries corresponds to this tree: 1314768
Queries corresponds to this tree: 4704
Queries corresponds to this tree: 42537664
Queries corresponds to this tree: 57072
Queries corresponds to this tree: 1840
Queries corresponds to this tree: 80
Queries corresponds to this tree: 16990848
Queries corresponds to this tree: 65856
Queries corresponds to this tree: 128
Queries corresponds to this tree: 33856
Queries corresponds to this tree: 128
Queries corresponds to this tree: 64
Queries corresponds to this tree: 80
Queries corresponds to this tree: 208464
Queries corresponds to this tree: 4848
Queries corresponds to this tree: 368
Queries corresponds to this tree: 10320000
Queries corresponds to this tree: 44000
Queries corresponds to this tree: 880
Queries corresponds to this tree: 388348480
Queries corresponds to this tree: 1081600
Queries corresponds to this tree: 2086730880
Queries corresponds to this tree: -1085860096
Queries corresponds to this tree: 3615600
Queries corresponds to this tree: 3144
Queries corresponds to this tree: 8677440
Queries corresponds to this tree: 662400
Queries corresponds to this tree: 331616
Queries corresponds to this tree: 6370112
Queries corresponds to this tree: 15963840
Queries corresponds to this tree: 60784
Queries corresponds to this tree: 300817920
Queries corresponds to this tree: 6272
Queries corresponds to this tree: 32921280
Queries corresponds to this tree: 244184
Queries corresponds to this tree: 676840320
Queries corresponds to this tree: 409016
Queries corresponds to this tree: 6208
Queries corresponds to this tree: 54
Queries corresponds to this tree: 18
Queries corresponds to this tree: 105
Queries corresponds to this tree: 9
Queries corresponds to this tree: 50
Queries corresponds to this tree: 520
Queries corresponds to this tree: 3
Queries corresponds to this tree: 196
Queries corresponds to this tree: 3
Queries corresponds to this tree: 840
Queries corresponds to this tree: 348
Queries corresponds to this tree: 2
Queries corresponds to this tree: 1248
Queries corresponds to this tree: 480
Queries corresponds to this tree: 1647
Queries corresponds to this tree: 24
Queries corresponds to this tree: 24
Queries corresponds to this tree: 120
Queries corresponds to this tree: 70
Queries corresponds to this tree: 2164
Queries corresponds to this tree: 66
Queries corresponds to this tree: 2532
Queries corresponds to this tree: 612
Queries corresponds to this tree: 2400
Queries corresponds to this tree: 120
Queries corresponds to this tree: 31900
Queries corresponds to this tree: 160
Queries corresponds to this tree: 6656
Queries corresponds to this tree: 224
Queries corresponds to this tree: 1032
Queries corresponds to this tree: 8
Queries corresponds to this tree: 16
Queries corresponds to this tree: 140
Queries corresponds to this tree: 3120
Queries corresponds to this tree: 4
Queries corresponds to this tree: 2320
Queries corresponds to this tree: 96
Queries corresponds to this tree: 528
Queries corresponds to this tree: 984
Queries corresponds to this tree: 32
Queries corresponds to this tree: 948
Queries corresponds to this tree: 94
Queries corresponds to this tree: 140
Queries corresponds to this tree: 1040
Queries corresponds to this tree: 4
Queries corresponds to this tree: 264
Queries corresponds to this tree: 188
Queries corresponds to this tree: 1026
Queries corresponds to this tree: 744
Queries corresponds to this tree: 150
Queries corresponds to this tree: 12
Queries corresponds to this tree: 46
Queries corresponds to this tree: 2970
Queries corresponds to this tree: 6
Queries corresponds to this tree: 46
Queries corresponds to this tree: 2392
Queries corresponds to this tree: 2
Queries corresponds to this tree: 56
Queries corresponds to this tree: 2
Queries corresponds to this tree: 70
Queries corresponds to this tree: 920
Queries corresponds to this tree: 276
Queries corresponds to this tree: 59856
Queries corresponds to this tree: 8916480
Queries corresponds to this tree: 8916480
Queries corresponds to this tree: 433440
Queries corresponds to this tree: 433440
Queries corresponds to this tree: 2947392
Queries corresponds to this tree: 61920
Queries corresponds to this tree: 61920
Queries corresponds to this tree: 17089920
Queries corresponds to this tree: 17089920
Queries corresponds to this tree: 2167200
Queries corresponds to this tree: 2167200
Queries corresponds to this tree: 8322048
Queries corresponds to this tree: 8322048
Queries corresponds to this tree: 24768
Queries corresponds to this tree: 24768
Queries corresponds to this tree: 866880
Queries corresponds to this tree: 866880
Queries corresponds to this tree: 12384
Queries corresponds to this tree: 12384
Queries corresponds to this tree: 136224
Queries corresponds to this tree: 136224
Queries corresponds to this tree: 1659456
Queries corresponds to this tree: 1659456
Queries corresponds to this tree: 88595136
Queries corresponds to this tree: 54613440
Queries corresponds to this tree: 54613440
Queries corresponds to this tree: 247680
Queries corresponds to this tree: 50056128
Queries corresponds to this tree: 50056128
Queries corresponds to this tree: 1543541760
Queries corresponds to this tree: 21052800
Queries corresponds to this tree: 15901056
Queries corresponds to this tree: 15901056
Queries corresponds to this tree: 27938304
Queries corresponds to this tree: 27938304
Queries corresponds to this tree: 1486080
Queries corresponds to this tree: 1486080
Queries corresponds to this tree: 104892480
Queries corresponds to this tree: 5634720
Queries corresponds to this tree: 5634720
Queries corresponds to this tree: 24768
Queries corresponds to this tree: 1783296
Queries corresponds to this tree: 1783296
Queries corresponds to this tree: 433440
Queries corresponds to this tree: 433440
Queries corresponds to this tree: 39876480
Queries corresponds to this tree: 39876480
Queries corresponds to this tree: 7430400
Queries corresponds to this tree: 7430400
Queries corresponds to this tree: 5325120
Queries corresponds to this tree: 5325120
Queries corresponds to this tree: 366789312
Queries corresponds to this tree: 9362304
Queries corresponds to this tree: 12879360
Queries corresponds to this tree: 367272288
Queries corresponds to this tree: 31950720
Queries corresponds to this tree: 86688
Queries corresponds to this tree: 138527424
Queries corresponds to this tree: 371520
Queries corresponds to this tree: 1300320
Queries corresponds to this tree: 26774208
Queries corresponds to this tree: 495360
Queries corresponds to this tree: 520128
Queries corresponds to this tree: 6464448
Queries corresponds to this tree: 136224
Queries corresponds to this tree: 1126944
Queries corresponds to this tree: 371520
Queries corresponds to this tree: 74304
Queries corresponds to this tree: 520128
Queries corresponds to this tree: 148608
Queries corresponds to this tree: 77474304
Queries corresponds to this tree: 399532608
Queries corresponds to this tree: 148608
Queries corresponds to this tree: 74304
Queries corresponds to this tree: 74304
Queries corresponds to this tree: 86688
Queries corresponds to this tree: 1086696000
Queries corresponds to this tree: 953568
Queries corresponds to this tree: 77573376
Queries corresponds to this tree: 1300320
Queries corresponds to this tree: 408672
Queries corresponds to this tree: 22117824
Queries corresponds to this tree: 192496896
Queries corresponds to this tree: 6241536
Queries corresponds to this tree: 158700960
Queries corresponds to this tree: 112174272
Queries corresponds to this tree: 85127616
Queries corresponds to this tree: 7207488
Queries corresponds to this tree: 9362304
Queries corresponds to this tree: 12879360
Queries corresponds to this tree: 367272288
Queries corresponds to this tree: 31950720
Queries corresponds to this tree: 86688
Queries corresponds to this tree: 138527424
Queries corresponds to this tree: 1300320
Queries corresponds to this tree: 371520
Queries corresponds to this tree: 26774208
Queries corresponds to this tree: 495360
Queries corresponds to this tree: 520128
Queries corresponds to this tree: 6464448
Queries corresponds to this tree: 136224
Queries corresponds to this tree: 1126944
Queries corresponds to this tree: 371520
Queries corresponds to this tree: 74304
Queries corresponds to this tree: 148608
Queries corresponds to this tree: 520128
Queries corresponds to this tree: 77474304
Queries corresponds to this tree: 399532608
Queries corresponds to this tree: 148608
Queries corresponds to this tree: 74304
Queries corresponds to this tree: 74304
Queries corresponds to this tree: 86688
Queries corresponds to this tree: 1086696000
Queries corresponds to this tree: 953568
Queries corresponds to this tree: 77573376
Queries corresponds to this tree: 1300320
Queries corresponds to this tree: 408672
Queries corresponds to this tree: 22117824
Queries corresponds to this tree: 192496896
Queries corresponds to this tree: 6241536
Queries corresponds to this tree: 158700960
Queries corresponds to this tree: 112174272
Queries corresponds to this tree: 85127616
Queries corresponds to this tree: 7207488
Queries corresponds to this tree: 1032
Queries corresponds to this tree: 3764736
Queries corresponds to this tree: 3764736
Queries corresponds to this tree: 288960
Queries corresponds to this tree: 288960
Queries corresponds to this tree: 9824640
Queries corresponds to this tree: 288960
Queries corresponds to this tree: 288960
Queries corresponds to this tree: 7215744
Queries corresponds to this tree: 7215744
Queries corresponds to this tree: 1444800
Queries corresponds to this tree: 1444800
Queries corresponds to this tree: 4161024
Queries corresponds to this tree: 4161024
Queries corresponds to this tree: 115584
Queries corresponds to this tree: 115584
Queries corresponds to this tree: 577920
Queries corresponds to this tree: 577920
Queries corresponds to this tree: 41280
Queries corresponds to this tree: 41280
Queries corresponds to this tree: 454080
Queries corresponds to this tree: 454080
Queries corresponds to this tree: 561408
Queries corresponds to this tree: 561408
Queries corresponds to this tree: 26699904
Queries corresponds to this tree: 3203328
Queries corresponds to this tree: 36408960
Queries corresponds to this tree: 36408960
Queries corresponds to this tree: 825600
Queries corresponds to this tree: 15521280
Queries corresponds to this tree: 15521280
Queries corresponds to this tree: 180707328
Queries corresponds to this tree: 5779200
Queries corresponds to this tree: 6538752
Queries corresponds to this tree: 6538752
Queries corresponds to this tree: 13077504
Queries corresponds to this tree: 13077504
Queries corresponds to this tree: 627456
Queries corresponds to this tree: 627456
Queries corresponds to this tree: 65932416
Queries corresponds to this tree: 3756480
Queries corresponds to this tree: 3756480
Queries corresponds to this tree: 49536
Queries corresponds to this tree: 891648
Queries corresponds to this tree: 891648
Queries corresponds to this tree: 288960
Queries corresponds to this tree: 288960
Queries corresponds to this tree: 26584320
Queries corresponds to this tree: 26584320
Queries corresponds to this tree: 33024
Queries corresponds to this tree: 33024
Queries corresponds to this tree: 2807040
Queries corresponds to this tree: 2807040
Queries corresponds to this tree: 1651200
Queries corresponds to this tree: 1651200
Queries corresponds to this tree: 136768896
Queries corresponds to this tree: 10402560
Queries corresponds to this tree: 379776
Queries corresponds to this tree: 412800
Queries corresponds to this tree: 14547072
Queries corresponds to this tree: 11971200
Queries corresponds to this tree: 693504
Queries corresponds to this tree: 10055808
Queries corresponds to this tree: 198144
Queries corresponds to this tree: 1073280
Queries corresponds to this tree: 2427264
Queries corresponds to this tree: 29449152
Queries corresponds to this tree: 1898880
Queries corresponds to this tree: 82560
Queries corresponds to this tree: 33981696
Queries corresponds to this tree: 132096
Queries corresponds to this tree: 34939392
Queries corresponds to this tree: 132096
Queries corresponds to this tree: 82560
Queries corresponds to this tree: 66048
Queries corresponds to this tree: 379776
Queries corresponds to this tree: 2501568
Queries corresponds to this tree: 908160
Queries corresponds to this tree: 22704000
Queries corresponds to this tree: 558105600
Queries corresponds to this tree: 3244608
Queries corresponds to this tree: 62729088
Queries corresponds to this tree: 6472704
Queries corresponds to this tree: 251997888
Queries corresponds to this tree: 6406656
Queries corresponds to this tree: 10402560
Queries corresponds to this tree: 379776
Queries corresponds to this tree: 412800
Queries corresponds to this tree: 14547072
Queries corresponds to this tree: 11971200
Queries corresponds to this tree: 693504
Queries corresponds to this tree: 10055808
Queries corresponds to this tree: 198144
Queries corresponds to this tree: 1073280
Queries corresponds to this tree: 2427264
Queries corresponds to this tree: 29449152
Queries corresponds to this tree: 1898880
Queries corresponds to this tree: 82560
Queries corresponds to this tree: 33981696
Queries corresponds to this tree: 132096
Queries corresponds to this tree: 34939392
Queries corresponds to this tree: 132096
Queries corresponds to this tree: 66048
Queries corresponds to this tree: 82560
Queries corresponds to this tree: 2501568
Queries corresponds to this tree: 379776
Queries corresponds to this tree: 22704000
Queries corresponds to this tree: 908160
Queries corresponds to this tree: 558105600
Queries corresponds to this tree: 3244608
Queries corresponds to this tree: 62729088
Queries corresponds to this tree: 6472704
Queries corresponds to this tree: 251997888
Queries corresponds to this tree: 6406656
Queries corresponds to this tree: -1235075584
Queries corresponds to this tree: 714631104
Queries corresponds to this tree: 21300480
Queries corresponds to this tree: 21300480
Queries corresponds to this tree: -1704828928
Queries corresponds to this tree: 63901440
Queries corresponds to this tree: 63901440
Queries corresponds to this tree: 250776000
Queries corresponds to this tree: 250776000
Queries corresponds to this tree: 27919728
Queries corresponds to this tree: 27919728
Queries corresponds to this tree: 185685696
Queries corresponds to this tree: 10588320
Queries corresponds to this tree: 10588320
Queries corresponds to this tree: 480654000
Queries corresponds to this tree: 480654000
Queries corresponds to this tree: 108808920
Queries corresponds to this tree: 108808920
Queries corresponds to this tree: 337433040
Queries corresponds to this tree: 337433040
Queries corresponds to this tree: 2563488
Queries corresponds to this tree: 2563488
Queries corresponds to this tree: 40737168
Queries corresponds to this tree: 40737168
Queries corresponds to this tree: 3900960
Queries corresponds to this tree: 3900960
Queries corresponds to this tree: 11953656
Queries corresponds to this tree: 11953656
Queries corresponds to this tree: 59155272
Queries corresponds to this tree: 59155272
Queries corresponds to this tree: -1962973408
Queries corresponds to this tree: 97301088
Queries corresponds to this tree: -1728525712
Queries corresponds to this tree: -1728525712
Queries corresponds to this tree: 30093120
Queries corresponds to this tree: 1811187864
Queries corresponds to this tree: 1811187864
Queries corresponds to this tree: 1614448256
Queries corresponds to this tree: 521056800
Queries corresponds to this tree: 523620288
Queries corresponds to this tree: 523620288
Queries corresponds to this tree: 959636160
Queries corresponds to this tree: 959636160
Queries corresponds to this tree: 41796000
Queries corresponds to this tree: 41796000
Queries corresponds to this tree: 512854448
Queries corresponds to this tree: 264791592
Queries corresponds to this tree: 264791592
Queries corresponds to this tree: 1170288
Queries corresponds to this tree: 121960728
Queries corresponds to this tree: 121960728
Queries corresponds to this tree: 20368584
Queries corresponds to this tree: 20368584
Queries corresponds to this tree: -1282868896
Queries corresponds to this tree: -1282868896
Queries corresponds to this tree: 1003104
Queries corresponds to this tree: 1003104
Queries corresponds to this tree: 233221680
Queries corresponds to this tree: 233221680
Queries corresponds to this tree: 137369520
Queries corresponds to this tree: 137369520
Queries corresponds to this tree: 1509205024
Queries corresponds to this tree: 1560384
Queries corresponds to this tree: 2352960
Queries corresponds to this tree: 67954104
Queries corresponds to this tree: 4495392
Queries corresponds to this tree: 18576
Queries corresponds to this tree: 25421256
Queries corresponds to this tree: 61920
Queries corresponds to this tree: 170280
Queries corresponds to this tree: 4913352
Queries corresponds to this tree: 61920
Queries corresponds to this tree: 68112
Queries corresponds to this tree: 897840
Queries corresponds to this tree: 15480
Queries corresponds to this tree: 160992
Queries corresponds to this tree: 61920
Queries corresponds to this tree: 12384
Queries corresponds to this tree: 68112
Queries corresponds to this tree: 24768
Queries corresponds to this tree: 15096096
Queries corresponds to this tree: 48706272
Queries corresponds to this tree: 24768
Queries corresponds to this tree: 12384
Queries corresponds to this tree: 12384
Queries corresponds to this tree: 18576
Queries corresponds to this tree: 187617600
Queries corresponds to this tree: 136224
Queries corresponds to this tree: 10616184
Queries corresponds to this tree: 170280
Queries corresponds to this tree: 46440
Queries corresponds to this tree: 2452032
Queries corresponds to this tree: 23523408
Queries corresponds to this tree: 866880
Queries corresponds to this tree: 30297456
Queries corresponds to this tree: 12309696
Queries corresponds to this tree: 8278704
Queries corresponds to this tree: 1201248
Queries corresponds to this tree: 1560384
Queries corresponds to this tree: 2352960
Queries corresponds to this tree: 67954104
Queries corresponds to this tree: 4495392
Queries corresponds to this tree: 18576
Queries corresponds to this tree: 25421256
Queries corresponds to this tree: 170280
Queries corresponds to this tree: 61920
Queries corresponds to this tree: 4913352
Queries corresponds to this tree: 61920
Queries corresponds to this tree: 68112
Queries corresponds to this tree: 897840
Queries corresponds to this tree: 15480
Queries corresponds to this tree: 160992
Queries corresponds to this tree: 61920
Queries corresponds to this tree: 12384
Queries corresponds to this tree: 24768
Queries corresponds to this tree: 68112
Queries corresponds to this tree: 15096096
Queries corresponds to this tree: 48706272
Queries corresponds to this tree: 24768
Queries corresponds to this tree: 12384
Queries corresponds to this tree: 12384
Queries corresponds to this tree: 18576
Queries corresponds to this tree: 187617600
Queries corresponds to this tree: 136224
Queries corresponds to this tree: 10616184
Queries corresponds to this tree: 170280
Queries corresponds to this tree: 46440
Queries corresponds to this tree: 2452032
Queries corresponds to this tree: 23523408
Queries corresponds to this tree: 866880
Queries corresponds to this tree: 30297456
Queries corresponds to this tree: 12309696
Queries corresponds to this tree: 8278704
Queries corresponds to this tree: 1201248
Queries corresponds to this tree: 736848
Queries corresponds to this tree: 15480
Queries corresponds to this tree: 15480
Queries corresponds to this tree: 4272480
Queries corresponds to this tree: 4272480
Queries corresponds to this tree: 2445840
Queries corresponds to this tree: 2445840
Queries corresponds to this tree: 120236256
Queries corresponds to this tree: 10588320
Queries corresponds to this tree: 10588320
Queries corresponds to this tree: 6192
Queries corresponds to this tree: 6192
Queries corresponds to this tree: 306504
Queries corresponds to this tree: 306504
Queries corresponds to this tree: 1430352
Queries corresponds to this tree: 1430352
Queries corresponds to this tree: 3037176
Queries corresponds to this tree: 3037176
Queries corresponds to this tree: 12873168
Queries corresponds to this tree: 12873168
Queries corresponds to this tree: 22272624
Queries corresponds to this tree: 22272624
Queries corresponds to this tree: 185760
Queries corresponds to this tree: 9597600
Queries corresponds to this tree: 2674944
Queries corresponds to this tree: 2674944
Queries corresponds to this tree: 204336
Queries corresponds to this tree: 204336
Queries corresponds to this tree: 749232
Queries corresponds to this tree: 5925744
Queries corresponds to this tree: 5925744
Queries corresponds to this tree: 3096
Queries corresponds to this tree: 3096
Queries corresponds to this tree: 185760
Queries corresponds to this tree: 185760
Queries corresponds to this tree: 767808
Queries corresponds to this tree: 3096
Queries corresponds to this tree: 3096
Queries corresponds to this tree: 12384
Queries corresponds to this tree: 4402512
Queries corresponds to this tree: 4402512
Queries corresponds to this tree: 75158496
Queries corresponds to this tree: 557280
Queries corresponds to this tree: 557280
Queries corresponds to this tree: 510840
Queries corresponds to this tree: 510840
Queries corresponds to this tree: 173376
Queries corresponds to this tree: 173376
Queries corresponds to this tree: 91697328
Queries corresponds to this tree: 692472
Queries corresponds to this tree: 5461344
Queries corresponds to this tree: 319920
Queries corresponds to this tree: 237360
Queries corresponds to this tree: 734784
Queries corresponds to this tree: 528384
Queries corresponds to this tree: 1089792
Queries corresponds to this tree: 15801984
Queries corresponds to this tree: 350880
Queries corresponds to this tree: 563472
Queries corresponds to this tree: 45408
Queries corresponds to this tree: 1102176
Queries corresponds to this tree: 1599600
Queries corresponds to this tree: 43344
Queries corresponds to this tree: 635712
Queries corresponds to this tree: 78432
Queries corresponds to this tree: 29432640
Queries corresponds to this tree: 78432
Queries corresponds to this tree: 43344
Queries corresponds to this tree: 39216
Queries corresponds to this tree: 319920
Queries corresponds to this tree: 51600
Queries corresponds to this tree: 476784
Queries corresponds to this tree: 454080
Queries corresponds to this tree: 44623680
Queries corresponds to this tree: 4953600
Queries corresponds to this tree: 95769600
Queries corresponds to this tree: 11096064
Queries corresponds to this tree: 384729600
Queries corresponds to this tree: 3803952
Queries corresponds to this tree: 9362304
Queries corresponds to this tree: 928800
Queries corresponds to this tree: 17558448
Queries corresponds to this tree: 4334400
Queries corresponds to this tree: 76368
Queries corresponds to this tree: 11052720
Queries corresponds to this tree: 412800
Queries corresponds to this tree: 423120
Queries corresponds to this tree: 2136240
Queries corresponds to this tree: 313728
Queries corresponds to this tree: 169248
Queries corresponds to this tree: 4429344
Queries corresponds to this tree: 76368
Queries corresponds to this tree: 992784
Queries corresponds to this tree: 412800
Queries corresponds to this tree: 82560
Queries corresponds to this tree: 169248
Queries corresponds to this tree: 148608
Queries corresponds to this tree: 32280960
Queries corresponds to this tree: 8705952
Queries corresponds to this tree: 148608
Queries corresponds to this tree: 74304
Queries corresponds to this tree: 82560
Queries corresponds to this tree: 76368
Queries corresponds to this tree: 14675040
Queries corresponds to this tree: 840048
Queries corresponds to this tree: 1448928
Queries corresponds to this tree: 423120
Queries corresponds to this tree: 229104
Queries corresponds to this tree: 850368
Queries corresponds to this tree: 20590464
Queries corresponds to this tree: 4276608
Queries corresponds to this tree: 18274656
Queries corresponds to this tree: 2080512
Queries corresponds to this tree: 2022720
Queries corresponds to this tree: 7207488
Queries corresponds to this tree: 5461344
Queries corresponds to this tree: 319920
Queries corresponds to this tree: 237360
Queries corresponds to this tree: 734784
Queries corresponds to this tree: 528384
Queries corresponds to this tree: 1089792
Queries corresponds to this tree: 15801984
Queries corresponds to this tree: 350880
Queries corresponds to this tree: 563472
Queries corresponds to this tree: 45408
Queries corresponds to this tree: 1102176
Queries corresponds to this tree: 1599600
Queries corresponds to this tree: 43344
Queries corresponds to this tree: 635712
Queries corresponds to this tree: 78432
Queries corresponds to this tree: 29432640
Queries corresponds to this tree: 78432
Queries corresponds to this tree: 39216
Queries corresponds to this tree: 43344
Queries corresponds to this tree: 51600
Queries corresponds to this tree: 319920
Queries corresponds to this tree: 454080
Queries corresponds to this tree: 476784
Queries corresponds to this tree: 44623680
Queries corresponds to this tree: 4953600
Queries corresponds to this tree: 95769600
Queries corresponds to this tree: 11096064
Queries corresponds to this tree: 384729600
Queries corresponds to this tree: 3803952
Queries corresponds to this tree: 9362304
Queries corresponds to this tree: 928800
Queries corresponds to this tree: 17558448
Queries corresponds to this tree: 4334400
Queries corresponds to this tree: 76368
Queries corresponds to this tree: 11052720
Queries corresponds to this tree: 423120
Queries corresponds to this tree: 412800
Queries corresponds to this tree: 2136240
Queries corresponds to this tree: 313728
Queries corresponds to this tree: 169248
Queries corresponds to this tree: 4429344
Queries corresponds to this tree: 76368
Queries corresponds to this tree: 992784
Queries corresponds to this tree: 412800
Queries corresponds to this tree: 82560
Queries corresponds to this tree: 148608
Queries corresponds to this tree: 169248
Queries corresponds to this tree: 32280960
Queries corresponds to this tree: 8705952
Queries corresponds to this tree: 148608
Queries corresponds to this tree: 82560
Queries corresponds to this tree: 74304
Queries corresponds to this tree: 76368
Queries corresponds to this tree: 14675040
Queries corresponds to this tree: 840048
Queries corresponds to this tree: 1448928
Queries corresponds to this tree: 423120
Queries corresponds to this tree: 229104
Queries corresponds to this tree: 850368
Queries corresponds to this tree: 20590464
Queries corresponds to this tree: 4276608
Queries corresponds to this tree: 18274656
Queries corresponds to this tree: 2080512
Queries corresponds to this tree: 2022720
Queries corresponds to this tree: 7207488
Queries corresponds to this tree: 4681152
Queries corresponds to this tree: 2588256
Queries corresponds to this tree: 2167200
Queries corresponds to this tree: 1645008
Queries corresponds to this tree: 206400
Queries corresponds to this tree: 247680
Queries corresponds to this tree: 569664
Queries corresponds to this tree: 2476800
Queries corresponds to this tree: 891648
Queries corresponds to this tree: 74304
Queries corresponds to this tree: 4495392
Queries corresponds to this tree: 2154816
Queries corresponds to this tree: 103200
Queries corresponds to this tree: 45408
Queries corresponds to this tree: 1851408
Queries corresponds to this tree: 74304
Queries corresponds to this tree: 66048
Queries corresponds to this tree: 4862784
Queries corresponds to this tree: 66048
Queries corresponds to this tree: 74304
Queries corresponds to this tree: 33024
Queries corresponds to this tree: 404544
Queries corresponds to this tree: 658416
Queries corresponds to this tree: 243552
Queries corresponds to this tree: 536640
Queries corresponds to this tree: 516000
Queries corresponds to this tree: 309600
Queries corresponds to this tree: 1903008
Queries corresponds to this tree: 2080512
Queries corresponds to this tree: 1849344
Queries corresponds to this tree: 383286864
Queries corresponds to this tree: 23030112
Queries corresponds to this tree: 252237312
Queries corresponds to this tree: 1444800
Queries corresponds to this tree: 1095984
Queries corresponds to this tree: 3203328
Queries corresponds to this tree: 4681152
Queries corresponds to this tree: 2588256
Queries corresponds to this tree: 2167200
Queries corresponds to this tree: 1645008
Queries corresponds to this tree: 206400
Queries corresponds to this tree: 247680
Queries corresponds to this tree: 569664
Queries corresponds to this tree: 2476800
Queries corresponds to this tree: 891648
Queries corresponds to this tree: 74304
Queries corresponds to this tree: 4495392
Queries corresponds to this tree: 2154816
Queries corresponds to this tree: 45408
Queries corresponds to this tree: 103200
Queries corresponds to this tree: 1851408
Queries corresponds to this tree: 66048
Queries corresponds to this tree: 74304
Queries corresponds to this tree: 4862784
Queries corresponds to this tree: 74304
Queries corresponds to this tree: 66048
Queries corresponds to this tree: 33024
Queries corresponds to this tree: 404544
Queries corresponds to this tree: 658416
Queries corresponds to this tree: 243552
Queries corresponds to this tree: 536640
Queries corresponds to this tree: 516000
Queries corresponds to this tree: 309600
Queries corresponds to this tree: 1903008
Queries corresponds to this tree: 1849344
Queries corresponds to this tree: 2080512
Queries corresponds to this tree: 383286864
Queries corresponds to this tree: 23030112
Queries corresponds to this tree: 252237312
Queries corresponds to this tree: 1444800
Queries corresponds to this tree: 1095984
Queries corresponds to this tree: 3203328
Queries corresponds to this tree: 14821584
Queries corresponds to this tree: 20640
Queries corresponds to this tree: 26547168
Queries corresponds to this tree: 30619440
Queries corresponds to this tree: 1775040
Queries corresponds to this tree: 30468768
Queries corresponds to this tree: 20640
Queries corresponds to this tree: 693504
Queries corresponds to this tree: 239985408
Queries corresponds to this tree: -457543424
Queries corresponds to this tree: 2509824
Queries corresponds to this tree: 90749952
Queries corresponds to this tree: 910224
Queries corresponds to this tree: 23736
Queries corresponds to this tree: 36120
Queries corresponds to this tree: 724464
Queries corresponds to this tree: 668736
Queries corresponds to this tree: 74304
Queries corresponds to this tree: 1077408
Queries corresponds to this tree: 25800
Queries corresponds to this tree: 93912
Queries corresponds to this tree: 119712
Queries corresponds to this tree: 1721376
Queries corresponds to this tree: 118680
Queries corresponds to this tree: 7224
Queries corresponds to this tree: 1675968
Queries corresponds to this tree: 14448
Queries corresponds to this tree: 2183712
Queries corresponds to this tree: 14448
Queries corresponds to this tree: 7224
Queries corresponds to this tree: 7224
Queries corresponds to this tree: 23736
Queries corresponds to this tree: 131064
Queries corresponds to this tree: 79464
Queries corresponds to this tree: 1271424
Queries corresponds to this tree: 38555520
Queries corresponds to this tree: 470592
Queries corresponds to this tree: 9098112
Queries corresponds to this tree: 809088
Queries corresponds to this tree: 36549312
Queries corresponds to this tree: 700728
Queries corresponds to this tree: 910224
Queries corresponds to this tree: 23736
Queries corresponds to this tree: 36120
Queries corresponds to this tree: 724464
Queries corresponds to this tree: 668736
Queries corresponds to this tree: 74304
Queries corresponds to this tree: 1077408
Queries corresponds to this tree: 25800
Queries corresponds to this tree: 93912
Queries corresponds to this tree: 119712
Queries corresponds to this tree: 1721376
Queries corresponds to this tree: 118680
Queries corresponds to this tree: 7224
Queries corresponds to this tree: 1675968
Queries corresponds to this tree: 14448
Queries corresponds to this tree: 2183712
Queries corresponds to this tree: 14448
Queries corresponds to this tree: 7224
Queries corresponds to this tree: 7224
Queries corresponds to this tree: 131064
Queries corresponds to this tree: 23736
Queries corresponds to this tree: 1271424
Queries corresponds to this tree: 79464
Queries corresponds to this tree: 38555520
Queries corresponds to this tree: 470592
Queries corresponds to this tree: 9098112
Queries corresponds to this tree: 809088
Queries corresponds to this tree: 36549312
Queries corresponds to this tree: 700728
Queries corresponds to this tree: 11975328
Queries corresponds to this tree: 11975328
Queries corresponds to this tree: 9579024
Queries corresponds to this tree: 2444808
Queries corresponds to this tree: 2444808
Queries corresponds to this tree: 13682256
Queries corresponds to this tree: 13682256
Queries corresponds to this tree: 20792736
Queries corresponds to this tree: 16512
Queries corresponds to this tree: 16512
Queries corresponds to this tree: 6352992
Queries corresponds to this tree: 6352992
Queries corresponds to this tree: 16512
Queries corresponds to this tree: 16512
Queries corresponds to this tree: 669768
Queries corresponds to this tree: 669768
Queries corresponds to this tree: 78228696
Queries corresponds to this tree: 600624
Queries corresponds to this tree: 5071248
Queries corresponds to this tree: 5071248
Queries corresponds to this tree: 5040288
Queries corresponds to this tree: 5040288
Queries corresponds to this tree: 891648
Queries corresponds to this tree: 891648
Queries corresponds to this tree: 1954608
Queries corresponds to this tree: 1954608
Queries corresponds to this tree: 202272
Queries corresponds to this tree: 202272
Queries corresponds to this tree: 412800
Queries corresponds to this tree: 412800
Queries corresponds to this tree: 1721376
Queries corresponds to this tree: 1721376
Queries corresponds to this tree: 1708992
Queries corresponds to this tree: 1708992
Queries corresponds to this tree: 142416
Queries corresponds to this tree: 142416
Queries corresponds to this tree: 1248720
Queries corresponds to this tree: 2334384
Queries corresponds to this tree: 2334384
Queries corresponds to this tree: 1341600
Queries corresponds to this tree: 1341600
Queries corresponds to this tree: 358104
Queries corresponds to this tree: 75336
Queries corresponds to this tree: 75336
Queries corresponds to this tree: 1279680
Queries corresponds to this tree: 29639040
Queries corresponds to this tree: 12384
Queries corresponds to this tree: 12384
Queries corresponds to this tree: 2006208
Queries corresponds to this tree: 2006208
Queries corresponds to this tree: 462336
Queries corresponds to this tree: 462336
Queries corresponds to this tree: 33156096
Queries corresponds to this tree: 113520
Queries corresponds to this tree: 6123888
Queries corresponds to this tree: 216051264
Queries corresponds to this tree: 61920
Queries corresponds to this tree: 2509824
Queries corresponds to this tree: 61920
Queries corresponds to this tree: 152385120
Queries corresponds to this tree: 3962880
Queries corresponds to this tree: 35798016
Queries corresponds to this tree: 144544500
Queries corresponds to this tree: 486000
Queries corresponds to this tree: 243000
Queries corresponds to this tree: 2326644
Queries corresponds to this tree: 54108
Queries corresponds to this tree: 27054
Queries corresponds to this tree: 952020
Queries corresponds to this tree: 850176
Queries corresponds to this tree: 179928
Queries corresponds to this tree: 660096
Queries corresponds to this tree: 10260
Queries corresponds to this tree: 7223040
Queries corresponds to this tree: 10260
Queries corresponds to this tree: 465750
Queries corresponds to this tree: 465750
Queries corresponds to this tree: 105435
Queries corresponds to this tree: 92445408
Queries corresponds to this tree: 105435
Queries corresponds to this tree: 28119420
Queries corresponds to this tree: 653940
Queries corresponds to this tree: 168716520
Queries corresponds to this tree: 653940
Queries corresponds to this tree: 2484
Queries corresponds to this tree: 2484
Queries corresponds to this tree: 7024050
Queries corresponds to this tree: 7318080
Queries corresponds to this tree: 33696
Queries corresponds to this tree: 848691
Queries corresponds to this tree: 39474
Queries corresponds to this tree: 39474
Queries corresponds to this tree: 325080
Queries corresponds to this tree: 7560
Queries corresponds to this tree: 3780
Queries corresponds to this tree: 5433480
Queries corresponds to this tree: 23166
Queries corresponds to this tree: 11583
Queries corresponds to this tree: 17253621
Queries corresponds to this tree: 114642
Queries corresponds to this tree: 57321
Queries corresponds to this tree: 25679808
Queries corresponds to this tree: 834837948
Queries corresponds to this tree: 4519368
Queries corresponds to this tree: 94284
Queries corresponds to this tree: 2008530
Queries corresponds to this tree: 2486862
Queries corresponds to this tree: 2486862
Queries corresponds to this tree: 29160
Queries corresponds to this tree: 13436928
Queries corresponds to this tree: 166988952
Queries corresponds to this tree: 745459296
Queries corresponds to this tree: 5265081
Queries corresponds to this tree: 253321344
Queries corresponds to this tree: 1755027
Queries corresponds to this tree: 236592576
Queries corresponds to this tree: -165945100
Queries corresponds to this tree: 667670392
Queries corresponds to this tree: 129546864
Queries corresponds to this tree: 1950555200
Queries corresponds to this tree: 12817440
Queries corresponds to this tree: 12390192
Queries corresponds to this tree: 504900
Queries corresponds to this tree: 483088320
Queries corresponds to this tree: 307263294
Queries corresponds to this tree: 1014768
Queries corresponds to this tree: 507384
Queries corresponds to this tree: 929880
Queries corresponds to this tree: 929880
Queries corresponds to this tree: 40500
Queries corresponds to this tree: 40500
Queries corresponds to this tree: 4658742
Queries corresponds to this tree: 132395796
Queries corresponds to this tree: 513162
Queries corresponds to this tree: 256581
Queries corresponds to this tree: 116100
Queries corresponds to this tree: 45279
Queries corresponds to this tree: 633906
Queries corresponds to this tree: 2268
Queries corresponds to this tree: 10163394
Queries corresponds to this tree: 1744558398
Queries corresponds to this tree: 354537
Queries corresponds to this tree: 52944192
Queries corresponds to this tree: 176165496
Queries corresponds to this tree: 236358
Queries corresponds to this tree: 19737
Queries corresponds to this tree: 19737
Queries corresponds to this tree: 1741500
Queries corresponds to this tree: 264649950
Queries corresponds to this tree: 1978858316
Queries corresponds to this tree: 8756100
Queries corresponds to this tree: 426384000
Queries corresponds to this tree: 2918700
Queries corresponds to this tree: 972
Queries corresponds to this tree: 972
Queries corresponds to this tree: 225990
Queries corresponds to this tree: 224182080
Queries corresponds to this tree: 225990
Queries corresponds to this tree: 133110
Queries corresponds to this tree: 133110
Queries corresponds to this tree: 119266560
Queries corresponds to this tree: 9785988
Queries corresponds to this tree: 90720
Queries corresponds to this tree: 390096
Queries corresponds to this tree: 76
Queries corresponds to this tree: 92
Queries corresponds to this tree: 2530
Queries corresponds to this tree: 12
Queries corresponds to this tree: 6
Queries corresponds to this tree: 276
Queries corresponds to this tree: 300
Queries corresponds to this tree: 138
Queries corresponds to this tree: 2
Queries corresponds to this tree: 56
Queries corresponds to this tree: 1566
Queries corresponds to this tree: 2
Queries corresponds to this tree: 152
Queries corresponds to this tree: 8
Queries corresponds to this tree: 144
Queries corresponds to this tree: 60
Queries corresponds to this tree: 444
Queries corresponds to this tree: 4
Queries corresponds to this tree: 198
Queries corresponds to this tree: 376
Queries corresponds to this tree: 820
Queries corresponds to this tree: 1512
Queries corresponds to this tree: 2280
Queries corresponds to this tree: 1050624
Queries corresponds to this tree: 6265272
Queries corresponds to this tree: 511398624
Queries corresponds to this tree: 197541
Queries corresponds to this tree: 9504384
Queries corresponds to this tree: 2591094
Queries corresponds to this tree: 8712
Queries corresponds to this tree: 1548
Queries corresponds to this tree: 36
Queries corresponds to this tree: 9030
Queries corresponds to this tree: 24633
Queries corresponds to this tree: 384
Queries corresponds to this tree: 60
Queries corresponds to this tree: 42240
Queries corresponds to this tree: 165
Queries corresponds to this tree: 4761
Queries corresponds to this tree: 109440
Queries corresponds to this tree: 78690
Queries corresponds to this tree: 120
Queries corresponds to this tree: 66
Queries corresponds to this tree: 870
Queries corresponds to this tree: 15
Queries corresponds to this tree: 80496
Queries corresponds to this tree: 312
Queries corresponds to this tree: 2838
Queries corresponds to this tree: 6450
Queries corresponds to this tree: 60
Queries corresponds to this tree: 52608
Queries corresponds to this tree: 12
Queries corresponds to this tree: 66
Queries corresponds to this tree: 24
Queries corresponds to this tree: 2838
Queries corresponds to this tree: 1326378
Queries corresponds to this tree: 96020100
Queries corresponds to this tree: 43884
Queries corresponds to this tree: 2136960
Queries corresponds to this tree: 9030
Queries corresponds to this tree: 192
Queries corresponds to this tree: 6450
Queries corresponds to this tree: 47196
Queries corresponds to this tree: 24
Queries corresponds to this tree: 12
Queries corresponds to this tree: 12
Queries corresponds to this tree: 1548
Queries corresponds to this tree: 36
Queries corresponds to this tree: 17980020
Queries corresponds to this tree: 1268673120
Queries corresponds to this tree: 545400
Queries corresponds to this tree: 29475840
Queries corresponds to this tree: 61920
Queries corresponds to this tree: 264
Queries corresponds to this tree: 10287
Queries corresponds to this tree: 3255264
Queries corresponds to this tree: 14640
Queries corresponds to this tree: 165
Queries corresponds to this tree: 45
Queries corresponds to this tree: 13680
Queries corresponds to this tree: 3116124
Queries corresponds to this tree: 4752
Queries corresponds to this tree: 1960284
Queries corresponds to this tree: 248408226
Queries corresponds to this tree: 68382
Queries corresponds to this tree: 8878656
Queries corresponds to this tree: 840
Queries corresponds to this tree: 2546460
Queries corresponds to this tree: 58716
Queries corresponds to this tree: 7296
Queries corresponds to this tree: 1538712
Queries corresponds to this tree: 23856
Queries corresponds to this tree: 8022
Queries corresponds to this tree: 1164
Queries corresponds to this tree: 1512
Queries corresponds to this tree: 2280
Queries corresponds to this tree: 1050624
Queries corresponds to this tree: 790740
Queries corresponds to this tree: 65847
Queries corresponds to this tree: 8876736
Queries corresponds to this tree: 4356
Queries corresponds to this tree: 18
Queries corresponds to this tree: 8064
Queries corresponds to this tree: 24633
Queries corresponds to this tree: 165
Queries corresponds to this tree: 116160
Queries corresponds to this tree: 60
Queries corresponds to this tree: 4761
Queries corresponds to this tree: 105792
Queries corresponds to this tree: 60
Queries corresponds to this tree: 662400
Queries corresponds to this tree: 10350
Queries corresponds to this tree: 66
Queries corresponds to this tree: 870
Queries corresponds to this tree: 5030100
Queries corresponds to this tree: 10350
Queries corresponds to this tree: 15
Queries corresponds to this tree: 41400
Queries corresponds to this tree: 156
Queries corresponds to this tree: 60
Queries corresponds to this tree: 12
Queries corresponds to this tree: 790740
Queries corresponds to this tree: 24
Queries corresponds to this tree: 66
Queries corresponds to this tree: 14628
Queries corresponds to this tree: 9408
Queries corresponds to this tree: 3648
Queries corresponds to this tree: 47196
Queries corresponds to this tree: 292515840
Queries corresponds to this tree: 24
Queries corresponds to this tree: 12
Queries corresponds to this tree: 12
Queries corresponds to this tree: 18
Queries corresponds to this tree: 181800
Queries corresponds to this tree: 894819600
Queries corresponds to this tree: 34905600
Queries corresponds to this tree: 420418560
Queries corresponds to this tree: 132
Queries corresponds to this tree: 10287
Queries corresponds to this tree: 44165520
Queries corresponds to this tree: 4114800
Queries corresponds to this tree: 69933312
Queries corresponds to this tree: 51750
Queries corresponds to this tree: 165
Queries corresponds to this tree: 147840
Queries corresponds to this tree: 45
Queries corresponds to this tree: 124200
Queries corresponds to this tree: 51750
Queries corresponds to this tree: 2376
Queries corresponds to this tree: 26231040
Queries corresponds to this tree: 22794
Queries corresponds to this tree: 112806720
Queries corresponds to this tree: 840
Queries corresponds to this tree: 4409100
Queries corresponds to this tree: 29358
Queries corresponds to this tree: 81375840
Queries corresponds to this tree: 1056
Queries corresponds to this tree: 11928
Queries corresponds to this tree: 32921280
Queries corresponds to this tree: 10837440
Queries corresponds to this tree: 63470592
Queries corresponds to this tree: 8022
Queries corresponds to this tree: 30048120
Queries corresponds to this tree: 4015584
Queries corresponds to this tree: 56914944
Queries corresponds to this tree: 1164
Queries corresponds to this tree: 714
Queries corresponds to this tree: 384
Queries corresponds to this tree: 15
Queries corresponds to this tree: 10560
Queries corresponds to this tree: 15
Queries corresponds to this tree: 4140
Queries corresponds to this tree: 4140
Queries corresponds to this tree: 2370
Queries corresponds to this tree: 2078016
Queries corresponds to this tree: 2370
Queries corresponds to this tree: 116508
Queries corresponds to this tree: 686072520
Queries corresponds to this tree: 288
Queries corresponds to this tree: 10260
Queries corresponds to this tree: 63590400
Queries corresponds to this tree: 10260
Queries corresponds to this tree: 6
Queries corresponds to this tree: 6
Queries corresponds to this tree: 297
Queries corresponds to this tree: 819720
Queries corresponds to this tree: 297
Queries corresponds to this tree: 41400
Queries corresponds to this tree: 10944
Queries corresponds to this tree: 1386
Queries corresponds to this tree: 5191560
Queries corresponds to this tree: 693792
Queries corresponds to this tree: 9833472
Queries corresponds to this tree: 1386
Queries corresponds to this tree: 2943
Queries corresponds to this tree: 20306700
Queries corresponds to this tree: 2943
Queries corresponds to this tree: 10378980
Queries corresponds to this tree: 3296160
Queries corresponds to this tree: 35075328
Queries corresponds to this tree: 12474
Queries corresponds to this tree: 12474
Queries corresponds to this tree: 21582
Queries corresponds to this tree: 154330920
Queries corresponds to this tree: 21582
Queries corresponds to this tree: 70396560
Queries corresponds to this tree: 180
Queries corresponds to this tree: 82944
Queries corresponds to this tree: 136620
Queries corresponds to this tree: 227520
Queries corresponds to this tree: 219936
Queries corresponds to this tree: 9300
Queries corresponds to this tree: 8898240
Queries corresponds to this tree: 124200
Queries corresponds to this tree: 2592
Queries corresponds to this tree: 2592
Queries corresponds to this tree: 198
Queries corresponds to this tree: 198
Queries corresponds to this tree: 726
Queries corresponds to this tree: 5742
Queries corresponds to this tree: 5742
Queries corresponds to this tree: 33198660
Queries corresponds to this tree: 8280
Queries corresponds to this tree: 3
Queries corresponds to this tree: 8280
Queries corresponds to this tree: 3
Queries corresponds to this tree: 180
Queries corresponds to this tree: 180
Queries corresponds to this tree: 4140
Queries corresponds to this tree: 744
Queries corresponds to this tree: 3535560
Queries corresponds to this tree: 3
Queries corresponds to this tree: 3
Queries corresponds to this tree: 12
Queries corresponds to this tree: 41400
Queries corresponds to this tree: 4266
Queries corresponds to this tree: 18315360
Queries corresponds to this tree: 1706400
Queries corresponds to this tree: 29001216
Queries corresponds to this tree: 4266
Queries corresponds to this tree: 1349952
Queries corresponds to this tree: 72828
Queries corresponds to this tree: 271948320
Queries corresponds to this tree: 29713824
Queries corresponds to this tree: 483098112
Queries corresponds to this tree: 540
Queries corresponds to this tree: 535680
Queries corresponds to this tree: 540
Queries corresponds to this tree: 1635300
Queries corresponds to this tree: 462624
Queries corresponds to this tree: 495
Queries corresponds to this tree: 495
Queries corresponds to this tree: 443520
Queries corresponds to this tree: 168
Queries corresponds to this tree: 881820
Queries corresponds to this tree: 168
Queries corresponds to this tree: 88854
Queries corresponds to this tree: 96
Queries corresponds to this tree: 671
Queries corresponds to this tree: 5292
Queries corresponds to this tree: 26660
Queries corresponds to this tree: 620
Queries corresponds to this tree: 9600
Queries corresponds to this tree: 1472
Queries corresponds to this tree: 230
Queries corresponds to this tree: 161920
Queries corresponds to this tree: 91848
Queries corresponds to this tree: 1424
Queries corresponds to this tree: 512
Queries corresponds to this tree: 1384944
Queries corresponds to this tree: 2112
Queries corresponds to this tree: 15312
Queries corresponds to this tree: 340
Queries corresponds to this tree: 281736
Queries corresponds to this tree: 1092
Queries corresponds to this tree: 1806
Queries corresponds to this tree: 24596
Queries corresponds to this tree: 88
Queries corresponds to this tree: 91848
Queries corresponds to this tree: 15765816
Queries corresponds to this tree: 3204
Queries corresponds to this tree: 478464
Queries corresponds to this tree: 1550
Queries corresponds to this tree: 1359040
Queries corresponds to this tree: 42
Queries corresponds to this tree: 52976
Queries corresponds to this tree: 1232
Queries corresponds to this tree: 76
Queries corresponds to this tree: 2586020
Queries corresponds to this tree: 187209000
Queries corresponds to this tree: 85560
Queries corresponds to this tree: 4166400
Queries corresponds to this tree: 4960
Queries corresponds to this tree: 1806
Queries corresponds to this tree: 76
Queries corresponds to this tree: 42
Queries corresponds to this tree: 38
Queries corresponds to this tree: 26660
Queries corresponds to this tree: 620
Queries corresponds to this tree: 50
Queries corresponds to this tree: 216720
Queries corresponds to this tree: 924
Queries corresponds to this tree: 440
Queries corresponds to this tree: 3718640
Queries corresponds to this tree: 127661776
Queries corresponds to this tree: 129720
Queries corresponds to this tree: 5811456
Queries corresponds to this tree: 1561600
Queries corresponds to this tree: 4800
Queries corresponds to this tree: 310080
Queries corresponds to this tree: 14528
Queries corresponds to this tree: 7980800
Queries corresponds to this tree: 1011331200
Queries corresponds to this tree: 278400
Queries corresponds to this tree: 36147200
Queries corresponds to this tree: 10752
Queries corresponds to this tree: 32336000
Queries corresponds to this tree: 745600
Queries corresponds to this tree: 15308
Queries corresponds to this tree: 3686
Queries corresponds to this tree: 9072
Queries corresponds to this tree: 900
Queries corresponds to this tree: 414720
Queries corresponds to this tree: 1618864
Queries corresponds to this tree: 132138688
Queries corresponds to this tree: 51042
Queries corresponds to this tree: 2455808
Queries corresponds to this tree: 2498300
Queries corresponds to this tree: 8400
Queries corresponds to this tree: 6364
Queries corresponds to this tree: 148
Queries corresponds to this tree: 18060
Queries corresponds to this tree: 10710
Queries corresponds to this tree: 2560
Queries corresponds to this tree: 400
Queries corresponds to this tree: 281600
Queries corresponds to this tree: 410
Queries corresponds to this tree: 2070
Queries corresponds to this tree: 43200
Queries corresponds to this tree: 398696
Queries corresponds to this tree: 608
Queries corresponds to this tree: 164
Queries corresponds to this tree: 4292
Queries corresponds to this tree: 74
Queries corresponds to this tree: 496392
Queries corresponds to this tree: 1924
Queries corresponds to this tree: 7224
Queries corresponds to this tree: 14620
Queries corresponds to this tree: 400
Queries corresponds to this tree: 350720
Queries corresponds to this tree: 80
Queries corresponds to this tree: 164
Queries corresponds to this tree: 144
Queries corresponds to this tree: 7224
Queries corresponds to this tree: 2836280
Queries corresponds to this tree: 205326000
Queries corresponds to this tree: 93840
Queries corresponds to this tree: 4569600
Queries corresponds to this tree: 18060
Queries corresponds to this tree: 1280
Queries corresponds to this tree: 14620
Queries corresponds to this tree: 8436
Queries corresponds to this tree: 144
Queries corresponds to this tree: 72
Queries corresponds to this tree: 80
Queries corresponds to this tree: 6364
Queries corresponds to this tree: 148
Queries corresponds to this tree: 1406358
Queries corresponds to this tree: 99232848
Queries corresponds to this tree: 42660
Queries corresponds to this tree: 2305536
Queries corresponds to this tree: 381840
Queries corresponds to this tree: 1628
Queries corresponds to this tree: 1404
Queries corresponds to this tree: 444288
Queries corresponds to this tree: 80032
Queries corresponds to this tree: 410
Queries corresponds to this tree: 222
Queries corresponds to this tree: 74784
Queries corresponds to this tree: 1080676
Queries corresponds to this tree: 1648
Queries corresponds to this tree: 1715872
Queries corresponds to this tree: 217436208
Queries corresponds to this tree: 59856
Queries corresponds to this tree: 7771648
Queries corresponds to this tree: 4144
Queries corresponds to this tree: 1535960
Queries corresponds to this tree: 35416
Queries corresponds to this tree: 2880
Queries corresponds to this tree: 260064
Queries corresponds to this tree: 4032
Queries corresponds to this tree: 1960
Queries corresponds to this tree: 6984
Queries corresponds to this tree: 3440
Queries corresponds to this tree: 5292
Queries corresponds to this tree: 310
Queries corresponds to this tree: 10750
Queries corresponds to this tree: 230
Queries corresponds to this tree: 1010328
Queries corresponds to this tree: 1424
Queries corresponds to this tree: 14681796
Queries corresponds to this tree: 18668640
Queries corresponds to this tree: 660480
Queries corresponds to this tree: 1024
Queries corresponds to this tree: 7838976
Queries corresponds to this tree: 10598400
Queries corresponds to this tree: 1056
Queries corresponds to this tree: 11658240
Queries corresponds to this tree: 182160
Queries corresponds to this tree: 15312
Queries corresponds to this tree: 88529760
Queries corresponds to this tree: 132480
Queries corresponds to this tree: 340
Queries corresponds to this tree: 938400
Queries corresponds to this tree: 546
Queries corresponds to this tree: 3440
Queries corresponds to this tree: 1892
Queries corresponds to this tree: 24596
Queries corresponds to this tree: 88
Queries corresponds to this tree: 1592032
Queries corresponds to this tree: 2136
Queries corresponds to this tree: 1550
Queries corresponds to this tree: 42
Queries corresponds to this tree: 317856
Queries corresponds to this tree: 1232
Queries corresponds to this tree: 76
Queries corresponds to this tree: 28520
Queries corresponds to this tree: 76
Queries corresponds to this tree: 38
Queries corresponds to this tree: 42
Queries corresponds to this tree: 4300
Queries corresponds to this tree: 100
Queries corresponds to this tree: 310
Queries corresponds to this tree: 206400
Queries corresponds to this tree: 880
Queries corresponds to this tree: 462
Queries corresponds to this tree: 31050644
Queries corresponds to this tree: 86480
Queries corresponds to this tree: 166845864
Queries corresponds to this tree: 256586160
Queries corresponds to this tree: 5520000
Queries corresponds to this tree: 4800
Queries corresponds to this tree: 13248000
Queries corresponds to this tree: 1173000
Queries corresponds to this tree: 19522
Queries corresponds to this tree: 375004
Queries corresponds to this tree: 939780
Queries corresponds to this tree: 92800
Queries corresponds to this tree: 459264000
Queries corresponds to this tree: 10752
Queries corresponds to this tree: 56436480
Queries corresponds to this tree: 372800
Queries corresponds to this tree: 1033344000
Queries corresponds to this tree: 15308
Queries corresponds to this tree: 3686
Queries corresponds to this tree: 9072
Queries corresponds to this tree: 900
Queries corresponds to this tree: 414720
Queries corresponds to this tree: 193200
Queries corresponds to this tree: 17014
Queries corresponds to this tree: 2293632
Queries corresponds to this tree: 4200
Queries corresponds to this tree: 74
Queries corresponds to this tree: 16128
Queries corresponds to this tree: 10710
Queries corresponds to this tree: 410
Queries corresponds to this tree: 288640
Queries corresponds to this tree: 400
Queries corresponds to this tree: 2070
Queries corresponds to this tree: 41760
Queries corresponds to this tree: 304
Queries corresponds to this tree: 3356160
Queries corresponds to this tree: 56580
Queries corresponds to this tree: 164
Queries corresponds to this tree: 4292
Queries corresponds to this tree: 24815160
Queries corresponds to this tree: 56580
Queries corresponds to this tree: 74
Queries corresponds to this tree: 204240
Queries corresponds to this tree: 962
Queries corresponds to this tree: 400
Queries corresponds to this tree: 80
Queries corresponds to this tree: 193200
Queries corresponds to this tree: 144
Queries corresponds to this tree: 164
Queries corresponds to this tree: 31280
Queries corresponds to this tree: 18816
Queries corresponds to this tree: 1440
Queries corresponds to this tree: 8436
Queries corresponds to this tree: 52285440
Queries corresponds to this tree: 144
Queries corresponds to this tree: 80
Queries corresponds to this tree: 72
Queries corresponds to this tree: 74
Queries corresponds to this tree: 14220
Queries corresponds to this tree: 69990840
Queries corresponds to this tree: 2730240
Queries corresponds to this tree: 32884224
Queries corresponds to this tree: 814
Queries corresponds to this tree: 1404
Queries corresponds to this tree: 6027840
Queries corresponds to this tree: 561600
Queries corresponds to this tree: 9544704
Queries corresponds to this tree: 282900
Queries corresponds to this tree: 410
Queries corresponds to this tree: 367360
Queries corresponds to this tree: 222
Queries corresponds to this tree: 612720
Queries corresponds to this tree: 282900
Queries corresponds to this tree: 824
Queries corresponds to this tree: 9096960
Queries corresponds to this tree: 19952
Queries corresponds to this tree: 98741760
Queries corresponds to this tree: 4144
Queries corresponds to this tree: 21751560
Queries corresponds to this tree: 17708
Queries corresponds to this tree: 49083840
Queries corresponds to this tree: 2624
Queries corresponds to this tree: 2016
Queries corresponds to this tree: 5564160
Queries corresponds to this tree: 1831680
Queries corresponds to this tree: 10727424
Queries corresponds to this tree: 1960
Queries corresponds to this tree: 7341600
Queries corresponds to this tree: 981120
Queries corresponds to this tree: 13905920
Queries corresponds to this tree: 6984
Queries corresponds to this tree: 4536
Queries corresponds to this tree: 2508
Queries corresponds to this tree: 8180640
Queries corresponds to this tree: 2100
Queries corresponds to this tree: 12558000
Queries corresponds to this tree: 49680
Queries corresponds to this tree: 1594
Queries corresponds to this tree: 75264
Queries corresponds to this tree: 1408
Queries corresponds to this tree: 200
Queries corresponds to this tree: 140800
Queries corresponds to this tree: 240
Queries corresponds to this tree: 552
Queries corresponds to this tree: 6094080
Queries corresponds to this tree: 2400
Queries corresponds to this tree: 864
Queries corresponds to this tree: 72
Queries corresponds to this tree: 4356
Queries corresponds to this tree: 2088
Queries corresponds to this tree: 12072240
Queries corresponds to this tree: 100
Queries corresponds to this tree: 276000
Queries corresponds to this tree: 44
Queries corresponds to this tree: 1794
Queries corresponds to this tree: 49680
Queries corresponds to this tree: 72
Queries corresponds to this tree: 64
Queries corresponds to this tree: 4712
Queries corresponds to this tree: 22391880
Queries corresponds to this tree: 357056
Queries corresponds to this tree: 64
Queries corresponds to this tree: 72
Queries corresponds to this tree: 32
Queries corresponds to this tree: 392
Queries corresponds to this tree: 638
Queries corresponds to this tree: 236
Queries corresponds to this tree: 814200
Queries corresponds to this tree: 520
Queries corresponds to this tree: 515840
Queries corresponds to this tree: 500
Queries corresponds to this tree: 448000
Queries corresponds to this tree: 300
Queries corresponds to this tree: 828000
Queries corresponds to this tree: 40128
Queries corresponds to this tree: 20544
Queries corresponds to this tree: 1844
Queries corresponds to this tree: 826112
Queries corresponds to this tree: 2016
Queries corresponds to this tree: 10581840
Queries corresponds to this tree: 1792
Queries corresponds to this tree: 371402
Queries corresponds to this tree: 1029468960
Queries corresponds to this tree: 3200
Queries corresponds to this tree: 22316
Queries corresponds to this tree: 61592160
Queries corresponds to this tree: 20275680
Queries corresponds to this tree: 118746624
Queries corresponds to this tree: 244416
Queries corresponds to this tree: 678101640
Queries corresponds to this tree: 24197184
Queries corresponds to this tree: 138828288
Queries corresponds to this tree: 1400
Queries corresponds to this tree: 5244000
Queries corresponds to this tree: 700800
Queries corresponds to this tree: 9932800
Queries corresponds to this tree: 1062
Queries corresponds to this tree: 3745320
Queries corresponds to this tree: 1189440
Queries corresponds to this tree: 12657152
Queries corresponds to this tree: 3104
Queries corresponds to this tree: 10320
Queries corresponds to this tree: 4536
Queries corresponds to this tree: 2508
Queries corresponds to this tree: 17934480
Queries corresponds to this tree: 3040100
Queries corresponds to this tree: 4200
Queries corresponds to this tree: 38532900
Queries corresponds to this tree: 39606000
Queries corresponds to this tree: 137084
Queries corresponds to this tree: 3188
Queries corresponds to this tree: 84280
Queries corresponds to this tree: 200
Queries corresponds to this tree: 309600
Queries corresponds to this tree: 480
Queries corresponds to this tree: 3674520
Queries corresponds to this tree: 4968000
Queries corresponds to this tree: 723948
Queries corresponds to this tree: 1104
Queries corresponds to this tree: 1453400
Queries corresponds to this tree: 4800
Queries corresponds to this tree: 864
Queries corresponds to this tree: 72
Queries corresponds to this tree: 4356
Queries corresponds to this tree: 2088
Queries corresponds to this tree: 22080
Queries corresponds to this tree: 44
Queries corresponds to this tree: 121440
Queries corresponds to this tree: 100
Queries corresponds to this tree: 925704
Queries corresponds to this tree: 3588
Queries corresponds to this tree: 4988
Queries corresponds to this tree: 52440
Queries corresponds to this tree: 64
Queries corresponds to this tree: 72
Queries corresponds to this tree: 4712
Queries corresponds to this tree: 22391880
Queries corresponds to this tree: 11868
Queries corresponds to this tree: 342710
Queries corresponds to this tree: 72
Queries corresponds to this tree: 64
Queries corresponds to this tree: 32
Queries corresponds to this tree: 33712
Queries corresponds to this tree: 784
Queries corresponds to this tree: 299280
Queries corresponds to this tree: 1276
Queries corresponds to this tree: 236
Queries corresponds to this tree: 814200
Queries corresponds to this tree: 520
Queries corresponds to this tree: 500
Queries corresponds to this tree: 300
Queries corresponds to this tree: 151800
Queries corresponds to this tree: 27606
Queries corresponds to this tree: 530292
Queries corresponds to this tree: 1328940
Queries corresponds to this tree: 555044
Queries corresponds to this tree: 3688
Queries corresponds to this tree: 1792
Queries corresponds to this tree: 9406080
Queries corresponds to this tree: 2016
Queries corresponds to this tree: 32214740
Queries corresponds to this tree: 742804
Queries corresponds to this tree: 2878764
Queries corresponds to this tree: 44632
Queries corresponds to this tree: 22224034
Queries corresponds to this tree: 488832
Queries corresponds to this tree: 216308160
Queries corresponds to this tree: -1196077936
Queries corresponds to this tree: 1400
Queries corresponds to this tree: 1062
Queries corresponds to this tree: 7327800
Queries corresponds to this tree: 3104
Queries corresponds to this tree: 14362
Queries corresponds to this tree: 20
Queries corresponds to this tree: 25724
Queries corresponds to this tree: 29670
Queries corresponds to this tree: 1720
Queries corresponds to this tree: 30468768
Queries corresponds to this tree: 59048
Queries corresponds to this tree: 2640
Queries corresponds to this tree: 3520
Queries corresponds to this tree: 535040
Queries corresponds to this tree: 15840
Queries corresponds to this tree: 18480
Queries corresponds to this tree: 20
Queries corresponds to this tree: 672
Queries corresponds to this tree: 232544
Queries corresponds to this tree: -457543424
Queries corresponds to this tree: 15760448
Queries corresponds to this tree: 704640
Queries corresponds to this tree: 939520
Queries corresponds to this tree: 142807040
Queries corresponds to this tree: 4227840
Queries corresponds to this tree: 4932480
Queries corresponds to this tree: 2432
Queries corresponds to this tree: 87936
Queries corresponds to this tree: 168
Queries corresponds to this tree: 12
Queries corresponds to this tree: 70
Queries corresponds to this tree: 6
Queries corresponds to this tree: 368
Queries corresponds to this tree: 1240
Queries corresponds to this tree: 2
Queries corresponds to this tree: 784
Queries corresponds to this tree: 2
Queries corresponds to this tree: 630
Queries corresponds to this tree: 12
Queries corresponds to this tree: 2
Queries corresponds to this tree: 3384
Queries corresponds to this tree: 60
Queries corresponds to this tree: 6
Queries corresponds to this tree: 66
Queries corresponds to this tree: 3224
Queries corresponds to this tree: 1200
Queries corresponds to this tree: 10492
Queries corresponds to this tree: 60
Queries corresponds to this tree: 7024
Queries corresponds to this tree: 336
Queries corresponds to this tree: 1680
Queries corresponds to this tree: 336
Queries corresponds to this tree: 11816
Queries corresponds to this tree: 57280
Queries corresponds to this tree: 48
Queries corresponds to this tree: 32032
Queries corresponds to this tree: 48
Queries corresponds to this tree: 882
Queries corresponds to this tree: 1978
Queries corresponds to this tree: 46
Queries corresponds to this tree: 24384
Queries corresponds to this tree: 224
Queries corresponds to this tree: 35
Queries corresponds to this tree: 24640
Queries corresponds to this tree: 90558
Queries corresponds to this tree: 1404
Queries corresponds to this tree: 648
Queries corresponds to this tree: 94428
Queries corresponds to this tree: 144
Queries corresponds to this tree: 1044
Queries corresponds to this tree: 25
Queries corresponds to this tree: 46956
Queries corresponds to this tree: 182
Queries corresponds to this tree: 301
Queries corresponds to this tree: 64844
Queries corresponds to this tree: 232
Queries corresponds to this tree: 143448
Queries corresponds to this tree: 24623016
Queries corresponds to this tree: 5004
Queries corresponds to this tree: 747264
Queries corresponds to this tree: 115
Queries corresponds to this tree: 100832
Queries corresponds to this tree: 7
Queries corresponds to this tree: 139664
Queries corresponds to this tree: 3248
Queries corresponds to this tree: 14
Queries corresponds to this tree: 191866
Queries corresponds to this tree: 13889700
Queries corresponds to this tree: 6348
Queries corresponds to this tree: 309120
Queries corresponds to this tree: 368
Queries corresponds to this tree: 301
Queries corresponds to this tree: 14
Queries corresponds to this tree: 7
Queries corresponds to this tree: 7
Queries corresponds to this tree: 1978
Queries corresponds to this tree: 46
Queries corresponds to this tree: 127
Queries corresponds to this tree: 36120
Queries corresponds to this tree: 154
Queries corresponds to this tree: 1232
Queries corresponds to this tree: 3212960
Queries corresponds to this tree: 110301664
Queries corresponds to this tree: 112080
Queries corresponds to this tree: 5021184
Queries corresponds to this tree: 148352
Queries corresponds to this tree: 456
Queries corresponds to this tree: 22800
Queries corresponds to this tree: 15072
Queries corresponds to this tree: 758176
Queries corresponds to this tree: 96076464
Queries corresponds to this tree: 26448
Queries corresponds to this tree: 3433984
Queries corresponds to this tree: 784
Queries corresponds to this tree: 3071920
Queries corresponds to this tree: 70832
Queries corresponds to this tree: 23908
Queries corresponds to this tree: 679
Queries corresponds to this tree: 9632
Queries corresponds to this tree: 882
Queries corresponds to this tree: 23
Queries corresponds to this tree: 27305
Queries corresponds to this tree: 35
Queries corresponds to this tree: 996138
Queries corresponds to this tree: 1404
Queries corresponds to this tree: 14475591
Queries corresponds to this tree: 18406440
Queries corresponds to this tree: 835920
Queries corresponds to this tree: 1296
Queries corresponds to this tree: 9921204
Queries corresponds to this tree: 13413600
Queries corresponds to this tree: 72
Queries corresponds to this tree: 794880
Queries corresponds to this tree: 12420
Queries corresponds to this tree: 1044
Queries corresponds to this tree: 6036120
Queries corresponds to this tree: 9660
Queries corresponds to this tree: 25
Queries corresponds to this tree: 69000
Queries corresponds to this tree: 91
Queries corresponds to this tree: 9632
Queries corresponds to this tree: 4988
Queries corresponds to this tree: 64844
Queries corresponds to this tree: 232
Queries corresponds to this tree: 2486432
Queries corresponds to this tree: 3336
Queries corresponds to this tree: 115
Queries corresponds to this tree: 7
Queries corresponds to this tree: 837984
Queries corresponds to this tree: 3248
Queries corresponds to this tree: 14
Queries corresponds to this tree: 2116
Queries corresponds to this tree: 14
Queries corresponds to this tree: 7
Queries corresponds to this tree: 7
Queries corresponds to this tree: 10922
Queries corresponds to this tree: 254
Queries corresponds to this tree: 23
Queries corresponds to this tree: 577920
Queries corresponds to this tree: 2464
Queries corresponds to this tree: 77
Queries corresponds to this tree: 26828216
Queries corresponds to this tree: 74720
Queries corresponds to this tree: 144157296
Queries corresponds to this tree: 221694240
Queries corresponds to this tree: 524400
Queries corresponds to this tree: 456
Queries corresponds to this tree: 1258560
Queries corresponds to this tree: 86250
Queries corresponds to this tree: 20253
Queries corresponds to this tree: 389046
Queries corresponds to this tree: 974970
Queries corresponds to this tree: 8816
Queries corresponds to this tree: 43630080
Queries corresponds to this tree: 784
Queries corresponds to this tree: 4115160
Queries corresponds to this tree: 35416
Queries corresponds to this tree: 98167680
Queries corresponds to this tree: 23908
Queries corresponds to this tree: 679
Queries corresponds to this tree: 6902446
Queries corresponds to this tree: 23208
Queries corresponds to this tree: 11604
Queries corresponds to this tree: 9282
Queries corresponds to this tree: 2369
Queries corresponds to this tree: 2369
Queries corresponds to this tree: 1140188
Queries corresponds to this tree: 26516
Queries corresponds to this tree: 6841128
Queries corresponds to this tree: 26516
Queries corresponds to this tree: 20148
Queries corresponds to this tree: 118644120
Queries corresponds to this tree: 16
Queries corresponds to this tree: 16
Queries corresponds to this tree: 40291
Queries corresponds to this tree: 6156
Queries corresponds to this tree: 38154240
Queries corresponds to this tree: 6156
Queries corresponds to this tree: 16
Queries corresponds to this tree: 16
Queries corresponds to this tree: 304440
Queries corresponds to this tree: 1298
Queries corresponds to this tree: 649
Queries corresponds to this tree: 28005341
Queries corresponds to this tree: 151606
Queries corresponds to this tree: 582
Queries corresponds to this tree: 8428
Queries corresponds to this tree: 4914
Queries corresponds to this tree: 4914
Queries corresponds to this tree: 4884
Queries corresponds to this tree: 34925040
Queries corresponds to this tree: 4884
Queries corresponds to this tree: 15930720
Queries corresponds to this tree: 1250784
Queries corresponds to this tree: 1728
Queries corresponds to this tree: 15853536
Queries corresponds to this tree: 16295040
Queries corresponds to this tree: 864
Queries corresponds to this tree: 5166720
Queries corresponds to this tree: 102120
Queries corresponds to this tree: 2687586
Queries corresponds to this tree: 3788
Queries corresponds to this tree: 39055227
Queries corresponds to this tree: 49660680
Queries corresponds to this tree: 244326
Queries corresponds to this tree: 3788
Queries corresponds to this tree: 252840
Queries corresponds to this tree: 392
Queries corresponds to this tree: 3000858
Queries corresponds to this tree: 4057200
Queries corresponds to this tree: 196
Queries corresponds to this tree: 524600
Queries corresponds to this tree: 800
Queries corresponds to this tree: 400
Queries corresponds to this tree: 4416000
Queries corresponds to this tree: 1010113
Queries corresponds to this tree: 3336
Queries corresponds to this tree: 1668
Queries corresponds to this tree: 1656
Queries corresponds to this tree: 1656
Queries corresponds to this tree: 50370
Queries corresponds to this tree: 138
Queries corresponds to this tree: 138
Queries corresponds to this tree: 1210
Queries corresponds to this tree: 2262
Queries corresponds to this tree: 2262
Queries corresponds to this tree: 13078260
Queries corresponds to this tree: 28980
Queries corresponds to this tree: 670800
Queries corresponds to this tree: 2600
Queries corresponds to this tree: 1300
Queries corresponds to this tree: 7654
Queries corresponds to this tree: 14491
Queries corresponds to this tree: 193973
Queries corresponds to this tree: 694
Queries corresponds to this tree: 73
Queries corresponds to this tree: 73
Queries corresponds to this tree: 13800
Queries corresponds to this tree: 1240
Queries corresponds to this tree: 5892600
Queries corresponds to this tree: 11180
Queries corresponds to this tree: 23850165
Queries corresponds to this tree: 57440
Queries corresponds to this tree: 290073795
Queries corresponds to this tree: 549916200
Queries corresponds to this tree: 12
Queries corresponds to this tree: 12
Queries corresponds to this tree: 2549556
Queries corresponds to this tree: 3888
Queries corresponds to this tree: 1944
Queries corresponds to this tree: 21461760
Queries corresponds to this tree: 448
Queries corresponds to this tree: 2351520
Queries corresponds to this tree: 448
Queries corresponds to this tree: 32128
Queries corresponds to this tree: 110
Queries corresponds to this tree: 5934
Queries corresponds to this tree: 216051264
Queries corresponds to this tree: 418704
Queries corresponds to this tree: 18720
Queries corresponds to this tree: 24960
Queries corresponds to this tree: 3793920
Queries corresponds to this tree: 112320
Queries corresponds to this tree: 131040
Queries corresponds to this tree: 60
Queries corresponds to this tree: 2432
Queries corresponds to this tree: 60
Queries corresponds to this tree: 147660
Queries corresponds to this tree: 3840
Queries corresponds to this tree: 34688
Total Tree Count: 2409
Total Query Count: 237480800
[Enumeration Finished]
[[Synthesizer finished]] time: 14:54:57:824
