================
[[Synthesizer start]] data/019
[Enumerator Type] CanonicalTableEnumeratorOnTheFly
[Initialize Enumeration]
  Parameterized Table Number: 11
[Enumeration Start]
[Stage 1] EnumFilterNamed: 
	Queries generated: 23
	Tables generated: 4
	Total Table by now: 4
[Stage 2] EnumAggregationNode: 
	Queries generated: 196
	Tables generated: 21
	Total Table by now: 25
[Stage 3] EnumJoin1 
	Queries generated: 3785
	Tables generated: 526
	Total Table by now: 551
We have 1000 tables now; Avg size: 62.426
We have 2000 tables now; Avg size: 92.409
We have 3000 tables now; Avg size: 93.426
We have 4000 tables now; Avg size: 100.77825
We have 5000 tables now; Avg size: 113.5432
We have 6000 tables now; Avg size: 117.17233333333333
We have 7000 tables now; Avg size: 122.336
We have 8000 tables now; Avg size: 123.2115
We have 9000 tables now; Avg size: 126.19877777777778
We have 10000 tables now; Avg size: 126.5836
We have 11000 tables now; Avg size: 129.5270909090909
We have 12000 tables now; Avg size: 127.98816666666667
We have 13000 tables now; Avg size: 125.196
We have 14000 tables now; Avg size: 128.79185714285714
We have 15000 tables now; Avg size: 126.76026666666667
We have 16000 tables now; Avg size: 128.0210625
We have 17000 tables now; Avg size: 128.07317647058824
We have 18000 tables now; Avg size: 128.4425
We have 19000 tables now; Avg size: 132.53915789473683
We have 20000 tables now; Avg size: 129.83755
We have 21000 tables now; Avg size: 129.9907619047619
We have 22000 tables now; Avg size: 128.59345454545453
We have 23000 tables now; Avg size: 129.2106956521739
We have 24000 tables now; Avg size: 129.531
We have 25000 tables now; Avg size: 132.1868
We have 26000 tables now; Avg size: 133.24334615384615
We have 27000 tables now; Avg size: 132.75985185185186
We have 28000 tables now; Avg size: 132.9915357142857
We have 29000 tables now; Avg size: 134.6993448275862
We have 30000 tables now; Avg size: 134.10433333333333
We have 31000 tables now; Avg size: 135.29667741935484
We have 32000 tables now; Avg size: 135.10928125
We have 33000 tables now; Avg size: 135.8301818181818
We have 34000 tables now; Avg size: 135.66544117647058
We have 35000 tables now; Avg size: 135.59848571428572
We have 36000 tables now; Avg size: 136.12877777777777
We have 37000 tables now; Avg size: 135.9585945945946
[Stage 4] EnumJoin2 
	Queries generated: 392778
	Tables generated: 37077
	Total Table by now: 37102
[Runner up Table Count] 125
[Consistent Table number] 125
Queries corresponds to this tree: 1
Total Tree Count: 1
Total Query Count: 1
[Enumeration Finished]
[[Synthesizer finished]] time: 01:11:07:55
