================
[[Synthesizer start]] data/020
[Enumerator Type] CanonicalTableEnumeratorOnTheFly
[Initialize Enumeration]
  Parameterized Table Number: 97
[Enumeration Start]
[Stage 1] EnumFilterNamed: 
	Queries generated: 4344
	Tables generated: 14
	Total Table by now: 14
[Stage 2] EnumAggregationNode: 
	Queries generated: 954
	Tables generated: 14
	Total Table by now: 28
We have 1000 tables now; Avg size: 31.462
[Stage 3] EnumJoin1 
	Queries generated: 210808
	Tables generated: 1004
	Total Table by now: 1032
We have 2000 tables now; Avg size: 43.5315
We have 3000 tables now; Avg size: 52.964333333333336
We have 4000 tables now; Avg size: 76.60175
We have 5000 tables now; Avg size: 101.5212
We have 6000 tables now; Avg size: 106.37483333333333
We have 7000 tables now; Avg size: 118.82257142857142
We have 8000 tables now; Avg size: 133.624
We have 9000 tables now; Avg size: 131.958
We have 10000 tables now; Avg size: 131.2736
We have 11000 tables now; Avg size: 129.99645454545455
