================
[[Synthesizer start]] data/022
[Enumerator Type] CanonicalTableEnumeratorOnTheFly
[Initialize Enumeration]
  Parameterized Table Number: 0
[Enumeration Start]
[Stage 1] EnumFilterNamed: 
	Queries generated: 469
	Tables generated: 3
	Total Table by now: 3
[Stage 2] EnumAggregationNode: 
	Queries generated: 6116
	Tables generated: 183
	Total Table by now: 186
We have 1000 tables now; Avg size: 203.529
We have 2000 tables now; Avg size: 208.526
We have 3000 tables now; Avg size: 216.668
[Stage 3] EnumJoin1 
	Queries generated: 102666
	Tables generated: 3773
	Total Table by now: 3959
We have 4000 tables now; Avg size: 227.65925
We have 5000 tables now; Avg size: 340.4142
We have 6000 tables now; Avg size: 507.4716666666667
We have 7000 tables now; Avg size: 601.1722857142857
We have 8000 tables now; Avg size: 780.14975
We have 9000 tables now; Avg size: 868.4777777777778
We have 10000 tables now; Avg size: 949.6442
We have 11000 tables now; Avg size: 976.8641818181818
We have 12000 tables now; Avg size: 993.8914166666667
We have 13000 tables now; Avg size: 990.9533076923077
We have 14000 tables now; Avg size: 1018.5307857142857
We have 15000 tables now; Avg size: 1060.6154666666666
We have 16000 tables now; Avg size: 1062.8653125
We have 17000 tables now; Avg size: 1110.1303529411764
We have 18000 tables now; Avg size: 1115.2063888888888
We have 19000 tables now; Avg size: 1089.6932631578948
We have 20000 tables now; Avg size: 1094.6808
We have 21000 tables now; Avg size: 1064.702476190476
We have 22000 tables now; Avg size: 1050.306
We have 23000 tables now; Avg size: 1034.2391304347825
We have 24000 tables now; Avg size: 1045.7751666666666
We have 25000 tables now; Avg size: 1055.88428
We have 26000 tables now; Avg size: 1067.9466153846154
We have 27000 tables now; Avg size: 1066.4538518518518
We have 28000 tables now; Avg size: 1062.4751428571428
We have 29000 tables now; Avg size: 1061.7330689655173
We have 30000 tables now; Avg size: 1097.4159333333334
We have 31000 tables now; Avg size: 1098.6279032258064
