================
[[Synthesizer start]] data/023
[Enumerator Type] CanonicalTableEnumeratorOnTheFly
[Initialize Enumeration]
  Parameterized Table Number: 0
[Enumeration Start]
[Stage 1] EnumFilterNamed: 
	Queries generated: 46
	Tables generated: 2
	Total Table by now: 2
[Stage 2] EnumAggregationNode: 
	Queries generated: 64
	Tables generated: 26
	Total Table by now: 28
[Stage 3] EnumJoin1 
	Queries generated: 1140
	Tables generated: 141
	Total Table by now: 169
We have 1000 tables now; Avg size: 170.341
We have 2000 tables now; Avg size: 176.6785
We have 3000 tables now; Avg size: 183.20166666666665
We have 4000 tables now; Avg size: 183.11225
We have 5000 tables now; Avg size: 179.3662
[Stage 4] EnumJoin2 
	Queries generated: 43959
	Tables generated: 5627
	Total Table by now: 5655
[Runner up Table Count] 9
[Consistent Table number] 9
Queries corresponds to this tree: 3
Queries corresponds to this tree: 4
Queries corresponds to this tree: 4
Queries corresponds to this tree: 4
Total Tree Count: 4
Total Query Count: 15
[Enumeration Finished]
[[Synthesizer finished]] time: 00:02:05:851
