================
[[Synthesizer start]] data/024
[Enumerator Type] CanonicalTableEnumeratorOnTheFly
[Initialize Enumeration]
  Parameterized Table Number: 0
[Enumeration Start]
[Stage 1] EnumFilterNamed: 
	Queries generated: 36
	Tables generated: 4
	Total Table by now: 4
[Stage 2] EnumAggregationNode: 
	Queries generated: 14
	Tables generated: 5
	Total Table by now: 9
[Stage 3] EnumJoin1 
	Queries generated: 1176
	Tables generated: 237
	Total Table by now: 246
We have 1000 tables now; Avg size: 76.65
We have 2000 tables now; Avg size: 94.511
We have 3000 tables now; Avg size: 113.969
We have 4000 tables now; Avg size: 117.736
We have 5000 tables now; Avg size: 113.6768
We have 6000 tables now; Avg size: 123.274
We have 7000 tables now; Avg size: 125.05957142857143
We have 8000 tables now; Avg size: 124.23775
We have 9000 tables now; Avg size: 128.35344444444445
We have 10000 tables now; Avg size: 129.2669
We have 11000 tables now; Avg size: 129.12563636363637
We have 12000 tables now; Avg size: 134.06891666666667
We have 13000 tables now; Avg size: 135.70007692307692
We have 14000 tables now; Avg size: 139.37364285714287
We have 15000 tables now; Avg size: 138.20133333333334
We have 16000 tables now; Avg size: 137.47775
We have 17000 tables now; Avg size: 137.1609411764706
We have 18000 tables now; Avg size: 136.74494444444446
We have 19000 tables now; Avg size: 138.15457894736844
We have 20000 tables now; Avg size: 140.05575
We have 21000 tables now; Avg size: 139.03166666666667
We have 22000 tables now; Avg size: 140.64377272727273
We have 23000 tables now; Avg size: 139.94052173913045
We have 24000 tables now; Avg size: 139.20045833333333
We have 25000 tables now; Avg size: 142.79872
We have 26000 tables now; Avg size: 141.72996153846154
We have 27000 tables now; Avg size: 142.45196296296297
[Stage 4] EnumJoin2 
	Queries generated: 172411
	Tables generated: 27741
	Total Table by now: 27750
[Runner up Table Count] 82
[Consistent Table number] 82
Queries corresponds to this tree: 2
Queries corresponds to this tree: 2
Queries corresponds to this tree: 1
Queries corresponds to this tree: 1
Queries corresponds to this tree: 48
Queries corresponds to this tree: 64
Queries corresponds to this tree: 3712
Queries corresponds to this tree: 1056
Queries corresponds to this tree: 704
Queries corresponds to this tree: 336
Queries corresponds to this tree: 144
Queries corresponds to this tree: 18
Queries corresponds to this tree: 9
Queries corresponds to this tree: 144
Queries corresponds to this tree: 32
Queries corresponds to this tree: 2
Queries corresponds to this tree: 192
Queries corresponds to this tree: 128
Queries corresponds to this tree: 128
Queries corresponds to this tree: 3456
Queries corresponds to this tree: 256
Queries corresponds to this tree: 32
Queries corresponds to this tree: 1
Queries corresponds to this tree: 1
Queries corresponds to this tree: 64
Queries corresponds to this tree: 8
Queries corresponds to this tree: 1152
Queries corresponds to this tree: 128
Queries corresponds to this tree: 24
Queries corresponds to this tree: 216
Queries corresponds to this tree: 8
Queries corresponds to this tree: 120
Queries corresponds to this tree: 1728
Queries corresponds to this tree: 64
Queries corresponds to this tree: 64
Queries corresponds to this tree: 120
Queries corresponds to this tree: 64
Queries corresponds to this tree: 312
Queries corresponds to this tree: 64
Queries corresponds to this tree: 13
Queries corresponds to this tree: 39
Queries corresponds to this tree: 96
Queries corresponds to this tree: 96
Queries corresponds to this tree: 208
Queries corresponds to this tree: 26
Queries corresponds to this tree: 624
Queries corresponds to this tree: 78
Queries corresponds to this tree: 48
Queries corresponds to this tree: 56
Queries corresponds to this tree: 240
Queries corresponds to this tree: 10
Queries corresponds to this tree: 10
Queries corresponds to this tree: 154
Queries corresponds to this tree: 6
Queries corresponds to this tree: 36
Queries corresponds to this tree: 520
Queries corresponds to this tree: 4
Queries corresponds to this tree: 32
Queries corresponds to this tree: 4
Queries corresponds to this tree: 1
Queries corresponds to this tree: 1
Queries corresponds to this tree: 3
Queries corresponds to this tree: 6
Queries corresponds to this tree: 4
Queries corresponds to this tree: 2
Queries corresponds to this tree: 1
Queries corresponds to this tree: 28
Queries corresponds to this tree: 20
Queries corresponds to this tree: 4
Queries corresponds to this tree: 1
Queries corresponds to this tree: 1
Queries corresponds to this tree: 1
Queries corresponds to this tree: 6
Queries corresponds to this tree: 2
Queries corresponds to this tree: 72
Queries corresponds to this tree: 32
Queries corresponds to this tree: 4
Queries corresponds to this tree: 18
Queries corresponds to this tree: 12
Queries corresponds to this tree: 28
Queries corresponds to this tree: 1
Queries corresponds to this tree: 2
Queries corresponds to this tree: 4
Queries corresponds to this tree: 1
Queries corresponds to this tree: 1
Queries corresponds to this tree: 4
Queries corresponds to this tree: 20
Queries corresponds to this tree: 2
Queries corresponds to this tree: 2
Queries corresponds to this tree: 1
Queries corresponds to this tree: 8
Queries corresponds to this tree: 1
Queries corresponds to this tree: 1
Queries corresponds to this tree: 1
Queries corresponds to this tree: 6
Queries corresponds to this tree: 9
Queries corresponds to this tree: 1
Queries corresponds to this tree: 80
Queries corresponds to this tree: 80
Queries corresponds to this tree: 18
Queries corresponds to this tree: 2
Queries corresponds to this tree: 6
Queries corresponds to this tree: 1
Queries corresponds to this tree: 1
Queries corresponds to this tree: 2
Queries corresponds to this tree: 42
Queries corresponds to this tree: 30
Queries corresponds to this tree: 6
Queries corresponds to this tree: 6
Queries corresponds to this tree: 6
Queries corresponds to this tree: 12
Queries corresponds to this tree: 2
Queries corresponds to this tree: 6
Queries corresponds to this tree: 94
Queries corresponds to this tree: 94
Queries corresponds to this tree: 16
Queries corresponds to this tree: 12
Queries corresponds to this tree: 256
Queries corresponds to this tree: 8
Queries corresponds to this tree: 2
Queries corresponds to this tree: 2
Queries corresponds to this tree: 156
Queries corresponds to this tree: 552
Queries corresponds to this tree: 1
Queries corresponds to this tree: 60
Queries corresponds to this tree: 456
Queries corresponds to this tree: 10
Queries corresponds to this tree: 10
Queries corresponds to this tree: 38
Queries corresponds to this tree: 23
Queries corresponds to this tree: 19
Queries corresponds to this tree: 3
Queries corresponds to this tree: 3
Queries corresponds to this tree: 1
Queries corresponds to this tree: 110
Queries corresponds to this tree: 70
Queries corresponds to this tree: 1
Queries corresponds to this tree: 4
Queries corresponds to this tree: 12
Queries corresponds to this tree: 128
Queries corresponds to this tree: 4
Queries corresponds to this tree: 864
Queries corresponds to this tree: 576
Queries corresponds to this tree: 2
Queries corresponds to this tree: 48
Queries corresponds to this tree: 1
Queries corresponds to this tree: 8
Queries corresponds to this tree: 16
Queries corresponds to this tree: 56
Queries corresponds to this tree: 16
Queries corresponds to this tree: 108
Queries corresponds to this tree: 976
Queries corresponds to this tree: 84
Queries corresponds to this tree: 24
Queries corresponds to this tree: 36
Queries corresponds to this tree: 1
Queries corresponds to this tree: 5
Queries corresponds to this tree: 2
Queries corresponds to this tree: 12
Queries corresponds to this tree: 12
Queries corresponds to this tree: 3
Queries corresponds to this tree: 1
Queries corresponds to this tree: 3
Queries corresponds to this tree: 2
Queries corresponds to this tree: 48
Queries corresponds to this tree: 2
Queries corresponds to this tree: 11
Queries corresponds to this tree: 2
Queries corresponds to this tree: 48
Queries corresponds to this tree: 1
Queries corresponds to this tree: 5
Queries corresponds to this tree: 5
Queries corresponds to this tree: 2
Queries corresponds to this tree: 2
Queries corresponds to this tree: 24
Queries corresponds to this tree: 7
Queries corresponds to this tree: 32
Queries corresponds to this tree: 32
Queries corresponds to this tree: 96
Queries corresponds to this tree: 4
Queries corresponds to this tree: 4
Queries corresponds to this tree: 1728
Queries corresponds to this tree: 128
Queries corresponds to this tree: 16
Queries corresponds to this tree: 80
Queries corresponds to this tree: 8
Queries corresponds to this tree: 4
Queries corresponds to this tree: 32
Queries corresponds to this tree: 16
Queries corresponds to this tree: 2
Queries corresponds to this tree: 2
Queries corresponds to this tree: 32
Queries corresponds to this tree: 2
Queries corresponds to this tree: 2
Queries corresponds to this tree: 48
Queries corresponds to this tree: 4
Queries corresponds to this tree: 64
Queries corresponds to this tree: 16
Queries corresponds to this tree: 1632
Queries corresponds to this tree: 204
Queries corresponds to this tree: 32
Queries corresponds to this tree: 576
Queries corresponds to this tree: 72
Queries corresponds to this tree: 4
Queries corresponds to this tree: 4
Queries corresponds to this tree: 32
Queries corresponds to this tree: 128
Queries corresponds to this tree: 4
Queries corresponds to this tree: 64
Queries corresponds to this tree: 4
Queries corresponds to this tree: 8
Queries corresponds to this tree: 288
Queries corresponds to this tree: 32
Queries corresponds to this tree: 64
Queries corresponds to this tree: 8
Queries corresponds to this tree: 16
Queries corresponds to this tree: 1632
Queries corresponds to this tree: 204
Queries corresponds to this tree: 32
Queries corresponds to this tree: 128
Queries corresponds to this tree: 36
Queries corresponds to this tree: 96
Queries corresponds to this tree: 4
Queries corresponds to this tree: 4
Queries corresponds to this tree: 4
Queries corresponds to this tree: 288
Queries corresponds to this tree: 64
Queries corresponds to this tree: 8
Queries corresponds to this tree: 8
Queries corresponds to this tree: 288
Queries corresponds to this tree: 32
Queries corresponds to this tree: 6
Queries corresponds to this tree: 1
Queries corresponds to this tree: 12
Queries corresponds to this tree: 26
Queries corresponds to this tree: 9
Queries corresponds to this tree: 1
Queries corresponds to this tree: 1
Queries corresponds to this tree: 2
Queries corresponds to this tree: 4
Queries corresponds to this tree: 2
Queries corresponds to this tree: 3
Queries corresponds to this tree: 4
Queries corresponds to this tree: 1
Queries corresponds to this tree: 32
Queries corresponds to this tree: 4
Queries corresponds to this tree: 3
Queries corresponds to this tree: 24
Queries corresponds to this tree: 16
Queries corresponds to this tree: 2
Queries corresponds to this tree: 4
Queries corresponds to this tree: 48
Queries corresponds to this tree: 6
Queries corresponds to this tree: 16
Queries corresponds to this tree: 2
Queries corresponds to this tree: 144
Queries corresponds to this tree: 3904
Queries corresponds to this tree: 64
Queries corresponds to this tree: 64
Queries corresponds to this tree: 336
Queries corresponds to this tree: 64
Queries corresponds to this tree: 432
Queries corresponds to this tree: 64
Queries corresponds to this tree: 96
Queries corresponds to this tree: 96
Queries corresponds to this tree: 32
Queries corresponds to this tree: 126
Queries corresponds to this tree: 32
Queries corresponds to this tree: 30
Queries corresponds to this tree: 344
Queries corresponds to this tree: 234
Queries corresponds to this tree: 54
Queries corresponds to this tree: 54
Queries corresponds to this tree: 30
Queries corresponds to this tree: 12
Queries corresponds to this tree: 1008
Queries corresponds to this tree: 1
Queries corresponds to this tree: 24
Queries corresponds to this tree: 4
Queries corresponds to this tree: 16
Queries corresponds to this tree: 7
Queries corresponds to this tree: 3
Queries corresponds to this tree: 48
Queries corresponds to this tree: 2
Queries corresponds to this tree: 1
Queries corresponds to this tree: 104
Queries corresponds to this tree: 2
Queries corresponds to this tree: 24
Queries corresponds to this tree: 1
Queries corresponds to this tree: 4
Queries corresponds to this tree: 7
Queries corresponds to this tree: 3
Queries corresponds to this tree: 88
Queries corresponds to this tree: 2
Queries corresponds to this tree: 1
Queries corresponds to this tree: 40
Queries corresponds to this tree: 2
Queries corresponds to this tree: 8
Queries corresponds to this tree: 752
Queries corresponds to this tree: 94
Queries corresponds to this tree: 752
Queries corresponds to this tree: 94
Queries corresponds to this tree: 4
Queries corresponds to this tree: 4
Queries corresponds to this tree: 4
Queries corresponds to this tree: 12
Queries corresponds to this tree: 32
Queries corresponds to this tree: 16
Queries corresponds to this tree: 5
Queries corresponds to this tree: 42
Queries corresponds to this tree: 2
Queries corresponds to this tree: 1
Queries corresponds to this tree: 3
Queries corresponds to this tree: 6
Queries corresponds to this tree: 18
Queries corresponds to this tree: 17
Queries corresponds to this tree: 12
Queries corresponds to this tree: 2
Queries corresponds to this tree: 2
Queries corresponds to this tree: 1
Queries corresponds to this tree: 9
Queries corresponds to this tree: 32
Queries corresponds to this tree: 168
Queries corresponds to this tree: 3
Queries corresponds to this tree: 14
Queries corresponds to this tree: 34
Queries corresponds to this tree: 4
Queries corresponds to this tree: 6
Queries corresponds to this tree: 5
Queries corresponds to this tree: 12
Queries corresponds to this tree: 8
Queries corresponds to this tree: 154
Queries corresponds to this tree: 42
Queries corresponds to this tree: 5
Queries corresponds to this tree: 3
Queries corresponds to this tree: 352
Queries corresponds to this tree: 352
Queries corresponds to this tree: 45
Queries corresponds to this tree: 24
Queries corresponds to this tree: 45
Queries corresponds to this tree: 12
Queries corresponds to this tree: 88
Queries corresponds to this tree: 12
Queries corresponds to this tree: 330
Queries corresponds to this tree: 2
Queries corresponds to this tree: 56
Queries corresponds to this tree: 2208
Queries corresponds to this tree: 624
Queries corresponds to this tree: 8
Queries corresponds to this tree: 1024
Queries corresponds to this tree: 32
Queries corresponds to this tree: 48
Queries corresponds to this tree: 64
Queries corresponds to this tree: 8
Queries corresponds to this tree: 1
Queries corresponds to this tree: 1
Queries corresponds to this tree: 16
Queries corresponds to this tree: 16
Queries corresponds to this tree: 48
Queries corresponds to this tree: 2
Queries corresponds to this tree: 2
Queries corresponds to this tree: 864
Queries corresponds to this tree: 64
Queries corresponds to this tree: 8
Queries corresponds to this tree: 80
Queries corresponds to this tree: 8
Queries corresponds to this tree: 4
Queries corresponds to this tree: 1
Queries corresponds to this tree: 1
Queries corresponds to this tree: 8
Queries corresponds to this tree: 8
Queries corresponds to this tree: 2
Queries corresponds to this tree: 2
Queries corresponds to this tree: 1
Queries corresponds to this tree: 1
Queries corresponds to this tree: 16
Queries corresponds to this tree: 24
Queries corresponds to this tree: 1
Queries corresponds to this tree: 1
Queries corresponds to this tree: 48
Queries corresponds to this tree: 32
Queries corresponds to this tree: 4
Queries corresponds to this tree: 13
Queries corresponds to this tree: 960
Queries corresponds to this tree: 120
Queries corresponds to this tree: 16
Queries corresponds to this tree: 104
Queries corresponds to this tree: 12
Queries corresponds to this tree: 48
Queries corresponds to this tree: 2
Queries corresponds to this tree: 2
Queries corresponds to this tree: 2
Queries corresponds to this tree: 96
Queries corresponds to this tree: 32
Queries corresponds to this tree: 4
Queries corresponds to this tree: 4
Queries corresponds to this tree: 144
Queries corresponds to this tree: 16
Queries corresponds to this tree: 2
Queries corresponds to this tree: 32
Queries corresponds to this tree: 13
Queries corresponds to this tree: 960
Queries corresponds to this tree: 120
Queries corresponds to this tree: 16
Queries corresponds to this tree: 192
Queries corresponds to this tree: 24
Queries corresponds to this tree: 2
Queries corresponds to this tree: 2
Queries corresponds to this tree: 16
Queries corresponds to this tree: 104
Queries corresponds to this tree: 2
Queries corresponds to this tree: 32
Queries corresponds to this tree: 2
Queries corresponds to this tree: 4
Queries corresponds to this tree: 144
Queries corresponds to this tree: 16
Queries corresponds to this tree: 216
Queries corresponds to this tree: 1376
Queries corresponds to this tree: 128
Queries corresponds to this tree: 128
Queries corresponds to this tree: 936
Queries corresponds to this tree: 128
Queries corresponds to this tree: 120
Queries corresponds to this tree: 128
Queries corresponds to this tree: 192
Queries corresponds to this tree: 192
Queries corresponds to this tree: 96
Queries corresponds to this tree: 96
Queries corresponds to this tree: 3584
Queries corresponds to this tree: 16
Queries corresponds to this tree: 120
Queries corresponds to this tree: 16
Queries corresponds to this tree: 9
Queries corresponds to this tree: 27
Queries corresponds to this tree: 56
Queries corresponds to this tree: 16
Queries corresponds to this tree: 54
Queries corresponds to this tree: 280
Queries corresponds to this tree: 24
Queries corresponds to this tree: 24
Queries corresponds to this tree: 24
Queries corresponds to this tree: 126
Queries corresponds to this tree: 6
Queries corresponds to this tree: 8
Queries corresponds to this tree: 64
Queries corresponds to this tree: 32
Queries corresponds to this tree: 4
Queries corresponds to this tree: 288
Queries corresponds to this tree: 128
Queries corresponds to this tree: 18
Queries corresponds to this tree: 1
Queries corresponds to this tree: 224
Queries corresponds to this tree: 160
Queries corresponds to this tree: 69
Queries corresponds to this tree: 5
Queries corresponds to this tree: 14
Queries corresponds to this tree: 4
Queries corresponds to this tree: 256
Queries corresponds to this tree: 8
Queries corresponds to this tree: 1
Queries corresponds to this tree: 1
Queries corresponds to this tree: 3
Queries corresponds to this tree: 2
Queries corresponds to this tree: 10
Queries corresponds to this tree: 27
Queries corresponds to this tree: 1
Queries corresponds to this tree: 81
Queries corresponds to this tree: 72
Queries corresponds to this tree: 2
Queries corresponds to this tree: 144
Queries corresponds to this tree: 24
Queries corresponds to this tree: 1
Queries corresponds to this tree: 30
Queries corresponds to this tree: 4
Queries corresponds to this tree: 1
Queries corresponds to this tree: 64
Queries corresponds to this tree: 2
Queries corresponds to this tree: 24
Queries corresponds to this tree: 660
Queries corresponds to this tree: 616
Queries corresponds to this tree: 8
Queries corresponds to this tree: 4
Queries corresponds to this tree: 1
Queries corresponds to this tree: 2
Queries corresponds to this tree: 1
Queries corresponds to this tree: 1
Queries corresponds to this tree: 2
Queries corresponds to this tree: 2
Queries corresponds to this tree: 2
Queries corresponds to this tree: 4
Queries corresponds to this tree: 1
Queries corresponds to this tree: 2
Queries corresponds to this tree: 2
Queries corresponds to this tree: 8
Queries corresponds to this tree: 88
Queries corresponds to this tree: 520
Queries corresponds to this tree: 16
Queries corresponds to this tree: 1
Queries corresponds to this tree: 16
Queries corresponds to this tree: 1
Queries corresponds to this tree: 352
Queries corresponds to this tree: 32
Queries corresponds to this tree: 2080
Queries corresponds to this tree: 8
Queries corresponds to this tree: 192
Queries corresponds to this tree: 24
Queries corresponds to this tree: 16
Queries corresponds to this tree: 144
Queries corresponds to this tree: 2080
Queries corresponds to this tree: 40
Queries corresponds to this tree: 960
Queries corresponds to this tree: 224
Queries corresponds to this tree: 192
Queries corresponds to this tree: 616
Queries corresponds to this tree: 40
Queries corresponds to this tree: 23
Queries corresponds to this tree: 48
Queries corresponds to this tree: 3
Queries corresponds to this tree: 48
Queries corresponds to this tree: 23
Queries corresponds to this tree: 27
Queries corresponds to this tree: 3
Queries corresponds to this tree: 23
Queries corresponds to this tree: 1
Queries corresponds to this tree: 1
Queries corresponds to this tree: 2432
Queries corresponds to this tree: 1
Queries corresponds to this tree: 336
Queries corresponds to this tree: 528
Queries corresponds to this tree: 336
Queries corresponds to this tree: 368
Queries corresponds to this tree: 46
Queries corresponds to this tree: 3
Queries corresponds to this tree: 368
Queries corresponds to this tree: 23
Queries corresponds to this tree: 24
Queries corresponds to this tree: 432
Queries corresponds to this tree: 54
Queries corresponds to this tree: 48
Queries corresponds to this tree: 6
Queries corresponds to this tree: 23
Queries corresponds to this tree: 1
Queries corresponds to this tree: 1
Queries corresponds to this tree: 184
Queries corresponds to this tree: 184
Queries corresponds to this tree: 1
Queries corresponds to this tree: 184
Queries corresponds to this tree: 4
Queries corresponds to this tree: 4
Queries corresponds to this tree: 48
Queries corresponds to this tree: 512
Queries corresponds to this tree: 352
Queries corresponds to this tree: 15360
Queries corresponds to this tree: 1
Queries corresponds to this tree: 16
Queries corresponds to this tree: 16
Queries corresponds to this tree: 1
Queries corresponds to this tree: 1
Queries corresponds to this tree: 24
Queries corresponds to this tree: 1
Queries corresponds to this tree: 120
Queries corresponds to this tree: 5
Queries corresponds to this tree: 1024
Queries corresponds to this tree: 2
Queries corresponds to this tree: 1
Queries corresponds to this tree: 576
Queries corresponds to this tree: 10
Queries corresponds to this tree: 24
Queries corresponds to this tree: 24
Queries corresponds to this tree: 1
Queries corresponds to this tree: 16
Queries corresponds to this tree: 27
Queries corresponds to this tree: 81
Queries corresponds to this tree: 1
Queries corresponds to this tree: 1
Queries corresponds to this tree: 69
Queries corresponds to this tree: 2
Queries corresponds to this tree: 1
Queries corresponds to this tree: 1
Queries corresponds to this tree: 288
Queries corresponds to this tree: 8
Queries corresponds to this tree: 8
Queries corresponds to this tree: 272
Queries corresponds to this tree: 34
Queries corresponds to this tree: 272
Queries corresponds to this tree: 1
Queries corresponds to this tree: 17
Queries corresponds to this tree: 16
Queries corresponds to this tree: 48
Queries corresponds to this tree: 3
Queries corresponds to this tree: 5
Queries corresponds to this tree: 5
Queries corresponds to this tree: 136
Queries corresponds to this tree: 2
Queries corresponds to this tree: 136
Queries corresponds to this tree: 5
Queries corresponds to this tree: 1
Queries corresponds to this tree: 2
Queries corresponds to this tree: 48
Queries corresponds to this tree: 4
Queries corresponds to this tree: 48
Queries corresponds to this tree: 6
Queries corresponds to this tree: 2
Queries corresponds to this tree: 2
Queries corresponds to this tree: 1
Queries corresponds to this tree: 48
Queries corresponds to this tree: 288
Queries corresponds to this tree: 36
Queries corresponds to this tree: 192
Queries corresponds to this tree: 24
Queries corresponds to this tree: 17
Queries corresponds to this tree: 3
Queries corresponds to this tree: 24
Queries corresponds to this tree: 144
Queries corresponds to this tree: 18
Queries corresponds to this tree: 120
Queries corresponds to this tree: 12
Queries corresponds to this tree: 8
Queries corresponds to this tree: 3
Queries corresponds to this tree: 48
Queries corresponds to this tree: 6
Queries corresponds to this tree: 24
Queries corresponds to this tree: 136
Queries corresponds to this tree: 16
Queries corresponds to this tree: 2
Queries corresponds to this tree: 16
Queries corresponds to this tree: 1
Queries corresponds to this tree: 1
Queries corresponds to this tree: 16
Queries corresponds to this tree: 192
Queries corresponds to this tree: 1
Queries corresponds to this tree: 5
Queries corresponds to this tree: 8
Queries corresponds to this tree: 2
Queries corresponds to this tree: 184
Queries corresponds to this tree: 1
Queries corresponds to this tree: 368
Queries corresponds to this tree: 10
Queries corresponds to this tree: 16
Queries corresponds to this tree: 24
Queries corresponds to this tree: 1
Queries corresponds to this tree: 16
Queries corresponds to this tree: 432
Queries corresponds to this tree: 54
Queries corresponds to this tree: 1296
Queries corresponds to this tree: 162
Queries corresponds to this tree: 1
Queries corresponds to this tree: 1
Queries corresponds to this tree: 24
Queries corresponds to this tree: 1104
Queries corresponds to this tree: 138
Queries corresponds to this tree: 40
Queries corresponds to this tree: 4
Queries corresponds to this tree: 8
Queries corresponds to this tree: 1
Queries corresponds to this tree: 16
Queries corresponds to this tree: 2
Queries corresponds to this tree: 8
Queries corresponds to this tree: 8
Queries corresponds to this tree: 17
Queries corresponds to this tree: 128
Queries corresponds to this tree: 1
Queries corresponds to this tree: 17
Queries corresponds to this tree: 3
Queries corresponds to this tree: 32
Queries corresponds to this tree: 5
Queries corresponds to this tree: 5
Queries corresponds to this tree: 672
Queries corresponds to this tree: 2
Queries corresponds to this tree: 1
Queries corresponds to this tree: 5
Queries corresponds to this tree: 2
Queries corresponds to this tree: 616
Queries corresponds to this tree: 4
Queries corresponds to this tree: 168
Queries corresponds to this tree: 24
Queries corresponds to this tree: 6
Queries corresponds to this tree: 56
Queries corresponds to this tree: 2
Queries corresponds to this tree: 1
Queries corresponds to this tree: 2
Queries corresponds to this tree: 18
Queries corresponds to this tree: 12
Queries corresponds to this tree: 3
Queries corresponds to this tree: 17
Queries corresponds to this tree: 9
Queries corresponds to this tree: 6
Queries corresponds to this tree: 3
Queries corresponds to this tree: 168
Queries corresponds to this tree: 3
Queries corresponds to this tree: 45
Queries corresponds to this tree: 12
Queries corresponds to this tree: 96
Queries corresponds to this tree: 12
Queries corresponds to this tree: 352
Queries corresponds to this tree: 1320
Queries corresponds to this tree: 2
Queries corresponds to this tree: 224
Queries corresponds to this tree: 45
Queries corresponds to this tree: 176
Queries corresponds to this tree: 5632
Queries corresponds to this tree: 720
Queries corresponds to this tree: 90
Queries corresponds to this tree: 12
Queries corresponds to this tree: 12
Queries corresponds to this tree: 16
Queries corresponds to this tree: 2
Queries corresponds to this tree: 96
Queries corresponds to this tree: 720
Queries corresponds to this tree: 90
Queries corresponds to this tree: 2992
Queries corresponds to this tree: 352
Queries corresponds to this tree: 160
Queries corresponds to this tree: 8
Queries corresponds to this tree: 8
Queries corresponds to this tree: 8
Queries corresponds to this tree: 36
Queries corresponds to this tree: 16
Queries corresponds to this tree: 4
Queries corresponds to this tree: 204
Queries corresponds to this tree: 204
Queries corresponds to this tree: 72
Queries corresponds to this tree: 32
Queries corresponds to this tree: 24
Queries corresponds to this tree: 8
Queries corresponds to this tree: 56
Queries corresponds to this tree: 40
Queries corresponds to this tree: 264
Queries corresponds to this tree: 928
Queries corresponds to this tree: 12
Queries corresponds to this tree: 16
Queries corresponds to this tree: 176
Queries corresponds to this tree: 84
Total Tree Count: 733
Total Query Count: 118146
[Enumeration Finished]
[[Synthesizer finished]] time: 00:29:24:626
