================
[[Synthesizer start]] data/025
[Enumerator Type] CanonicalTableEnumeratorOnTheFly
[Initialize Enumeration]
  Parameterized Table Number: 0
[Enumeration Start]
[Stage 1] EnumFilterNamed: 
	Queries generated: 1
	Tables generated: 2
	Total Table by now: 2
[Stage 2] EnumAggregationNode: 
	Queries generated: 4
	Tables generated: 3
	Total Table by now: 5
[Stage 3] EnumJoin1 
	Queries generated: 300
	Tables generated: 149
	Total Table by now: 154
We have 1000 tables now; Avg size: 152.267
We have 2000 tables now; Avg size: 151.9105
We have 3000 tables now; Avg size: 180.282
We have 4000 tables now; Avg size: 234.024
We have 5000 tables now; Avg size: 239.688
We have 6000 tables now; Avg size: 240.086
We have 7000 tables now; Avg size: 234.77314285714286
We have 8000 tables now; Avg size: 247.08825
We have 9000 tables now; Avg size: 236.99455555555556
We have 10000 tables now; Avg size: 238.5133
We have 11000 tables now; Avg size: 237.03018181818183
We have 12000 tables now; Avg size: 240.79791666666668
We have 13000 tables now; Avg size: 236.84753846153845
We have 14000 tables now; Avg size: 235.12535714285715
We have 15000 tables now; Avg size: 241.6964
We have 16000 tables now; Avg size: 243.64625
[Stage 4] EnumJoin2 
	Queries generated: 49338
	Tables generated: 16041
	Total Table by now: 16046
[Runner up Table Count] 0
[Enumeration Finished] Does not find a query in the search space.
[[Synthesizer finished]] time: 00:15:01:631
