================
[[Synthesizer start]] data/026
[Enumerator Type] CanonicalTableEnumeratorOnTheFly
[Initialize Enumeration]
  Parameterized Table Number: 0
[Enumeration Start]
[Stage 1] EnumFilterNamed: 
	Queries generated: 171
	Tables generated: 10
	Total Table by now: 10
[Stage 2] EnumAggregationNode: 
	Queries generated: 296
	Tables generated: 15
	Total Table by now: 23
[Stage 3] EnumJoin1 
	Queries generated: 3258
	Tables generated: 388
	Total Table by now: 411
We have 1000 tables now; Avg size: 29.772
We have 2000 tables now; Avg size: 38.7205
We have 3000 tables now; Avg size: 39.171
We have 4000 tables now; Avg size: 41.08425
We have 5000 tables now; Avg size: 43.8282
We have 6000 tables now; Avg size: 46.943
We have 7000 tables now; Avg size: 48.12271428571429
We have 8000 tables now; Avg size: 52.249625
We have 9000 tables now; Avg size: 55.952555555555556
We have 10000 tables now; Avg size: 56.8993
We have 11000 tables now; Avg size: 61.45045454545455
We have 12000 tables now; Avg size: 60.894666666666666
We have 13000 tables now; Avg size: 60.07453846153846
We have 14000 tables now; Avg size: 59.705214285714284
We have 15000 tables now; Avg size: 59.7804
We have 16000 tables now; Avg size: 61.375125
We have 17000 tables now; Avg size: 62.26123529411765
We have 18000 tables now; Avg size: 61.22105555555556
We have 19000 tables now; Avg size: 61.30615789473684
We have 20000 tables now; Avg size: 62.01785
We have 21000 tables now; Avg size: 62.76204761904762
We have 22000 tables now; Avg size: 64.3525
We have 23000 tables now; Avg size: 67.34013043478261
We have 24000 tables now; Avg size: 66.748375
We have 25000 tables now; Avg size: 66.81992
We have 26000 tables now; Avg size: 67.22084615384615
[Stage 4] EnumJoin2 
	Queries generated: 276361
	Tables generated: 26902
	Total Table by now: 26925
[Runner up Table Count] 456
[Consistent Table number] 458
Queries corresponds to this tree: 20
Queries corresponds to this tree: 512
Queries corresponds to this tree: 12
Queries corresponds to this tree: 448
Queries corresponds to this tree: 10
Queries corresponds to this tree: 10
Queries corresponds to this tree: 10
Queries corresponds to this tree: 52
Queries corresponds to this tree: 2080
Queries corresponds to this tree: 3
Queries corresponds to this tree: 21
Queries corresponds to this tree: 2
Queries corresponds to this tree: 6
Queries corresponds to this tree: 2
Queries corresponds to this tree: 3
Queries corresponds to this tree: 3
Queries corresponds to this tree: 2
Queries corresponds to this tree: 2
Queries corresponds to this tree: 6
Queries corresponds to this tree: 2
Queries corresponds to this tree: 3
Queries corresponds to this tree: 2
Queries corresponds to this tree: 8
Queries corresponds to this tree: 16
Queries corresponds to this tree: 2
Queries corresponds to this tree: 2
Queries corresponds to this tree: 2
Queries corresponds to this tree: 4
Queries corresponds to this tree: 2
Queries corresponds to this tree: 4
Queries corresponds to this tree: 2
Queries corresponds to this tree: 2
Queries corresponds to this tree: 18
Queries corresponds to this tree: 72
Queries corresponds to this tree: 4
Queries corresponds to this tree: 882
Queries corresponds to this tree: 30
Queries corresponds to this tree: 240
Queries corresponds to this tree: 6048
Queries corresponds to this tree: 3600
Queries corresponds to this tree: 6
Queries corresponds to this tree: 48
Queries corresponds to this tree: 3024
Queries corresponds to this tree: 720
Queries corresponds to this tree: 30
Queries corresponds to this tree: 240
Queries corresponds to this tree: 6
Queries corresponds to this tree: 48
Queries corresponds to this tree: 1890
Queries corresponds to this tree: 8
Queries corresponds to this tree: 3
Queries corresponds to this tree: 3
Queries corresponds to this tree: 3
Queries corresponds to this tree: 3
Queries corresponds to this tree: 2
Queries corresponds to this tree: 300
Queries corresponds to this tree: 108
Queries corresponds to this tree: 2
Queries corresponds to this tree: 420
Queries corresponds to this tree: 108
Queries corresponds to this tree: 2
Queries corresponds to this tree: 420
Queries corresponds to this tree: 108
Queries corresponds to this tree: 2
Queries corresponds to this tree: 300
Queries corresponds to this tree: 108
Queries corresponds to this tree: 2
Queries corresponds to this tree: 72
Queries corresponds to this tree: 8
Queries corresponds to this tree: 2
Queries corresponds to this tree: 300
Queries corresponds to this tree: 108
Queries corresponds to this tree: 30
Queries corresponds to this tree: 840
Queries corresponds to this tree: 2700
Queries corresponds to this tree: 2160
Queries corresponds to this tree: 630
Queries corresponds to this tree: 6
Queries corresponds to this tree: 216
Queries corresponds to this tree: 2
Queries corresponds to this tree: 120
Queries corresponds to this tree: 108
Queries corresponds to this tree: 26
Queries corresponds to this tree: 2548
Queries corresponds to this tree: 2340
Queries corresponds to this tree: 1872
Queries corresponds to this tree: 1
Queries corresponds to this tree: 6
Queries corresponds to this tree: 2
Queries corresponds to this tree: 2
Queries corresponds to this tree: 36
Queries corresponds to this tree: 6
Queries corresponds to this tree: 60
Queries corresponds to this tree: 2
Queries corresponds to this tree: 16
Queries corresponds to this tree: 450
Queries corresponds to this tree: 30
Queries corresponds to this tree: 240
Queries corresponds to this tree: 60
Queries corresponds to this tree: 2
Queries corresponds to this tree: 16
Queries corresponds to this tree: 270
Queries corresponds to this tree: 90
Queries corresponds to this tree: 60
Queries corresponds to this tree: 6
Queries corresponds to this tree: 48
Queries corresponds to this tree: 540
Queries corresponds to this tree: 26
Queries corresponds to this tree: 208
Queries corresponds to this tree: 8190
Queries corresponds to this tree: 60
Queries corresponds to this tree: 144
Queries corresponds to this tree: 2016
Queries corresponds to this tree: 48
Queries corresponds to this tree: 24
Queries corresponds to this tree: 2
Queries corresponds to this tree: 12
Queries corresponds to this tree: 2
Queries corresponds to this tree: 42
Queries corresponds to this tree: 1440
Queries corresponds to this tree: 4
Queries corresponds to this tree: 28
Queries corresponds to this tree: 4
Queries corresponds to this tree: 30
Queries corresponds to this tree: 480
Queries corresponds to this tree: 180
Queries corresponds to this tree: 840
Queries corresponds to this tree: 8
Queries corresponds to this tree: 112
Queries corresponds to this tree: 2
Queries corresponds to this tree: 2
Queries corresponds to this tree: 156
Queries corresponds to this tree: 2496
Queries corresponds to this tree: 156
Queries corresponds to this tree: 728
Queries corresponds to this tree: 8
Queries corresponds to this tree: 8
Queries corresponds to this tree: 112
Queries corresponds to this tree: 4
Queries corresponds to this tree: 168
Queries corresponds to this tree: 4
Queries corresponds to this tree: 4
Queries corresponds to this tree: 168
Queries corresponds to this tree: 4
Queries corresponds to this tree: 16
Queries corresponds to this tree: 112
Queries corresponds to this tree: 4
Queries corresponds to this tree: 216
Queries corresponds to this tree: 48
Queries corresponds to this tree: 5760
Queries corresponds to this tree: 2592
Queries corresponds to this tree: 4
Queries corresponds to this tree: 672
Queries corresponds to this tree: 2
Queries corresponds to this tree: 16
Queries corresponds to this tree: 450
Queries corresponds to this tree: 2
Queries corresponds to this tree: 588
Queries corresponds to this tree: 2
Queries corresponds to this tree: 16
Queries corresponds to this tree: 180
Queries corresponds to this tree: 12
Queries corresponds to this tree: 2730
Queries corresponds to this tree: 2
Queries corresponds to this tree: 2
Queries corresponds to this tree: 16
Queries corresponds to this tree: 100
Queries corresponds to this tree: 800
Queries corresponds to this tree: 18000
Queries corresponds to this tree: 32
Queries corresponds to this tree: 8
Queries corresponds to this tree: 8
Queries corresponds to this tree: 8
Queries corresponds to this tree: 32
Queries corresponds to this tree: 8
Queries corresponds to this tree: 288
Queries corresponds to this tree: 192
Queries corresponds to this tree: 4
Queries corresponds to this tree: 32
Queries corresponds to this tree: 360
Queries corresponds to this tree: 48
Queries corresponds to this tree: 384
Queries corresponds to this tree: 4320
Queries corresponds to this tree: 4
Queries corresponds to this tree: 32
Queries corresponds to this tree: 360
