================
[[Synthesizer start]] data/027
[Enumerator Type] CanonicalTableEnumeratorOnTheFly
[Initialize Enumeration]
  Parameterized Table Number: 0
[Enumeration Start]
[Stage 1] EnumFilterNamed: 
	Queries generated: 441
	Tables generated: 2
	Total Table by now: 2
[Stage 2] EnumAggregationNode: 
	Queries generated: 0
	Tables generated: 0
	Total Table by now: 2
[Stage 3] EnumJoin1 
	Queries generated: 2058
	Tables generated: 4
	Total Table by now: 6
[Stage 4] EnumJoin2 
	Queries generated: 18915
	Tables generated: 12
	Total Table by now: 14
[Runner up Table Count] 11
[Consistent Table number] 11
Queries corresponds to this tree: 168
Queries corresponds to this tree: 168
Queries corresponds to this tree: 1920
Queries corresponds to this tree: 6227280
Queries corresponds to this tree: 1
Queries corresponds to this tree: 60480
Queries corresponds to this tree: 71820
Queries corresponds to this tree: 71820
Queries corresponds to this tree: 612864
Queries corresponds to this tree: 612864
Queries corresponds to this tree: 967680
Total Tree Count: 11
Total Query Count: 8627065
[Enumeration Finished]
[[Synthesizer finished]] time: 00:00:17:953
