================
[[Synthesizer start]] data/029
[Enumerator Type] CanonicalTableEnumeratorOnTheFly
[Initialize Enumeration]
  Parameterized Table Number: 0
[Enumeration Start]
[Stage 1] EnumFilterNamed: 
	Queries generated: 406
	Tables generated: 1
	Total Table by now: 1
[Stage 2] EnumAggregationNode: 
	Queries generated: 1
	Tables generated: 1
	Total Table by now: 2
[Stage 3] EnumJoin1 
	Queries generated: 1083
	Tables generated: 21
	Total Table by now: 23
[Stage 4] EnumJoin2 
	Queries generated: 73200
	Tables generated: 428
	Total Table by now: 430
[Runner up Table Count] 8
[Consistent Table number] 8
Queries corresponds to this tree: 15138
Queries corresponds to this tree: 4788
Queries corresponds to this tree: 6351
Queries corresponds to this tree: 10950
Queries corresponds to this tree: 870
Queries corresponds to this tree: 810
Queries corresponds to this tree: 1560
Queries corresponds to this tree: 2400
Queries corresponds to this tree: 660
Queries corresponds to this tree: 6351
Queries corresponds to this tree: 10950
Queries corresponds to this tree: 15138
Queries corresponds to this tree: 4788
Queries corresponds to this tree: 870
Queries corresponds to this tree: 810
Queries corresponds to this tree: 1560
Queries corresponds to this tree: 2400
Queries corresponds to this tree: 660
Queries corresponds to this tree: 864
Queries corresponds to this tree: 21000
Queries corresponds to this tree: 576
Queries corresponds to this tree: 28
Total Tree Count: 22
Total Query Count: 109522
[Enumeration Finished]
[[Synthesizer finished]] time: 00:01:08:274
