================
[[Synthesizer start]] data/030
[Enumerator Type] CanonicalTableEnumeratorOnTheFly
[Initialize Enumeration]
  Parameterized Table Number: 319
[Enumeration Start]
[Stage 1] EnumFilterNamed: 
	Queries generated: 35096
	Tables generated: 13
	Total Table by now: 13
[Stage 2] EnumAggregationNode: 
	Queries generated: 34
	Tables generated: 22
	Total Table by now: 35
We have 1000 tables now; Avg size: 131.108
We have 2000 tables now; Avg size: 136.504
[Stage 3] EnumJoin1 
	Queries generated: 661757
	Tables generated: 2571
	Total Table by now: 2606
We have 3000 tables now; Avg size: 144.63666666666666
We have 4000 tables now; Avg size: 155.219
We have 5000 tables now; Avg size: 174.3856
We have 6000 tables now; Avg size: 202.48833333333334
We have 7000 tables now; Avg size: 244.8247142857143
We have 8000 tables now; Avg size: 315.075625
We have 9000 tables now; Avg size: 386.41655555555553
We have 10000 tables now; Avg size: 429.2261
We have 11000 tables now; Avg size: 475.47972727272725
We have 12000 tables now; Avg size: 529.4764166666666
We have 13000 tables now; Avg size: 556.4900769230769
We have 14000 tables now; Avg size: 560.4020714285714
We have 15000 tables now; Avg size: 580.1731333333333
We have 16000 tables now; Avg size: 574.3210625
We have 17000 tables now; Avg size: 552.8035882352941
We have 18000 tables now; Avg size: 541.7822777777777
We have 19000 tables now; Avg size: 531.9812631578948
We have 20000 tables now; Avg size: 546.87595
We have 21000 tables now; Avg size: 545.5896666666666
We have 22000 tables now; Avg size: 536.6027272727273
We have 23000 tables now; Avg size: 552.5987826086956
We have 24000 tables now; Avg size: 579.2073333333333
We have 25000 tables now; Avg size: 582.59648
We have 26000 tables now; Avg size: 570.0718461538462
We have 27000 tables now; Avg size: 564.4315185185185
We have 28000 tables now; Avg size: 562.5166785714285
We have 29000 tables now; Avg size: 557.9962413793104
We have 30000 tables now; Avg size: 554.4397666666666
We have 31000 tables now; Avg size: 546.8037741935484
We have 32000 tables now; Avg size: 555.19778125
We have 33000 tables now; Avg size: 567.5066969696969
We have 34000 tables now; Avg size: 565.5675588235295
We have 35000 tables now; Avg size: 559.1651714285714
We have 36000 tables now; Avg size: 563.4934722222222
We have 37000 tables now; Avg size: 562.9204594594595
We have 38000 tables now; Avg size: 566.6306578947368
We have 39000 tables now; Avg size: 566.0825897435898
We have 40000 tables now; Avg size: 562.920425
We have 41000 tables now; Avg size: 559.4521219512195
We have 42000 tables now; Avg size: 550.7504047619047
We have 43000 tables now; Avg size: 557.7707209302325
We have 44000 tables now; Avg size: 570.7795681818181
We have 45000 tables now; Avg size: 584.5489111111111
We have 46000 tables now; Avg size: 599.1285434782609
