================
[[Synthesizer start]] data/031
[Enumerator Type] CanonicalTableEnumeratorOnTheFly
[Initialize Enumeration]
  Parameterized Table Number: 214
[Enumeration Start]
[Stage 1] EnumFilterNamed: 
	Queries generated: 10312
	Tables generated: 9
	Total Table by now: 9
[Stage 2] EnumAggregationNode: 
	Queries generated: 69813
	Tables generated: 210
	Total Table by now: 219
We have 1000 tables now; Avg size: 77.253
We have 2000 tables now; Avg size: 72.042
We have 3000 tables now; Avg size: 82.70633333333333
We have 4000 tables now; Avg size: 88.716
We have 5000 tables now; Avg size: 88.6078
We have 6000 tables now; Avg size: 90.15
We have 7000 tables now; Avg size: 86.50442857142858
We have 8000 tables now; Avg size: 85.921875
We have 9000 tables now; Avg size: 85.46844444444444
We have 10000 tables now; Avg size: 85.789
We have 11000 tables now; Avg size: 86.19536363636364
We have 12000 tables now; Avg size: 86.19591666666666
We have 13000 tables now; Avg size: 85.41584615384616
We have 14000 tables now; Avg size: 84.86542857142857
We have 15000 tables now; Avg size: 84.16653333333333
We have 16000 tables now; Avg size: 85.1575625
We have 17000 tables now; Avg size: 85.9134705882353
[Stage 3] EnumJoin1 
	Queries generated: 2423835
	Tables generated: 17487
	Total Table by now: 17706
