================
[[Synthesizer start]] data/032
[Enumerator Type] CanonicalTableEnumeratorOnTheFly
[Initialize Enumeration]
  Parameterized Table Number: 0
[Enumeration Start]
[Stage 1] EnumFilterNamed: 
	Queries generated: 6
	Tables generated: 6
	Total Table by now: 6
[Stage 2] EnumAggregationNode: 
	Queries generated: 622
	Tables generated: 58
	Total Table by now: 64
We have 1000 tables now; Avg size: 39.815
[Stage 3] EnumJoin1 
	Queries generated: 3060
	Tables generated: 995
	Total Table by now: 1059
We have 2000 tables now; Avg size: 88.8405
We have 3000 tables now; Avg size: 119.65033333333334
We have 4000 tables now; Avg size: 133.69625
We have 5000 tables now; Avg size: 149.7274
We have 6000 tables now; Avg size: 163.68866666666668
We have 7000 tables now; Avg size: 164.62957142857144
We have 8000 tables now; Avg size: 162.0475
We have 9000 tables now; Avg size: 164.3431111111111
We have 10000 tables now; Avg size: 170.2641
We have 11000 tables now; Avg size: 173.14945454545455
We have 12000 tables now; Avg size: 174.24683333333334
We have 13000 tables now; Avg size: 174.85776923076924
We have 14000 tables now; Avg size: 175.199
We have 15000 tables now; Avg size: 179.1594
We have 16000 tables now; Avg size: 181.3249375
We have 17000 tables now; Avg size: 177.996
We have 18000 tables now; Avg size: 177.29727777777777
We have 19000 tables now; Avg size: 176.25521052631578
We have 20000 tables now; Avg size: 176.49085
We have 21000 tables now; Avg size: 177.78880952380953
We have 22000 tables now; Avg size: 179.2255
We have 23000 tables now; Avg size: 180.98278260869566
