================
[[Synthesizer start]] data/033
[Enumerator Type] CanonicalTableEnumeratorOnTheFly
[Initialize Enumeration]
  Parameterized Table Number: 0
[Enumeration Start]
[Stage 1] EnumFilterNamed: 
	Queries generated: 6
	Tables generated: 6
	Total Table by now: 6
[Stage 2] EnumAggregationNode: 
	Queries generated: 206
	Tables generated: 19
	Total Table by now: 25
[Stage 3] EnumJoin1 
	Queries generated: 404
	Tables generated: 188
	Total Table by now: 213
We have 1000 tables now; Avg size: 69.788
We have 2000 tables now; Avg size: 75.2955
We have 3000 tables now; Avg size: 75.92966666666666
We have 4000 tables now; Avg size: 75.9965
[Stage 4] EnumJoin2 
	Queries generated: 13636
	Tables generated: 4055
	Total Table by now: 4080
[Runner up Table Count] 144
[Consistent Table number] 145
Queries corresponds to this tree: 8
Queries corresponds to this tree: 16
Queries corresponds to this tree: 2
Queries corresponds to this tree: 2
Queries corresponds to this tree: 2
Queries corresponds to this tree: 4
Queries corresponds to this tree: 4
Queries corresponds to this tree: 4
Queries corresponds to this tree: 6
Queries corresponds to this tree: 12
Queries corresponds to this tree: 40
Queries corresponds to this tree: 16
Queries corresponds to this tree: 24
Queries corresponds to this tree: 144
Queries corresponds to this tree: 48
Queries corresponds to this tree: 16
Queries corresponds to this tree: 4
Queries corresponds to this tree: 12
Queries corresponds to this tree: 8
Queries corresponds to this tree: 12
Queries corresponds to this tree: 8
Queries corresponds to this tree: 48
Queries corresponds to this tree: 16
Queries corresponds to this tree: 4
Queries corresponds to this tree: 12
Queries corresponds to this tree: 8
Queries corresponds to this tree: 24
Queries corresponds to this tree: 72
Queries corresponds to this tree: 24
Queries corresponds to this tree: 16
Queries corresponds to this tree: 120
Queries corresponds to this tree: 144
Queries corresponds to this tree: 72
Queries corresponds to this tree: 32
Queries corresponds to this tree: 64
Queries corresponds to this tree: 96
Queries corresponds to this tree: 48
Queries corresponds to this tree: 2
Queries corresponds to this tree: 2
Queries corresponds to this tree: 4
Queries corresponds to this tree: 2
Queries corresponds to this tree: 4
Queries corresponds to this tree: 40
Queries corresponds to this tree: 100
Queries corresponds to this tree: 40
Queries corresponds to this tree: 60
Queries corresponds to this tree: 2
Queries corresponds to this tree: 210
Queries corresponds to this tree: 28
Queries corresponds to this tree: 42
Queries corresponds to this tree: 4
Queries corresponds to this tree: 2
Queries corresponds to this tree: 2
Queries corresponds to this tree: 2
Queries corresponds to this tree: 4
Queries corresponds to this tree: 8
Queries corresponds to this tree: 8
Queries corresponds to this tree: 2
Queries corresponds to this tree: 8
Queries corresponds to this tree: 8
Queries corresponds to this tree: 144
Queries corresponds to this tree: 32
Queries corresponds to this tree: 2
Queries corresponds to this tree: 8
Queries corresponds to this tree: 120
Queries corresponds to this tree: 40
Queries corresponds to this tree: 48
Queries corresponds to this tree: 48
Queries corresponds to this tree: 8
Queries corresponds to this tree: 16
Queries corresponds to this tree: 4
Queries corresponds to this tree: 16
Queries corresponds to this tree: 16
Queries corresponds to this tree: 8
Queries corresponds to this tree: 6
Queries corresponds to this tree: 6
Queries corresponds to this tree: 2
Queries corresponds to this tree: 2
Queries corresponds to this tree: 8
Queries corresponds to this tree: 16
Queries corresponds to this tree: 72
Queries corresponds to this tree: 4
Queries corresponds to this tree: 4
Queries corresponds to this tree: 16
Queries corresponds to this tree: 48
Queries corresponds to this tree: 16
Queries corresponds to this tree: 20
Queries corresponds to this tree: 16
Queries corresponds to this tree: 24
Queries corresponds to this tree: 48
Queries corresponds to this tree: 16
Queries corresponds to this tree: 12
Queries corresponds to this tree: 10
Queries corresponds to this tree: 20
Queries corresponds to this tree: 2
Queries corresponds to this tree: 162
Queries corresponds to this tree: 240
Queries corresponds to this tree: 96
Queries corresponds to this tree: 12
Queries corresponds to this tree: 12
Queries corresponds to this tree: 24
Queries corresponds to this tree: 2
Queries corresponds to this tree: 24
Queries corresponds to this tree: 16
Queries corresponds to this tree: 2
Queries corresponds to this tree: 90
Queries corresponds to this tree: 20
Queries corresponds to this tree: 2
Queries corresponds to this tree: 10
Queries corresponds to this tree: 4
Queries corresponds to this tree: 60
Queries corresponds to this tree: 108
Queries corresponds to this tree: 36
Queries corresponds to this tree: 1
Queries corresponds to this tree: 1
Queries corresponds to this tree: 4
Queries corresponds to this tree: 8
Queries corresponds to this tree: 36
Queries corresponds to this tree: 6
Queries corresponds to this tree: 6
Queries corresponds to this tree: 6
Queries corresponds to this tree: 12
Queries corresponds to this tree: 20
Queries corresponds to this tree: 20
Queries corresponds to this tree: 4
Queries corresponds to this tree: 8
Queries corresponds to this tree: 4
Queries corresponds to this tree: 8
Queries corresponds to this tree: 324
Queries corresponds to this tree: 288
Queries corresponds to this tree: 144
Queries corresponds to this tree: 48
Queries corresponds to this tree: 72
Queries corresponds to this tree: 8
Queries corresponds to this tree: 48
Queries corresponds to this tree: 16
Queries corresponds to this tree: 2
Queries corresponds to this tree: 12
Queries corresponds to this tree: 72
Queries corresponds to this tree: 8
Queries corresponds to this tree: 40
Queries corresponds to this tree: 8
Queries corresponds to this tree: 8
Queries corresponds to this tree: 72
Queries corresponds to this tree: 16
Queries corresponds to this tree: 60
Queries corresponds to this tree: 40
Queries corresponds to this tree: 1
Queries corresponds to this tree: 4
Queries corresponds to this tree: 6
Queries corresponds to this tree: 8
Queries corresponds to this tree: 12
Queries corresponds to this tree: 8
Queries corresponds to this tree: 32
Queries corresponds to this tree: 4
Queries corresponds to this tree: 4
Queries corresponds to this tree: 6
Queries corresponds to this tree: 4
Queries corresponds to this tree: 6
Queries corresponds to this tree: 2
Queries corresponds to this tree: 2
Queries corresponds to this tree: 2
Queries corresponds to this tree: 12
Queries corresponds to this tree: 32
Queries corresponds to this tree: 2
Queries corresponds to this tree: 1
Queries corresponds to this tree: 8
Queries corresponds to this tree: 2
Queries corresponds to this tree: 2
Queries corresponds to this tree: 4
Queries corresponds to this tree: 2
Queries corresponds to this tree: 16
Queries corresponds to this tree: 8
Queries corresponds to this tree: 4
Queries corresponds to this tree: 24
Queries corresponds to this tree: 4
Queries corresponds to this tree: 4
Queries corresponds to this tree: 8
Queries corresponds to this tree: 36
Queries corresponds to this tree: 16
Queries corresponds to this tree: 24
Queries corresponds to this tree: 8
Queries corresponds to this tree: 4
Queries corresponds to this tree: 4
Queries corresponds to this tree: 20
Queries corresponds to this tree: 4
Queries corresponds to this tree: 4
Queries corresponds to this tree: 48
Queries corresponds to this tree: 8
Queries corresponds to this tree: 18
Queries corresponds to this tree: 72
Queries corresponds to this tree: 72
Queries corresponds to this tree: 192
Queries corresponds to this tree: 1
Queries corresponds to this tree: 1
Queries corresponds to this tree: 2
Queries corresponds to this tree: 4
Queries corresponds to this tree: 4
Queries corresponds to this tree: 8
Queries corresponds to this tree: 1
Queries corresponds to this tree: 1
Queries corresponds to this tree: 2
Queries corresponds to this tree: 8
Queries corresponds to this tree: 4
Queries corresponds to this tree: 6
Queries corresponds to this tree: 4
Queries corresponds to this tree: 4
Queries corresponds to this tree: 64
Queries corresponds to this tree: 48
Queries corresponds to this tree: 24
Queries corresponds to this tree: 48
Queries corresponds to this tree: 72
Queries corresponds to this tree: 48
Queries corresponds to this tree: 8
Queries corresponds to this tree: 16
Queries corresponds to this tree: 72
Queries corresponds to this tree: 12
Queries corresponds to this tree: 32
Queries corresponds to this tree: 4
Queries corresponds to this tree: 8
Queries corresponds to this tree: 16
Queries corresponds to this tree: 4
Queries corresponds to this tree: 4
Queries corresponds to this tree: 16
Queries corresponds to this tree: 2
Queries corresponds to this tree: 8
Queries corresponds to this tree: 2
Queries corresponds to this tree: 6
Queries corresponds to this tree: 2
Queries corresponds to this tree: 2
Queries corresponds to this tree: 6
Queries corresponds to this tree: 4
Queries corresponds to this tree: 8
Queries corresponds to this tree: 8
Queries corresponds to this tree: 48
Queries corresponds to this tree: 16
Queries corresponds to this tree: 32
Queries corresponds to this tree: 48
Queries corresponds to this tree: 32
Queries corresponds to this tree: 60
Queries corresponds to this tree: 8
Queries corresponds to this tree: 12
Queries corresponds to this tree: 40
Queries corresponds to this tree: 16
Queries corresponds to this tree: 24
Queries corresponds to this tree: 10
Queries corresponds to this tree: 20
Queries corresponds to this tree: 2
Queries corresponds to this tree: 8
Queries corresponds to this tree: 2
Queries corresponds to this tree: 24
Queries corresponds to this tree: 64
Queries corresponds to this tree: 4
Queries corresponds to this tree: 2
Total Tree Count: 254
Total Query Count: 6834
[Enumeration Finished]
[[Synthesizer finished]] time: 00:01:25:494
