================
[[Synthesizer start]] data/034
[Enumerator Type] CanonicalTableEnumeratorOnTheFly
[Initialize Enumeration]
  Parameterized Table Number: 0
[Enumeration Start]
[Stage 1] EnumFilterNamed: 
	Queries generated: 214
	Tables generated: 3
	Total Table by now: 3
[Stage 2] EnumAggregationNode: 
	Queries generated: 1432
	Tables generated: 50
	Total Table by now: 53
[Stage 3] EnumJoin1 
	Queries generated: 7460
	Tables generated: 666
	Total Table by now: 719
We have 1000 tables now; Avg size: 71.272
We have 2000 tables now; Avg size: 121.8635
We have 3000 tables now; Avg size: 140.83166666666668
We have 4000 tables now; Avg size: 138.01375
We have 5000 tables now; Avg size: 147.7996
We have 6000 tables now; Avg size: 149.58016666666666
We have 7000 tables now; Avg size: 151.92457142857143
We have 8000 tables now; Avg size: 154.049
We have 9000 tables now; Avg size: 163.76366666666667
We have 10000 tables now; Avg size: 159.8778
We have 11000 tables now; Avg size: 157.96363636363637
We have 12000 tables now; Avg size: 159.16458333333333
We have 13000 tables now; Avg size: 159.01046153846153
We have 14000 tables now; Avg size: 157.48507142857142
We have 15000 tables now; Avg size: 161.6392
We have 16000 tables now; Avg size: 165.2393125
We have 17000 tables now; Avg size: 166.31670588235295
We have 18000 tables now; Avg size: 168.87522222222222
We have 19000 tables now; Avg size: 170.3762105263158
We have 20000 tables now; Avg size: 172.4398
We have 21000 tables now; Avg size: 174.36752380952382
We have 22000 tables now; Avg size: 176.71045454545455
We have 23000 tables now; Avg size: 175.5401304347826
We have 24000 tables now; Avg size: 174.81175
We have 25000 tables now; Avg size: 175.28332
We have 26000 tables now; Avg size: 175.4269230769231
We have 27000 tables now; Avg size: 175.55096296296296
We have 28000 tables now; Avg size: 178.66667857142858
We have 29000 tables now; Avg size: 180.4854827586207
We have 30000 tables now; Avg size: 181.5083
We have 31000 tables now; Avg size: 185.59396774193547
We have 32000 tables now; Avg size: 187.67903125
We have 33000 tables now; Avg size: 186.7300909090909
We have 34000 tables now; Avg size: 186.88264705882352
We have 35000 tables now; Avg size: 187.52811428571428
We have 36000 tables now; Avg size: 189.39191666666667
We have 37000 tables now; Avg size: 190.21386486486486
We have 38000 tables now; Avg size: 191.0365
[Stage 4] EnumJoin2 
	Queries generated: 610736
	Tables generated: 38136
	Total Table by now: 38189
[Runner up Table Count] 552
[Consistent Table number] 552
Queries corresponds to this tree: 1296
Queries corresponds to this tree: 48
Queries corresponds to this tree: 240
Queries corresponds to this tree: 240
Queries corresponds to this tree: 180
Queries corresponds to this tree: 936
Queries corresponds to this tree: 144
Queries corresponds to this tree: 576
Queries corresponds to this tree: 720
Queries corresponds to this tree: 180
Queries corresponds to this tree: 144
Queries corresponds to this tree: 576
Queries corresponds to this tree: 576
Queries corresponds to this tree: 468
Queries corresponds to this tree: 288
Queries corresponds to this tree: 9288
Queries corresponds to this tree: 27864
Queries corresponds to this tree: 288
Queries corresponds to this tree: 288
Queries corresponds to this tree: 720
Queries corresponds to this tree: 288
Queries corresponds to this tree: 144
Queries corresponds to this tree: 324
Queries corresponds to this tree: 2592
Queries corresponds to this tree: 360
Queries corresponds to this tree: 12
Queries corresponds to this tree: 24
Queries corresponds to this tree: 24
Queries corresponds to this tree: 24
Queries corresponds to this tree: 6
Queries corresponds to this tree: 12
Queries corresponds to this tree: 24
Queries corresponds to this tree: 96
Queries corresponds to this tree: 120
Queries corresponds to this tree: 480
Queries corresponds to this tree: 312
Queries corresponds to this tree: 312
Queries corresponds to this tree: 312
Queries corresponds to this tree: 120
Queries corresponds to this tree: 480
Queries corresponds to this tree: 240
Queries corresponds to this tree: 48
Queries corresponds to this tree: 576
Queries corresponds to this tree: 2304
Queries corresponds to this tree: 120
Queries corresponds to this tree: 24
Queries corresponds to this tree: 120
Queries corresponds to this tree: 480
Queries corresponds to this tree: 120
Queries corresponds to this tree: 24
Queries corresponds to this tree: 96
Queries corresponds to this tree: 240
Queries corresponds to this tree: 408
Queries corresponds to this tree: 1632
Queries corresponds to this tree: 960
Queries corresponds to this tree: 1536
Queries corresponds to this tree: 48
Queries corresponds to this tree: 192
Queries corresponds to this tree: 144
Queries corresponds to this tree: 576
Queries corresponds to this tree: 1152
Queries corresponds to this tree: 16
Queries corresponds to this tree: 180
Queries corresponds to this tree: 720
Queries corresponds to this tree: 2160
Queries corresponds to this tree: 6480
Queries corresponds to this tree: 360
Queries corresponds to this tree: 144
Queries corresponds to this tree: 468
Queries corresponds to this tree: 144
Queries corresponds to this tree: 1440
Queries corresponds to this tree: 540
Queries corresponds to this tree: 288
Queries corresponds to this tree: 72
Queries corresponds to this tree: 1008
Queries corresponds to this tree: 144
Queries corresponds to this tree: 144
Queries corresponds to this tree: 72
Queries corresponds to this tree: 144
Queries corresponds to this tree: 120
Queries corresponds to this tree: 480
Queries corresponds to this tree: 14
Queries corresponds to this tree: 2
Queries corresponds to this tree: 24
Queries corresponds to this tree: 96
Queries corresponds to this tree: 70
Queries corresponds to this tree: 10
Queries corresponds to this tree: 1
Queries corresponds to this tree: 5
Queries corresponds to this tree: 312
Queries corresponds to this tree: 312
Queries corresponds to this tree: 182
Queries corresponds to this tree: 13
Queries corresponds to this tree: 312
Queries corresponds to this tree: 182
Queries corresponds to this tree: 26
Queries corresponds to this tree: 3
Queries corresponds to this tree: 168
Queries corresponds to this tree: 28
Queries corresponds to this tree: 392
Queries corresponds to this tree: 9
Queries corresponds to this tree: 18
Queries corresponds to this tree: 6
Queries corresponds to this tree: 6
Queries corresponds to this tree: 6
Queries corresponds to this tree: 6
Queries corresponds to this tree: 9
Queries corresponds to this tree: 18
Queries corresponds to this tree: 12
Queries corresponds to this tree: 12
Queries corresponds to this tree: 24
Queries corresponds to this tree: 24
Queries corresponds to this tree: 36
Queries corresponds to this tree: 96
Queries corresponds to this tree: 6
Queries corresponds to this tree: 24
Queries corresponds to this tree: 12
Queries corresponds to this tree: 12
Queries corresponds to this tree: 504
Queries corresponds to this tree: 1008
Queries corresponds to this tree: 12
Queries corresponds to this tree: 60
Queries corresponds to this tree: 24
Queries corresponds to this tree: 48
Queries corresponds to this tree: 48
Queries corresponds to this tree: 240
Queries corresponds to this tree: 576
Queries corresponds to this tree: 2304
Queries corresponds to this tree: 48
Queries corresponds to this tree: 120
Queries corresponds to this tree: 120
Queries corresponds to this tree: 480
Queries corresponds to this tree: 24
Queries corresponds to this tree: 32
Queries corresponds to this tree: 40
Queries corresponds to this tree: 144
Queries corresponds to this tree: 576
Queries corresponds to this tree: 36
Queries corresponds to this tree: 36
Queries corresponds to this tree: 90
Queries corresponds to this tree: 45
Queries corresponds to this tree: 9
Queries corresponds to this tree: 18
Queries corresponds to this tree: 36
Queries corresponds to this tree: 36
Queries corresponds to this tree: 432
Queries corresponds to this tree: 90
Queries corresponds to this tree: 45
Queries corresponds to this tree: 270
Queries corresponds to this tree: 270
Queries corresponds to this tree: 9
Queries corresponds to this tree: 90
Queries corresponds to this tree: 90
Queries corresponds to this tree: 18
Queries corresponds to this tree: 288
Queries corresponds to this tree: 54
Queries corresponds to this tree: 180
Queries corresponds to this tree: 84
Queries corresponds to this tree: 180
Queries corresponds to this tree: 720
Queries corresponds to this tree: 14
Queries corresponds to this tree: 2
Queries corresponds to this tree: 70
Queries corresponds to this tree: 1
Queries corresponds to this tree: 14
Queries corresponds to this tree: 144
Queries corresponds to this tree: 24
Queries corresponds to this tree: 98
Queries corresponds to this tree: 72
Queries corresponds to this tree: 6
Queries corresponds to this tree: 6
Queries corresponds to this tree: 36
Queries corresponds to this tree: 18
Queries corresponds to this tree: 6
Queries corresponds to this tree: 6
Queries corresponds to this tree: 9
Queries corresponds to this tree: 12
Queries corresponds to this tree: 48
Queries corresponds to this tree: 18
Queries corresponds to this tree: 18
Queries corresponds to this tree: 12
Queries corresponds to this tree: 48
Queries corresponds to this tree: 72
Queries corresponds to this tree: 120
Queries corresponds to this tree: 192
Queries corresponds to this tree: 768
Queries corresponds to this tree: 60
Queries corresponds to this tree: 12
Queries corresponds to this tree: 48
Queries corresponds to this tree: 60
Queries corresponds to this tree: 240
Queries corresponds to this tree: 432
Queries corresponds to this tree: 576
Queries corresponds to this tree: 48
Queries corresponds to this tree: 192
Queries corresponds to this tree: 24
Queries corresponds to this tree: 96
Queries corresponds to this tree: 576
Queries corresponds to this tree: 112
Queries corresponds to this tree: 224
Queries corresponds to this tree: 60
Queries corresponds to this tree: 240
Queries corresponds to this tree: 12
Queries corresponds to this tree: 48
Queries corresponds to this tree: 72
Queries corresponds to this tree: 360
Queries corresponds to this tree: 36
Queries corresponds to this tree: 180
Queries corresponds to this tree: 108
Queries corresponds to this tree: 108
Queries corresponds to this tree: 54
Queries corresponds to this tree: 108
Queries corresponds to this tree: 42
Queries corresponds to this tree: 21
Queries corresponds to this tree: 240
Queries corresponds to this tree: 1296
Queries corresponds to this tree: 48
Queries corresponds to this tree: 240
Queries corresponds to this tree: 72
Queries corresponds to this tree: 420
Queries corresponds to this tree: 6
Queries corresponds to this tree: 84
Queries corresponds to this tree: 72
Queries corresponds to this tree: 288
Queries corresponds to this tree: 84
Queries corresponds to this tree: 12
Queries corresponds to this tree: 144
Queries corresponds to this tree: 168
Queries corresponds to this tree: 12
Queries corresponds to this tree: 288
Queries corresponds to this tree: 168
Queries corresponds to this tree: 24
Queries corresponds to this tree: 24
Queries corresponds to this tree: 12
Queries corresponds to this tree: 48
Queries corresponds to this tree: 96
Queries corresponds to this tree: 24
Queries corresponds to this tree: 96
Queries corresponds to this tree: 24
Queries corresponds to this tree: 96
Queries corresponds to this tree: 312
Queries corresponds to this tree: 24
Queries corresponds to this tree: 96
Queries corresponds to this tree: 156
Queries corresponds to this tree: 120
Queries corresponds to this tree: 48
Queries corresponds to this tree: 240
Queries corresponds to this tree: 24
Queries corresponds to this tree: 45
Queries corresponds to this tree: 18
Queries corresponds to this tree: 36
Queries corresponds to this tree: 45
Queries corresponds to this tree: 9
Queries corresponds to this tree: 4
Queries corresponds to this tree: 288
Queries corresponds to this tree: 120
Queries corresponds to this tree: 288
Queries corresponds to this tree: 72
Queries corresponds to this tree: 576
Queries corresponds to this tree: 2304
Queries corresponds to this tree: 72
Queries corresponds to this tree: 144
Queries corresponds to this tree: 18
Queries corresponds to this tree: 90
Queries corresponds to this tree: 342
Queries corresponds to this tree: 72
Queries corresponds to this tree: 144
Queries corresponds to this tree: 270
Queries corresponds to this tree: 216
Queries corresponds to this tree: 72
Queries corresponds to this tree: 72
Queries corresponds to this tree: 12
Queries corresponds to this tree: 12
Queries corresponds to this tree: 24
Queries corresponds to this tree: 96
Queries corresponds to this tree: 36
Queries corresponds to this tree: 36
Queries corresponds to this tree: 18
Queries corresponds to this tree: 18
Queries corresponds to this tree: 9
Queries corresponds to this tree: 9
Queries corresponds to this tree: 36
Queries corresponds to this tree: 36
Queries corresponds to this tree: 90
Queries corresponds to this tree: 90
Queries corresponds to this tree: 270
Queries corresponds to this tree: 270
Queries corresponds to this tree: 48
Queries corresponds to this tree: 24
Queries corresponds to this tree: 48
Queries corresponds to this tree: 192
Queries corresponds to this tree: 1176
Queries corresponds to this tree: 672
Queries corresponds to this tree: 36
Queries corresponds to this tree: 144
Queries corresponds to this tree: 288
Queries corresponds to this tree: 1260
Queries corresponds to this tree: 720
Queries corresponds to this tree: 432
Queries corresponds to this tree: 27
Queries corresponds to this tree: 18
Queries corresponds to this tree: 18
Queries corresponds to this tree: 36
Queries corresponds to this tree: 90
Queries corresponds to this tree: 2952
Queries corresponds to this tree: 11808
Queries corresponds to this tree: 72
Queries corresponds to this tree: 180
Queries corresponds to this tree: 360
Queries corresponds to this tree: 72
Queries corresponds to this tree: 72
Queries corresponds to this tree: 144
Queries corresponds to this tree: 144
Queries corresponds to this tree: 162
Queries corresponds to this tree: 72
Queries corresponds to this tree: 144
Queries corresponds to this tree: 144
Queries corresponds to this tree: 90
Queries corresponds to this tree: 90
Queries corresponds to this tree: 360
Queries corresponds to this tree: 144
Queries corresponds to this tree: 144
Queries corresponds to this tree: 180
Queries corresponds to this tree: 864
Queries corresponds to this tree: 24
Queries corresponds to this tree: 84
Queries corresponds to this tree: 240
Queries corresponds to this tree: 240
Queries corresponds to this tree: 48
Queries corresponds to this tree: 48
Queries corresponds to this tree: 288
Queries corresponds to this tree: 576
Queries corresponds to this tree: 1152
Queries corresponds to this tree: 144
Queries corresponds to this tree: 216
Queries corresponds to this tree: 1080
Queries corresponds to this tree: 72
Queries corresponds to this tree: 6
Queries corresponds to this tree: 24
Queries corresponds to this tree: 36
Queries corresponds to this tree: 84
Queries corresponds to this tree: 48
Queries corresponds to this tree: 144
Queries corresponds to this tree: 36
Queries corresponds to this tree: 144
Queries corresponds to this tree: 36
Queries corresponds to this tree: 36
Queries corresponds to this tree: 18
Queries corresponds to this tree: 45
Queries corresponds to this tree: 9
Queries corresponds to this tree: 360
Queries corresponds to this tree: 1440
Queries corresponds to this tree: 96
Queries corresponds to this tree: 384
Queries corresponds to this tree: 432
Queries corresponds to this tree: 1728
Queries corresponds to this tree: 264
Queries corresponds to this tree: 36
Queries corresponds to this tree: 144
Queries corresponds to this tree: 528
Queries corresponds to this tree: 12
Queries corresponds to this tree: 48
Queries corresponds to this tree: 336
Queries corresponds to this tree: 672
Queries corresponds to this tree: 12
Queries corresponds to this tree: 96
Queries corresponds to this tree: 96
Queries corresponds to this tree: 120
Queries corresponds to this tree: 288
Queries corresponds to this tree: 864
Queries corresponds to this tree: 24
Queries corresponds to this tree: 48
Queries corresponds to this tree: 48
Queries corresponds to this tree: 60
Queries corresponds to this tree: 576
Queries corresponds to this tree: 12
Queries corresponds to this tree: 120
Queries corresponds to this tree: 24
Queries corresponds to this tree: 120
Queries corresponds to this tree: 120
Queries corresponds to this tree: 60
Queries corresponds to this tree: 384
Queries corresponds to this tree: 384
Queries corresponds to this tree: 126
Queries corresponds to this tree: 63
Queries corresponds to this tree: 216
Queries corresponds to this tree: 12
Queries corresponds to this tree: 6
Queries corresponds to this tree: 3
Queries corresponds to this tree: 24
Queries corresponds to this tree: 12
Queries corresponds to this tree: 312
Queries corresponds to this tree: 48
Queries corresponds to this tree: 48
Queries corresponds to this tree: 156
Queries corresponds to this tree: 48
Queries corresponds to this tree: 48
Queries corresponds to this tree: 24
Queries corresponds to this tree: 240
Queries corresponds to this tree: 48
Queries corresponds to this tree: 120
Queries corresponds to this tree: 56
Queries corresponds to this tree: 16
Queries corresponds to this tree: 16
Queries corresponds to this tree: 144
Queries corresponds to this tree: 144
Queries corresponds to this tree: 28
Queries corresponds to this tree: 96
Queries corresponds to this tree: 96
Queries corresponds to this tree: 35
Queries corresponds to this tree: 12
Queries corresponds to this tree: 7
Queries corresponds to this tree: 24
Queries corresponds to this tree: 60
Queries corresponds to this tree: 36
Queries corresponds to this tree: 72
Queries corresponds to this tree: 45
Queries corresponds to this tree: 18
Queries corresponds to this tree: 18
Queries corresponds to this tree: 18
Queries corresponds to this tree: 18
Queries corresponds to this tree: 90
Queries corresponds to this tree: 90
Queries corresponds to this tree: 45
Queries corresponds to this tree: 9
Queries corresponds to this tree: 18
Queries corresponds to this tree: 6
Queries corresponds to this tree: 3
Queries corresponds to this tree: 9
Queries corresponds to this tree: 24
Queries corresponds to this tree: 24
Queries corresponds to this tree: 14
Queries corresponds to this tree: 144
Queries corresponds to this tree: 1
Queries corresponds to this tree: 60
Queries corresponds to this tree: 240
Queries corresponds to this tree: 14
Queries corresponds to this tree: 2
Queries corresponds to this tree: 180
Queries corresponds to this tree: 720
Queries corresponds to this tree: 1
Queries corresponds to this tree: 14
Queries corresponds to this tree: 2
Queries corresponds to this tree: 108
Queries corresponds to this tree: 84
Queries corresponds to this tree: 12
Queries corresponds to this tree: 72
Queries corresponds to this tree: 288
Queries corresponds to this tree: 6
Queries corresponds to this tree: 72
Queries corresponds to this tree: 84
Queries corresponds to this tree: 144
Queries corresponds to this tree: 6
Queries corresponds to this tree: 84
Queries corresponds to this tree: 12
Queries corresponds to this tree: 36
Queries corresponds to this tree: 36
Queries corresponds to this tree: 9
Queries corresponds to this tree: 18
Queries corresponds to this tree: 120
Queries corresponds to this tree: 480
Queries corresponds to this tree: 24
Queries corresponds to this tree: 96
Queries corresponds to this tree: 576
Queries corresponds to this tree: 1152
Queries corresponds to this tree: 288
Queries corresponds to this tree: 180
Queries corresponds to this tree: 90
Queries corresponds to this tree: 864
Queries corresponds to this tree: 864
Queries corresponds to this tree: 18
Queries corresponds to this tree: 180
Queries corresponds to this tree: 180
Queries corresponds to this tree: 36
Queries corresponds to this tree: 12
Queries corresponds to this tree: 48
Queries corresponds to this tree: 72
Queries corresponds to this tree: 9
Queries corresponds to this tree: 18
Queries corresponds to this tree: 6
Queries corresponds to this tree: 6
Queries corresponds to this tree: 36
Queries corresponds to this tree: 12
Queries corresponds to this tree: 48
Queries corresponds to this tree: 18
Queries corresponds to this tree: 18
Queries corresponds to this tree: 36
Queries corresponds to this tree: 36
Queries corresponds to this tree: 180
Queries corresponds to this tree: 180
Queries corresponds to this tree: 216
Queries corresponds to this tree: 432
Queries corresponds to this tree: 864
Queries corresponds to this tree: 336
Queries corresponds to this tree: 12
Queries corresponds to this tree: 48
Queries corresponds to this tree: 288
Queries corresponds to this tree: 1152
Queries corresponds to this tree: 312
Queries corresponds to this tree: 24
Queries corresponds to this tree: 96
Queries corresponds to this tree: 156
Queries corresponds to this tree: 72
Queries corresponds to this tree: 288
Queries corresponds to this tree: 240
Queries corresponds to this tree: 960
Queries corresponds to this tree: 288
Queries corresponds to this tree: 120
Queries corresponds to this tree: 288
Queries corresponds to this tree: 24
Queries corresponds to this tree: 48
Queries corresponds to this tree: 36
Queries corresponds to this tree: 24
Queries corresponds to this tree: 360
Queries corresponds to this tree: 360
Queries corresponds to this tree: 120
Queries corresponds to this tree: 120
Queries corresponds to this tree: 48
Queries corresponds to this tree: 48
Queries corresponds to this tree: 4200
Queries corresponds to this tree: 4200
Queries corresponds to this tree: 9450
Queries corresponds to this tree: 252
Queries corresponds to this tree: 216
Queries corresponds to this tree: 144
Queries corresponds to this tree: 24
Queries corresponds to this tree: 168
Queries corresponds to this tree: 216
Queries corresponds to this tree: 120
Queries corresponds to this tree: 120
Queries corresponds to this tree: 60
Queries corresponds to this tree: 108
Queries corresponds to this tree: 120
Queries corresponds to this tree: 504
Queries corresponds to this tree: 288
Queries corresponds to this tree: 144
Queries corresponds to this tree: 1008
Queries corresponds to this tree: 252
Queries corresponds to this tree: 504
Queries corresponds to this tree: 28
Queries corresponds to this tree: 6
Queries corresponds to this tree: 84
Queries corresponds to this tree: 72
Queries corresponds to this tree: 288
Queries corresponds to this tree: 84
Queries corresponds to this tree: 12
Queries corresponds to this tree: 36
Queries corresponds to this tree: 42
Queries corresponds to this tree: 72
Queries corresponds to this tree: 3
Queries corresponds to this tree: 42
Queries corresponds to this tree: 6
Queries corresponds to this tree: 48
Queries corresponds to this tree: 96
Queries corresponds to this tree: 384
Queries corresponds to this tree: 24
Queries corresponds to this tree: 60
Queries corresponds to this tree: 54
Queries corresponds to this tree: 18
Queries corresponds to this tree: 90
Queries corresponds to this tree: 6
Queries corresponds to this tree: 12
Queries corresponds to this tree: 60
Queries corresponds to this tree: 60
Queries corresponds to this tree: 24
Queries corresponds to this tree: 48
Queries corresponds to this tree: 72
Queries corresponds to this tree: 360
Queries corresponds to this tree: 36
Queries corresponds to this tree: 180
Queries corresponds to this tree: 36
Queries corresponds to this tree: 144
Queries corresponds to this tree: 264
Queries corresponds to this tree: 36
Queries corresponds to this tree: 144
Queries corresponds to this tree: 528
Queries corresponds to this tree: 48
Queries corresponds to this tree: 72
Queries corresponds to this tree: 72
Queries corresponds to this tree: 48
Queries corresponds to this tree: 48
Queries corresponds to this tree: 18
Queries corresponds to this tree: 18
Queries corresponds to this tree: 72
Queries corresponds to this tree: 36
Queries corresponds to this tree: 396
Queries corresponds to this tree: 1584
Queries corresponds to this tree: 24
Queries corresponds to this tree: 16
Queries corresponds to this tree: 336
Queries corresponds to this tree: 12
Queries corresponds to this tree: 24
Queries corresponds to this tree: 9
Queries corresponds to this tree: 36
Queries corresponds to this tree: 54
Queries corresponds to this tree: 972
Queries corresponds to this tree: 180
Queries corresponds to this tree: 180
Queries corresponds to this tree: 36
Queries corresponds to this tree: 8
Queries corresponds to this tree: 16
Queries corresponds to this tree: 24
Queries corresponds to this tree: 60
Queries corresponds to this tree: 12
Queries corresponds to this tree: 60
Queries corresponds to this tree: 120
Queries corresponds to this tree: 168
Queries corresponds to this tree: 96
Queries corresponds to this tree: 384
Queries corresponds to this tree: 288
Queries corresponds to this tree: 96
Queries corresponds to this tree: 3276
Queries corresponds to this tree: 1872
Queries corresponds to this tree: 288
Queries corresponds to this tree: 336
Queries corresponds to this tree: 96
Queries corresponds to this tree: 96
Queries corresponds to this tree: 24
Queries corresponds to this tree: 48
Queries corresponds to this tree: 72
Queries corresponds to this tree: 42
Queries corresponds to this tree: 7
Queries corresponds to this tree: 12
Queries corresponds to this tree: 48
Queries corresponds to this tree: 56
Queries corresponds to this tree: 21
Queries corresponds to this tree: 36
Queries corresponds to this tree: 72
Queries corresponds to this tree: 24
Queries corresponds to this tree: 24
Queries corresponds to this tree: 28
Queries corresponds to this tree: 18
Queries corresponds to this tree: 18
Queries corresponds to this tree: 36
Queries corresponds to this tree: 24
Queries corresponds to this tree: 96
Queries corresponds to this tree: 120
Queries corresponds to this tree: 480
Queries corresponds to this tree: 288
Queries corresponds to this tree: 576
Queries corresponds to this tree: 1152
Queries corresponds to this tree: 18
Queries corresponds to this tree: 18
Queries corresponds to this tree: 54
Queries corresponds to this tree: 27
Queries corresponds to this tree: 24
Queries corresponds to this tree: 36
Queries corresponds to this tree: 24
Queries corresponds to this tree: 48
Queries corresponds to this tree: 72
Queries corresponds to this tree: 72
Queries corresponds to this tree: 180
Queries corresponds to this tree: 180
Queries corresponds to this tree: 45
Queries corresponds to this tree: 18
Queries corresponds to this tree: 18
Queries corresponds to this tree: 18
Queries corresponds to this tree: 18
Queries corresponds to this tree: 216
Queries corresponds to this tree: 216
Queries corresponds to this tree: 90
Queries corresponds to this tree: 216
Queries corresponds to this tree: 4320
Queries corresponds to this tree: 6912
Queries corresponds to this tree: 378
Queries corresponds to this tree: 1296
Queries corresponds to this tree: 126
Queries corresponds to this tree: 756
Queries corresponds to this tree: 648
Queries corresponds to this tree: 252
Queries corresponds to this tree: 252
Queries corresponds to this tree: 1260
Queries corresponds to this tree: 24
Queries corresponds to this tree: 48
Queries corresponds to this tree: 14
Queries corresponds to this tree: 2
Queries corresponds to this tree: 14
Queries corresponds to this tree: 2
Queries corresponds to this tree: 24
Queries corresponds to this tree: 14
Queries corresponds to this tree: 144
Queries corresponds to this tree: 60
Queries corresponds to this tree: 70
Queries corresponds to this tree: 1
Queries corresponds to this tree: 12
Queries corresponds to this tree: 14
Queries corresponds to this tree: 7
Queries corresponds to this tree: 1
Queries corresponds to this tree: 24
Queries corresponds to this tree: 2268
Queries corresponds to this tree: 2646
Queries corresponds to this tree: 63
Queries corresponds to this tree: 540
Queries corresponds to this tree: 630
Queries corresponds to this tree: 792
Queries corresponds to this tree: 144
Queries corresponds to this tree: 168
Queries corresponds to this tree: 108
Queries corresponds to this tree: 144
Queries corresponds to this tree: 168
Queries corresponds to this tree: 462
Queries corresponds to this tree: 1728
Queries corresponds to this tree: 288
Queries corresponds to this tree: 36
Queries corresponds to this tree: 42
Queries corresponds to this tree: 24
Queries corresponds to this tree: 2
Queries corresponds to this tree: 28
Queries corresponds to this tree: 4
Queries corresponds to this tree: 12
Queries corresponds to this tree: 24
Queries corresponds to this tree: 360
Queries corresponds to this tree: 360
Queries corresponds to this tree: 864
Queries corresponds to this tree: 144
Queries corresponds to this tree: 2304
Queries corresponds to this tree: 144
Queries corresponds to this tree: 216
Queries corresponds to this tree: 216
Queries corresponds to this tree: 90
Queries corresponds to this tree: 12
Queries corresponds to this tree: 24
Queries corresponds to this tree: 312
Queries corresponds to this tree: 48
Queries corresponds to this tree: 48
Queries corresponds to this tree: 156
Queries corresponds to this tree: 24
Queries corresponds to this tree: 24
Queries corresponds to this tree: 576
Queries corresponds to this tree: 576
Queries corresponds to this tree: 480
Queries corresponds to this tree: 480
Queries corresponds to this tree: 144
Queries corresponds to this tree: 144
Queries corresponds to this tree: 24
Queries corresponds to this tree: 48
Queries corresponds to this tree: 60
Queries corresponds to this tree: 180
Queries corresponds to this tree: 144
Queries corresponds to this tree: 864
Queries corresponds to this tree: 360
Queries corresponds to this tree: 432
Queries corresponds to this tree: 1728
Queries corresponds to this tree: 1584
Queries corresponds to this tree: 180
Queries corresponds to this tree: 324
Queries corresponds to this tree: 720
Queries corresponds to this tree: 144
Queries corresponds to this tree: 16200
Queries corresponds to this tree: 25920
Queries corresponds to this tree: 144
Queries corresponds to this tree: 576
Queries corresponds to this tree: 792
Queries corresponds to this tree: 288
Queries corresponds to this tree: 432
Queries corresponds to this tree: 144
Queries corresponds to this tree: 720
Queries corresponds to this tree: 3456
Queries corresponds to this tree: 12
Queries corresponds to this tree: 60
Queries corresponds to this tree: 6
Queries corresponds to this tree: 240
Queries corresponds to this tree: 216
Queries corresponds to this tree: 96
Queries corresponds to this tree: 480
Queries corresponds to this tree: 480
Queries corresponds to this tree: 96
Queries corresponds to this tree: 9288
Queries corresponds to this tree: 12384
Queries corresponds to this tree: 192
Queries corresponds to this tree: 768
Queries corresponds to this tree: 384
Queries corresponds to this tree: 192
Queries corresponds to this tree: 624
Queries corresponds to this tree: 120
Queries corresponds to this tree: 96
Queries corresponds to this tree: 384
Queries corresponds to this tree: 120
Queries corresponds to this tree: 1728
Queries corresponds to this tree: 312
Queries corresponds to this tree: 96
Queries corresponds to this tree: 192
Queries corresponds to this tree: 72
Queries corresponds to this tree: 72
Queries corresponds to this tree: 432
Queries corresponds to this tree: 72
Queries corresponds to this tree: 576
Queries corresponds to this tree: 240
Queries corresponds to this tree: 1296
Queries corresponds to this tree: 240
Queries corresponds to this tree: 48
Queries corresponds to this tree: 176
Queries corresponds to this tree: 144
Queries corresponds to this tree: 144
Queries corresponds to this tree: 864
Queries corresponds to this tree: 144
Queries corresponds to this tree: 12
Queries corresponds to this tree: 12
Queries corresponds to this tree: 12
Queries corresponds to this tree: 120
Queries corresponds to this tree: 48
Queries corresponds to this tree: 48
Queries corresponds to this tree: 768
Queries corresponds to this tree: 768
Queries corresponds to this tree: 240
Queries corresponds to this tree: 240
Queries corresponds to this tree: 240
Queries corresponds to this tree: 192
Queries corresponds to this tree: 192
Queries corresponds to this tree: 576
Queries corresponds to this tree: 1728
Queries corresponds to this tree: 96
Queries corresponds to this tree: 96
Queries corresponds to this tree: 1152
Queries corresponds to this tree: 48
Queries corresponds to this tree: 88
Queries corresponds to this tree: 6
Queries corresponds to this tree: 3
Queries corresponds to this tree: 9
Queries corresponds to this tree: 6
Queries corresponds to this tree: 6
Queries corresponds to this tree: 54
Queries corresponds to this tree: 54
Queries corresponds to this tree: 18
Queries corresponds to this tree: 36
Queries corresponds to this tree: 36
Queries corresponds to this tree: 18
Queries corresponds to this tree: 30
Queries corresponds to this tree: 36
Queries corresponds to this tree: 360
Queries corresponds to this tree: 72
Queries corresponds to this tree: 180
Queries corresponds to this tree: 24
Queries corresponds to this tree: 24
Queries corresponds to this tree: 120
Queries corresponds to this tree: 120
Queries corresponds to this tree: 24
Queries corresponds to this tree: 96
Queries corresponds to this tree: 60
Queries corresponds to this tree: 24
Queries corresponds to this tree: 12
Queries corresponds to this tree: 24
Queries corresponds to this tree: 84
Queries corresponds to this tree: 84
Queries corresponds to this tree: 42
Queries corresponds to this tree: 882
Queries corresponds to this tree: 84
Queries corresponds to this tree: 12
Queries corresponds to this tree: 96
Queries corresponds to this tree: 96
Queries corresponds to this tree: 96
Queries corresponds to this tree: 192
Queries corresponds to this tree: 36
Queries corresponds to this tree: 144
Queries corresponds to this tree: 360
Queries corresponds to this tree: 180
Queries corresponds to this tree: 288
Queries corresponds to this tree: 1152
Queries corresponds to this tree: 60
Queries corresponds to this tree: 240
Queries corresponds to this tree: 48
Queries corresponds to this tree: 24
Queries corresponds to this tree: 96
Queries corresponds to this tree: 240
Queries corresponds to this tree: 192
Queries corresponds to this tree: 60
Queries corresponds to this tree: 240
Queries corresponds to this tree: 120
Queries corresponds to this tree: 24
Queries corresponds to this tree: 204
Queries corresponds to this tree: 816
Queries corresponds to this tree: 60
Queries corresponds to this tree: 12
Queries corresponds to this tree: 480
Queries corresponds to this tree: 768
Queries corresponds to this tree: 24
Queries corresponds to this tree: 96
Queries corresponds to this tree: 24
Queries corresponds to this tree: 72
Queries corresponds to this tree: 288
Queries corresponds to this tree: 120
Queries corresponds to this tree: 12
Queries corresponds to this tree: 60
Queries corresponds to this tree: 576
Queries corresponds to this tree: 60
Queries corresponds to this tree: 144
Queries corresponds to this tree: 576
Queries corresponds to this tree: 36
Queries corresponds to this tree: 36
Queries corresponds to this tree: 36
Queries corresponds to this tree: 36
Queries corresponds to this tree: 432
Queries corresponds to this tree: 45
Queries corresponds to this tree: 90
Queries corresponds to this tree: 90
Queries corresponds to this tree: 90
Queries corresponds to this tree: 270
Queries corresponds to this tree: 270
Queries corresponds to this tree: 18
Queries corresponds to this tree: 18
Queries corresponds to this tree: 6
Queries corresponds to this tree: 6
Queries corresponds to this tree: 36
Queries corresponds to this tree: 12
Queries corresponds to this tree: 48
Queries corresponds to this tree: 18
Queries corresponds to this tree: 18
Queries corresponds to this tree: 60
Queries corresponds to this tree: 72
Queries corresponds to this tree: 42
Queries corresponds to this tree: 252
Queries corresponds to this tree: 36
Queries corresponds to this tree: 216
Queries corresponds to this tree: 36
Queries corresponds to this tree: 36
Queries corresponds to this tree: 18
Queries corresponds to this tree: 30
Queries corresponds to this tree: 48
Queries corresponds to this tree: 96
Queries corresponds to this tree: 24
Queries corresponds to this tree: 96
Queries corresponds to this tree: 504
Queries corresponds to this tree: 1008
Queries corresponds to this tree: 504
Queries corresponds to this tree: 36
Queries corresponds to this tree: 36
Queries corresponds to this tree: 180
Queries corresponds to this tree: 180
Queries corresponds to this tree: 234
Queries corresponds to this tree: 234
Queries corresponds to this tree: 234
Queries corresponds to this tree: 63
Queries corresponds to this tree: 108
Queries corresponds to this tree: 96
Queries corresponds to this tree: 32
Queries corresponds to this tree: 32
Queries corresponds to this tree: 64
Queries corresponds to this tree: 160
Queries corresponds to this tree: 48
Queries corresponds to this tree: 48
Queries corresponds to this tree: 3
Queries corresponds to this tree: 1008
Queries corresponds to this tree: 432
Queries corresponds to this tree: 72
Queries corresponds to this tree: 18
Queries corresponds to this tree: 18
Queries corresponds to this tree: 18
Queries corresponds to this tree: 9
Queries corresponds to this tree: 12
Queries corresponds to this tree: 24
Queries corresponds to this tree: 108
Queries corresponds to this tree: 72
Queries corresponds to this tree: 960
Queries corresponds to this tree: 360
Queries corresponds to this tree: 192
Queries corresponds to this tree: 96
Queries corresponds to this tree: 312
Queries corresponds to this tree: 672
Queries corresponds to this tree: 48
Queries corresponds to this tree: 96
Queries corresponds to this tree: 120
Queries corresponds to this tree: 2160
Queries corresponds to this tree: 2880
Queries corresponds to this tree: 480
Queries corresponds to this tree: 240
Queries corresponds to this tree: 24
Queries corresponds to this tree: 240
Queries corresponds to this tree: 48
Queries corresponds to this tree: 240
Queries corresponds to this tree: 240
Queries corresponds to this tree: 120
Queries corresponds to this tree: 1152
Queries corresponds to this tree: 1152
Queries corresponds to this tree: 16
Queries corresponds to this tree: 32
Queries corresponds to this tree: 24
Queries corresponds to this tree: 48
Queries corresponds to this tree: 60
Queries corresponds to this tree: 60
Queries corresponds to this tree: 12
Queries corresponds to this tree: 1872
Queries corresponds to this tree: 1008
Queries corresponds to this tree: 504
Queries corresponds to this tree: 24
Queries corresponds to this tree: 6
Queries corresponds to this tree: 3
Queries corresponds to this tree: 144
Queries corresponds to this tree: 72
Queries corresponds to this tree: 72
Queries corresponds to this tree: 288
Queries corresponds to this tree: 1944
Queries corresponds to this tree: 2268
Queries corresponds to this tree: 108
Queries corresponds to this tree: 72
Queries corresponds to this tree: 12
Queries corresponds to this tree: 84
Queries corresponds to this tree: 336
Queries corresponds to this tree: 168
Queries corresponds to this tree: 720
Queries corresponds to this tree: 48
Queries corresponds to this tree: 12
Queries corresponds to this tree: 16
Queries corresponds to this tree: 16
Queries corresponds to this tree: 32
Queries corresponds to this tree: 80
Queries corresponds to this tree: 24
Queries corresponds to this tree: 24
Queries corresponds to this tree: 24
Queries corresponds to this tree: 60
Queries corresponds to this tree: 240
Queries corresponds to this tree: 24
Queries corresponds to this tree: 96
Queries corresponds to this tree: 180
Queries corresponds to this tree: 720
Queries corresponds to this tree: 288
Queries corresponds to this tree: 36
Queries corresponds to this tree: 168
Queries corresponds to this tree: 144
Queries corresponds to this tree: 192
Queries corresponds to this tree: 192
Queries corresponds to this tree: 96
Queries corresponds to this tree: 192
Queries corresponds to this tree: 1680
Queries corresponds to this tree: 4200
Queries corresponds to this tree: 144
Queries corresponds to this tree: 84
Queries corresponds to this tree: 2304
Queries corresponds to this tree: 144
Queries corresponds to this tree: 864
Queries corresponds to this tree: 24
Queries corresponds to this tree: 24
Queries corresponds to this tree: 120
Queries corresponds to this tree: 120
Queries corresponds to this tree: 12
Queries corresponds to this tree: 120
Queries corresponds to this tree: 24
Queries corresponds to this tree: 60
Queries corresponds to this tree: 180
Queries corresponds to this tree: 36
Queries corresponds to this tree: 144
Queries corresponds to this tree: 360
Queries corresponds to this tree: 60
Queries corresponds to this tree: 240
Queries corresponds to this tree: 288
Queries corresponds to this tree: 1152
Queries corresponds to this tree: 1260
Queries corresponds to this tree: 1260
Queries corresponds to this tree: 2835
Queries corresponds to this tree: 126
Queries corresponds to this tree: 108
Queries corresponds to this tree: 72
Queries corresponds to this tree: 12
Queries corresponds to this tree: 84
Queries corresponds to this tree: 108
Queries corresponds to this tree: 60
Queries corresponds to this tree: 60
Queries corresponds to this tree: 30
Queries corresponds to this tree: 54
Queries corresponds to this tree: 60
Queries corresponds to this tree: 1944
Queries corresponds to this tree: 108
Queries corresponds to this tree: 72
Queries corresponds to this tree: 12
Queries corresponds to this tree: 84
Queries corresponds to this tree: 180
Queries corresponds to this tree: 180
Queries corresponds to this tree: 324
Queries corresponds to this tree: 2268
Queries corresponds to this tree: 60
Queries corresponds to this tree: 60
Queries corresponds to this tree: 1944
Queries corresponds to this tree: 12
Queries corresponds to this tree: 12
Queries corresponds to this tree: 36
Queries corresponds to this tree: 144
Queries corresponds to this tree: 60
Queries corresponds to this tree: 60
Queries corresponds to this tree: 288
Queries corresponds to this tree: 288
Queries corresponds to this tree: 432
Queries corresponds to this tree: 1152
Queries corresponds to this tree: 108
Queries corresponds to this tree: 648
Queries corresponds to this tree: 108
Queries corresponds to this tree: 108
Queries corresponds to this tree: 48
Queries corresponds to this tree: 24
Queries corresponds to this tree: 108
Queries corresponds to this tree: 384
Queries corresponds to this tree: 288
Queries corresponds to this tree: 84
Queries corresponds to this tree: 120
Queries corresponds to this tree: 240
Queries corresponds to this tree: 480
Queries corresponds to this tree: 1200
Queries corresponds to this tree: 6
Queries corresponds to this tree: 6
Queries corresponds to this tree: 54
Queries corresponds to this tree: 54
Queries corresponds to this tree: 9
Queries corresponds to this tree: 18
Queries corresponds to this tree: 36
Queries corresponds to this tree: 36
Queries corresponds to this tree: 504
Queries corresponds to this tree: 126
Queries corresponds to this tree: 63
Queries corresponds to this tree: 9
Queries corresponds to this tree: 84
Queries corresponds to this tree: 168
Queries corresponds to this tree: 60
Queries corresponds to this tree: 240
Queries corresponds to this tree: 70
Queries corresponds to this tree: 10
Queries corresponds to this tree: 12
Queries corresponds to this tree: 48
Queries corresponds to this tree: 14
Queries corresponds to this tree: 2
Queries corresponds to this tree: 5
Queries corresponds to this tree: 14
Queries corresponds to this tree: 2
Queries corresponds to this tree: 14
Queries corresponds to this tree: 2
Queries corresponds to this tree: 35
Queries corresponds to this tree: 70
Queries corresponds to this tree: 5
Queries corresponds to this tree: 1
Queries corresponds to this tree: 14
Queries corresponds to this tree: 5
Queries corresponds to this tree: 1
Queries corresponds to this tree: 1
Queries corresponds to this tree: 98
Queries corresponds to this tree: 120
Queries corresponds to this tree: 60
Queries corresponds to this tree: 70
Queries corresponds to this tree: 5
Queries corresponds to this tree: 12
Queries corresponds to this tree: 14
Queries corresponds to this tree: 24
Queries corresponds to this tree: 1
Queries corresponds to this tree: 70
Queries corresponds to this tree: 10
Queries corresponds to this tree: 14
Queries corresponds to this tree: 2
Queries corresponds to this tree: 360
Queries corresponds to this tree: 12
Queries corresponds to this tree: 1080
Queries corresponds to this tree: 180
Queries corresponds to this tree: 72
Queries corresponds to this tree: 72
Queries corresponds to this tree: 72
Queries corresponds to this tree: 72
Queries corresponds to this tree: 504
Queries corresponds to this tree: 432
Queries corresponds to this tree: 360
Queries corresponds to this tree: 252
Queries corresponds to this tree: 432
Queries corresponds to this tree: 1512
Queries corresponds to this tree: 1512
Queries corresponds to this tree: 3402
Queries corresponds to this tree: 18
Queries corresponds to this tree: 18
Queries corresponds to this tree: 18
Queries corresponds to this tree: 36
Queries corresponds to this tree: 6
Queries corresponds to this tree: 6
Queries corresponds to this tree: 42
Queries corresponds to this tree: 6
Queries corresponds to this tree: 36
Queries corresponds to this tree: 144
Queries corresponds to this tree: 3
Queries corresponds to this tree: 72
Queries corresponds to this tree: 84
Queries corresponds to this tree: 6
Queries corresponds to this tree: 144
Queries corresponds to this tree: 84
Queries corresponds to this tree: 12
Queries corresponds to this tree: 270
Queries corresponds to this tree: 135
Queries corresponds to this tree: 54
Queries corresponds to this tree: 54
Queries corresponds to this tree: 90
Queries corresponds to this tree: 90
Queries corresponds to this tree: 432
Queries corresponds to this tree: 432
Queries corresponds to this tree: 6
Queries corresponds to this tree: 18
Queries corresponds to this tree: 36
Queries corresponds to this tree: 18
Queries corresponds to this tree: 18
Queries corresponds to this tree: 9
Queries corresponds to this tree: 9
Queries corresponds to this tree: 6
Queries corresponds to this tree: 6
Queries corresponds to this tree: 6
Queries corresponds to this tree: 6
Queries corresponds to this tree: 18
Queries corresponds to this tree: 18
Queries corresponds to this tree: 9
Queries corresponds to this tree: 252
Queries corresponds to this tree: 108
Queries corresponds to this tree: 12
Queries corresponds to this tree: 240
Queries corresponds to this tree: 240
Queries corresponds to this tree: 48
Queries corresponds to this tree: 48
Queries corresponds to this tree: 312
Queries corresponds to this tree: 312
Queries corresponds to this tree: 312
Queries corresponds to this tree: 144
Queries corresponds to this tree: 144
Queries corresponds to this tree: 864
Queries corresponds to this tree: 144
Queries corresponds to this tree: 84
Queries corresponds to this tree: 882
Queries corresponds to this tree: 84
Queries corresponds to this tree: 441
Queries corresponds to this tree: 126
Queries corresponds to this tree: 360
Queries corresponds to this tree: 72
Queries corresponds to this tree: 72
Queries corresponds to this tree: 180
Queries corresponds to this tree: 120
Queries corresponds to this tree: 120
Queries corresponds to this tree: 576
Queries corresponds to this tree: 576
Queries corresponds to this tree: 72
Queries corresponds to this tree: 144
Queries corresponds to this tree: 576
Queries corresponds to this tree: 36
Queries corresponds to this tree: 27
Queries corresponds to this tree: 81
Queries corresponds to this tree: 90
Queries corresponds to this tree: 135
Queries corresponds to this tree: 9
Queries corresponds to this tree: 6
Queries corresponds to this tree: 120
Queries corresponds to this tree: 192
Queries corresponds to this tree: 768
Queries corresponds to this tree: 24
Queries corresponds to this tree: 60
Queries corresponds to this tree: 60
Queries corresponds to this tree: 240
Queries corresponds to this tree: 12
Queries corresponds to this tree: 60
Queries corresponds to this tree: 432
Queries corresponds to this tree: 576
Queries corresponds to this tree: 48
Queries corresponds to this tree: 192
Queries corresponds to this tree: 24
Queries corresponds to this tree: 96
Queries corresponds to this tree: 24
Queries corresponds to this tree: 120
Queries corresponds to this tree: 576
Queries corresponds to this tree: 12
Queries corresponds to this tree: 60
Queries corresponds to this tree: 240
Queries corresponds to this tree: 60
Queries corresponds to this tree: 12
Queries corresponds to this tree: 48
Queries corresponds to this tree: 120
Queries corresponds to this tree: 468
Queries corresponds to this tree: 1872
Queries corresponds to this tree: 24
Queries corresponds to this tree: 96
Queries corresponds to this tree: 48
Queries corresponds to this tree: 16
Queries corresponds to this tree: 16
Queries corresponds to this tree: 108
Queries corresponds to this tree: 72
Queries corresponds to this tree: 27
Queries corresponds to this tree: 27
Queries corresponds to this tree: 72
Queries corresponds to this tree: 72
Queries corresponds to this tree: 108
Queries corresponds to this tree: 108
Queries corresponds to this tree: 54
Queries corresponds to this tree: 594
Queries corresponds to this tree: 2376
Queries corresponds to this tree: 36
Queries corresponds to this tree: 288
Queries corresponds to this tree: 288
Queries corresponds to this tree: 120
Queries corresponds to this tree: 192
Queries corresponds to this tree: 1152
Queries corresponds to this tree: 3360
Queries corresponds to this tree: 144
Queries corresponds to this tree: 144
Queries corresponds to this tree: 144
Queries corresponds to this tree: 864
Queries corresponds to this tree: 12
Queries corresponds to this tree: 576
Queries corresponds to this tree: 72
Queries corresponds to this tree: 72
Queries corresponds to this tree: 72
Queries corresponds to this tree: 432
Queries corresponds to this tree: 56
Queries corresponds to this tree: 16
Queries corresponds to this tree: 16
Queries corresponds to this tree: 16
Queries corresponds to this tree: 16
Queries corresponds to this tree: 28
Queries corresponds to this tree: 24
Queries corresponds to this tree: 48
Queries corresponds to this tree: 336
Queries corresponds to this tree: 42
Queries corresponds to this tree: 84
Queries corresponds to this tree: 60
Queries corresponds to this tree: 24
Queries corresponds to this tree: 24
Queries corresponds to this tree: 936
Queries corresponds to this tree: 936
Queries corresponds to this tree: 120
Queries corresponds to this tree: 120
Queries corresponds to this tree: 120
Queries corresponds to this tree: 96
Queries corresponds to this tree: 96
Queries corresponds to this tree: 576
Queries corresponds to this tree: 96
Queries corresponds to this tree: 840
Queries corresponds to this tree: 36
Queries corresponds to this tree: 144
Queries corresponds to this tree: 48
Queries corresponds to this tree: 48
Queries corresponds to this tree: 48
Queries corresponds to this tree: 96
Total Tree Count: 1325
Total Query Count: 458474
[Enumeration Finished]
[[Synthesizer finished]] time: 01:49:48:963
