================
[[Synthesizer start]] data/035
[Enumerator Type] CanonicalTableEnumeratorOnTheFly
[Initialize Enumeration]
  Parameterized Table Number: 0
[Enumeration Start]
[Stage 1] EnumFilterNamed: 
	Queries generated: 1
	Tables generated: 1
	Total Table by now: 1
[Stage 2] EnumAggregationNode: 
	Queries generated: 9
	Tables generated: 6
	Total Table by now: 7
[Stage 3] EnumJoin1 
	Queries generated: 140
	Tables generated: 61
	Total Table by now: 68
We have 1000 tables now; Avg size: 315.811
[Stage 4] EnumJoin2 
	Queries generated: 4979
	Tables generated: 1561
	Total Table by now: 1568
[Runner up Table Count] 27
[Consistent Table number] 27
Queries corresponds to this tree: 6
Queries corresponds to this tree: 6
Queries corresponds to this tree: 6
Queries corresponds to this tree: 6
Queries corresponds to this tree: 6
Queries corresponds to this tree: 6
Queries corresponds to this tree: 8
Queries corresponds to this tree: 4
Queries corresponds to this tree: 8
Queries corresponds to this tree: 8
Queries corresponds to this tree: 4
Queries corresponds to this tree: 16
Queries corresponds to this tree: 32
Queries corresponds to this tree: 8
Queries corresponds to this tree: 4
Queries corresponds to this tree: 36
Queries corresponds to this tree: 36
Queries corresponds to this tree: 48
Queries corresponds to this tree: 12
Queries corresponds to this tree: 12
Queries corresponds to this tree: 24
Queries corresponds to this tree: 16
Queries corresponds to this tree: 20
Queries corresponds to this tree: 16
Queries corresponds to this tree: 2
Queries corresponds to this tree: 8
Queries corresponds to this tree: 2
Queries corresponds to this tree: 2
Queries corresponds to this tree: 32
Queries corresponds to this tree: 6
Queries corresponds to this tree: 8
Queries corresponds to this tree: 24
Queries corresponds to this tree: 32
Queries corresponds to this tree: 4
Queries corresponds to this tree: 16
Queries corresponds to this tree: 32
Queries corresponds to this tree: 2
Queries corresponds to this tree: 4
Queries corresponds to this tree: 16
Queries corresponds to this tree: 36
Queries corresponds to this tree: 36
Queries corresponds to this tree: 48
Queries corresponds to this tree: 12
Queries corresponds to this tree: 12
Total Tree Count: 44
Total Query Count: 682
[Enumeration Finished]
[[Synthesizer finished]] time: 00:01:02:880
