================
[[Synthesizer start]] data/036
[Enumerator Type] CanonicalTableEnumeratorOnTheFly
[Initialize Enumeration]
  Parameterized Table Number: 0
[Enumeration Start]
[Stage 1] EnumFilterNamed: 
	Queries generated: 1
	Tables generated: 1
	Total Table by now: 1
[Stage 2] EnumAggregationNode: 
	Queries generated: 3
	Tables generated: 3
	Total Table by now: 4
[Stage 3] EnumJoin1 
	Queries generated: 32
	Tables generated: 29
	Total Table by now: 33
[Stage 4] EnumJoin2 
	Queries generated: 1591
	Tables generated: 660
	Total Table by now: 664
[Runner up Table Count] 1
[Consistent Table number] 2
Queries corresponds to this tree: 1
Queries corresponds to this tree: 1
Queries corresponds to this tree: 1
Queries corresponds to this tree: 1
Total Tree Count: 4
Total Query Count: 4
[Enumeration Finished]
[[Synthesizer finished]] time: 00:00:07:694
