================
[[Synthesizer start]] data/037
[Enumerator Type] CanonicalTableEnumeratorOnTheFly
[Initialize Enumeration]
  Parameterized Table Number: 0
[Enumeration Start]
[Stage 1] EnumFilterNamed: 
	Queries generated: 6
	Tables generated: 1
	Total Table by now: 1
[Stage 2] EnumAggregationNode: 
	Queries generated: 37
	Tables generated: 4
	Total Table by now: 5
[Stage 3] EnumJoin1 
	Queries generated: 126
	Tables generated: 27
	Total Table by now: 32
[Stage 4] EnumJoin2 
	Queries generated: 2319
	Tables generated: 376
	Total Table by now: 381
[Runner up Table Count] 2
[Consistent Table number] 2
Queries corresponds to this tree: 1944
Queries corresponds to this tree: 432
Queries corresponds to this tree: 72
Total Tree Count: 3
Total Query Count: 2448
[Enumeration Finished]
[[Synthesizer finished]] time: 00:00:09:832
