================
[[Synthesizer start]] data/038
[Enumerator Type] CanonicalTableEnumeratorOnTheFly
[Initialize Enumeration]
  Parameterized Table Number: 0
[Enumeration Start]
[Stage 1] EnumFilterNamed: 
	Queries generated: 1
	Tables generated: 1
	Total Table by now: 1
[Stage 2] EnumAggregationNode: 
	Queries generated: 5
	Tables generated: 5
	Total Table by now: 6
[Stage 3] EnumJoin1 
	Queries generated: 115
	Tables generated: 55
	Total Table by now: 61
We have 1000 tables now; Avg size: 160.461
We have 2000 tables now; Avg size: 199.868
[Stage 4] EnumJoin2 
	Queries generated: 9183
	Tables generated: 2502
	Total Table by now: 2508
[Runner up Table Count] 9
[Consistent Table number] 10
Queries corresponds to this tree: 342
Queries corresponds to this tree: 9
Queries corresponds to this tree: 9
Queries corresponds to this tree: 36
Queries corresponds to this tree: 6
Queries corresponds to this tree: 8
Queries corresponds to this tree: 16
Queries corresponds to this tree: 6
Queries corresponds to this tree: 8
Queries corresponds to this tree: 1
Queries corresponds to this tree: 1
Queries corresponds to this tree: 1
Queries corresponds to this tree: 2
Queries corresponds to this tree: 2
Queries corresponds to this tree: 2
Queries corresponds to this tree: 2
Queries corresponds to this tree: 24
Queries corresponds to this tree: 486
Queries corresponds to this tree: 72
Queries corresponds to this tree: 6
Queries corresponds to this tree: 42
Queries corresponds to this tree: 1
Total Tree Count: 22
Total Query Count: 1082
[Enumeration Finished]
[[Synthesizer finished]] time: 00:00:42:226
