================
[[Synthesizer start]] data/039
[Enumerator Type] CanonicalTableEnumeratorOnTheFly
[Initialize Enumeration]
  Parameterized Table Number: 0
[Enumeration Start]
[Stage 1] EnumFilterNamed: 
	Queries generated: 36
	Tables generated: 1
	Total Table by now: 1
[Stage 2] EnumAggregationNode: 
	Queries generated: 19
	Tables generated: 9
	Total Table by now: 10
[Stage 3] EnumJoin1 
	Queries generated: 1115
	Tables generated: 155
	Total Table by now: 165
We have 1000 tables now; Avg size: 80.966
We have 2000 tables now; Avg size: 122.345
We have 3000 tables now; Avg size: 113.14233333333334
We have 4000 tables now; Avg size: 110.84375
We have 5000 tables now; Avg size: 121.0422
We have 6000 tables now; Avg size: 130.11833333333334
We have 7000 tables now; Avg size: 132.66557142857144
We have 8000 tables now; Avg size: 129.133625
We have 9000 tables now; Avg size: 129.12866666666667
We have 10000 tables now; Avg size: 131.8346
We have 11000 tables now; Avg size: 133.017
[Stage 4] EnumJoin2 
	Queries generated: 135300
	Tables generated: 11254
	Total Table by now: 11264
[Runner up Table Count] 2
[Consistent Table number] 2
Queries corresponds to this tree: 171
Queries corresponds to this tree: 63
Queries corresponds to this tree: 171
Queries corresponds to this tree: 63
Total Tree Count: 4
Total Query Count: 468
[Enumeration Finished]
[[Synthesizer finished]] time: 00:05:49:688
