================
[[Synthesizer start]] data/040
[Enumerator Type] CanonicalTableEnumeratorOnTheFly
[Initialize Enumeration]
  Parameterized Table Number: 0
[Enumeration Start]
[Stage 1] EnumFilterNamed: 
	Queries generated: 406
	Tables generated: 1
	Total Table by now: 1
[Stage 2] EnumAggregationNode: 
	Queries generated: 43
	Tables generated: 12
	Total Table by now: 13
[Stage 3] EnumJoin1 
	Queries generated: 4728
	Tables generated: 89
	Total Table by now: 102
We have 1000 tables now; Avg size: 108.977
We have 2000 tables now; Avg size: 129.23
[Stage 4] EnumJoin2 
	Queries generated: 294672
	Tables generated: 2193
	Total Table by now: 2206
[Runner up Table Count] 22
[Consistent Table number] 22
Queries corresponds to this tree: 1656
Queries corresponds to this tree: 234
Queries corresponds to this tree: 16
Queries corresponds to this tree: 234
Queries corresponds to this tree: 1656
Queries corresponds to this tree: 13056
Queries corresponds to this tree: 1536
Queries corresponds to this tree: 120
Queries corresponds to this tree: 996
Queries corresponds to this tree: 3888
Queries corresponds to this tree: 1344
Queries corresponds to this tree: 384
Queries corresponds to this tree: 384
Queries corresponds to this tree: 1344
Queries corresponds to this tree: 3888
Queries corresponds to this tree: 16
Queries corresponds to this tree: 996
Queries corresponds to this tree: 120
Queries corresponds to this tree: 1728
Queries corresponds to this tree: 1728
Queries corresponds to this tree: 420
Queries corresponds to this tree: 420
Queries corresponds to this tree: 444
Queries corresponds to this tree: 444
Queries corresponds to this tree: 1536
Queries corresponds to this tree: 13056
Total Tree Count: 26
Total Query Count: 51644
[Enumeration Finished]
[[Synthesizer finished]] time: 00:05:47:65
