================
[[Synthesizer start]] data/041
[Enumerator Type] CanonicalTableEnumeratorOnTheFly
[Initialize Enumeration]
  Parameterized Table Number: 0
[Enumeration Start]
[Stage 1] EnumFilterNamed: 
	Queries generated: 36
	Tables generated: 1
	Total Table by now: 1
[Stage 2] EnumAggregationNode: 
	Queries generated: 10
	Tables generated: 5
	Total Table by now: 6
[Stage 3] EnumJoin1 
	Queries generated: 495
	Tables generated: 74
	Total Table by now: 80
We have 1000 tables now; Avg size: 231.458
We have 2000 tables now; Avg size: 185.5635
We have 3000 tables now; Avg size: 219.57566666666668
We have 4000 tables now; Avg size: 206.023
[Stage 4] EnumJoin2 
	Queries generated: 52287
	Tables generated: 4958
	Total Table by now: 4964
[Runner up Table Count] 22
[Consistent Table number] 22
Queries corresponds to this tree: 120
Queries corresponds to this tree: 10
Queries corresponds to this tree: 3
Queries corresponds to this tree: 3
Queries corresponds to this tree: 480
Queries corresponds to this tree: 120
Queries corresponds to this tree: 1
Queries corresponds to this tree: 1
Queries corresponds to this tree: 1
Queries corresponds to this tree: 1
Queries corresponds to this tree: 6
Queries corresponds to this tree: 6
Queries corresponds to this tree: 12
Queries corresponds to this tree: 12
Queries corresponds to this tree: 3
Queries corresponds to this tree: 6
Queries corresponds to this tree: 3
Queries corresponds to this tree: 6
Queries corresponds to this tree: 36
Queries corresponds to this tree: 6
Queries corresponds to this tree: 30
Queries corresponds to this tree: 15
Queries corresponds to this tree: 288
Queries corresponds to this tree: 270
Queries corresponds to this tree: 1296
Queries corresponds to this tree: 216
Queries corresponds to this tree: 27540
Queries corresponds to this tree: 486
Queries corresponds to this tree: 1620
Queries corresponds to this tree: 3564
Queries corresponds to this tree: 1080
Queries corresponds to this tree: 270
Queries corresponds to this tree: 6
Total Tree Count: 33
Total Query Count: 37517
[Enumeration Finished]
[[Synthesizer finished]] time: 00:02:11:876
