================
[[Synthesizer start]] data/042
[Enumerator Type] CanonicalTableEnumeratorOnTheFly
[Initialize Enumeration]
  Parameterized Table Number: 0
[Enumeration Start]
[Stage 1] EnumFilterNamed: 
	Queries generated: 406
	Tables generated: 4
	Total Table by now: 4
[Stage 2] EnumAggregationNode: 
	Queries generated: 1
	Tables generated: 1
	Total Table by now: 5
[Stage 3] EnumJoin1 
	Queries generated: 3311
	Tables generated: 113
	Total Table by now: 118
We have 1000 tables now; Avg size: 49.254
We have 2000 tables now; Avg size: 48.1945
We have 3000 tables now; Avg size: 48.64633333333333
We have 4000 tables now; Avg size: 53.1975
We have 5000 tables now; Avg size: 57.9834
We have 6000 tables now; Avg size: 61.258833333333335
[Stage 4] EnumJoin2 
	Queries generated: 316819
	Tables generated: 6080
	Total Table by now: 6085
[Runner up Table Count] 0
[Enumeration Finished] Does not find a query in the search space.
[[Synthesizer finished]] time: 00:08:54:807
