================
[[Synthesizer start]] data/043
[Enumerator Type] CanonicalTableEnumeratorOnTheFly
[Initialize Enumeration]
  Parameterized Table Number: 0
[Enumeration Start]
[Stage 1] EnumFilterNamed: 
	Queries generated: 1711
	Tables generated: 10
	Total Table by now: 10
[Stage 2] EnumAggregationNode: 
	Queries generated: 1685
	Tables generated: 85
	Total Table by now: 95
We have 1000 tables now; Avg size: 69.65
We have 2000 tables now; Avg size: 66.4565
We have 3000 tables now; Avg size: 62.022666666666666
We have 4000 tables now; Avg size: 63.72275
We have 5000 tables now; Avg size: 61.8706
We have 6000 tables now; Avg size: 66.91983333333333
We have 7000 tables now; Avg size: 69.07771428571428
We have 8000 tables now; Avg size: 69.946875
We have 9000 tables now; Avg size: 70.83188888888888
We have 10000 tables now; Avg size: 71.4575
We have 11000 tables now; Avg size: 72.00881818181819
[Stage 3] EnumJoin1 
	Queries generated: 134025
	Tables generated: 11781
	Total Table by now: 11876
