================
[[Synthesizer start]] data/044
[Enumerator Type] CanonicalTableEnumeratorOnTheFly
[Initialize Enumeration]
  Parameterized Table Number: 0
[Enumeration Start]
[Stage 1] EnumFilterNamed: 
	Queries generated: 36
	Tables generated: 1
	Total Table by now: 1
[Stage 2] EnumAggregationNode: 
	Queries generated: 90
	Tables generated: 10
	Total Table by now: 11
[Stage 3] EnumJoin1 
	Queries generated: 2131
	Tables generated: 337
	Total Table by now: 348
We have 1000 tables now; Avg size: 153.118
We have 2000 tables now; Avg size: 217.0295
We have 3000 tables now; Avg size: 242.92366666666666
We have 4000 tables now; Avg size: 263.8155
We have 5000 tables now; Avg size: 292.0426
We have 6000 tables now; Avg size: 325.72583333333336
We have 7000 tables now; Avg size: 334.16214285714284
We have 8000 tables now; Avg size: 336.170125
We have 9000 tables now; Avg size: 332.857
We have 10000 tables now; Avg size: 323.9966
We have 11000 tables now; Avg size: 314.50481818181817
We have 12000 tables now; Avg size: 312.204
We have 13000 tables now; Avg size: 328.22215384615384
We have 14000 tables now; Avg size: 334.6007142857143
We have 15000 tables now; Avg size: 329.54133333333334
We have 16000 tables now; Avg size: 330.395625
We have 17000 tables now; Avg size: 332.16429411764705
We have 18000 tables now; Avg size: 333.27827777777776
We have 19000 tables now; Avg size: 328.58684210526314
We have 20000 tables now; Avg size: 324.0647
We have 21000 tables now; Avg size: 326.2056666666667
We have 22000 tables now; Avg size: 328.05636363636364
We have 23000 tables now; Avg size: 327.1643913043478
We have 24000 tables now; Avg size: 327.41979166666664
We have 25000 tables now; Avg size: 332.47176
We have 26000 tables now; Avg size: 331.9982692307692
We have 27000 tables now; Avg size: 328.5734444444444
We have 28000 tables now; Avg size: 330.95789285714284
We have 29000 tables now; Avg size: 331.894724137931
We have 30000 tables now; Avg size: 335.7597666666667
We have 31000 tables now; Avg size: 337.743
We have 32000 tables now; Avg size: 343.9799375
We have 33000 tables now; Avg size: 344.702303030303
We have 34000 tables now; Avg size: 346.3500294117647
We have 35000 tables now; Avg size: 345.1652
We have 36000 tables now; Avg size: 344.9139166666667
We have 37000 tables now; Avg size: 343.08016216216214
We have 38000 tables now; Avg size: 344.95068421052633
We have 39000 tables now; Avg size: 343.95733333333334
We have 40000 tables now; Avg size: 343.011375
We have 41000 tables now; Avg size: 340.3570731707317
We have 42000 tables now; Avg size: 337.78388095238097
[Stage 4] EnumJoin2 
	Queries generated: 374493
	Tables generated: 42143
	Total Table by now: 42154
[Runner up Table Count] 3
[Consistent Table number] 3
Queries corresponds to this tree: 32
Queries corresponds to this tree: 12
Queries corresponds to this tree: 360
Queries corresponds to this tree: 54
Queries corresponds to this tree: 270
Queries corresponds to this tree: 54
Queries corresponds to this tree: 720
Queries corresponds to this tree: 90
Queries corresponds to this tree: 360
Queries corresponds to this tree: 7632
Total Tree Count: 10
Total Query Count: 9584
[Enumeration Finished]
[[Synthesizer finished]] time: 01:51:36:821
