================
[[Synthesizer start]] data/045
[Enumerator Type] CanonicalTableEnumeratorOnTheFly
[Initialize Enumeration]
  Parameterized Table Number: 0
[Enumeration Start]
[Stage 1] EnumFilterNamed: 
	Queries generated: 6
	Tables generated: 6
	Total Table by now: 6
[Stage 2] EnumAggregationNode: 
	Queries generated: 52
	Tables generated: 9
	Total Table by now: 13
[Stage 3] EnumJoin1 
	Queries generated: 136
	Tables generated: 98
	Total Table by now: 111
We have 1000 tables now; Avg size: 120.49
We have 2000 tables now; Avg size: 127.388
[Stage 4] EnumJoin2 
	Queries generated: 5758
	Tables generated: 2068
	Total Table by now: 2081
[Runner up Table Count] 0
[Enumeration Finished] Does not find a query in the search space.
[[Synthesizer finished]] time: 00:00:39:263
