================
[[Synthesizer start]] data/046
[Enumerator Type] CanonicalTableEnumeratorOnTheFly
[Initialize Enumeration]
  Parameterized Table Number: 0
[Enumeration Start]
[Stage 1] EnumFilterNamed: 
	Queries generated: 36
	Tables generated: 2
	Total Table by now: 2
[Stage 2] EnumAggregationNode: 
	Queries generated: 11
	Tables generated: 6
	Total Table by now: 8
[Stage 3] EnumJoin1 
	Queries generated: 907
	Tables generated: 159
	Total Table by now: 167
We have 1000 tables now; Avg size: 87.474
We have 2000 tables now; Avg size: 97.845
We have 3000 tables now; Avg size: 108.26733333333334
We have 4000 tables now; Avg size: 132.206
We have 5000 tables now; Avg size: 143.6546
We have 6000 tables now; Avg size: 149.38416666666666
We have 7000 tables now; Avg size: 157.116
We have 8000 tables now; Avg size: 166.315
We have 9000 tables now; Avg size: 178.20277777777778
We have 10000 tables now; Avg size: 187.6845
We have 11000 tables now; Avg size: 187.59563636363637
We have 12000 tables now; Avg size: 187.16116666666667
[Stage 4] EnumJoin2 
	Queries generated: 138288
	Tables generated: 12177
	Total Table by now: 12185
[Runner up Table Count] 14
[Consistent Table number] 14
Queries corresponds to this tree: 2
Queries corresponds to this tree: 156
Queries corresponds to this tree: 48
Queries corresponds to this tree: 48
Queries corresponds to this tree: 36
Queries corresponds to this tree: 24
Queries corresponds to this tree: 96
Queries corresponds to this tree: 36
Queries corresponds to this tree: 36
Queries corresponds to this tree: 12
Queries corresponds to this tree: 2
Queries corresponds to this tree: 2
Queries corresponds to this tree: 4
Queries corresponds to this tree: 4
Queries corresponds to this tree: 2
Queries corresponds to this tree: 2
Queries corresponds to this tree: 40
Queries corresponds to this tree: 4
Queries corresponds to this tree: 4
Queries corresponds to this tree: 40
Queries corresponds to this tree: 4
Queries corresponds to this tree: 4
Queries corresponds to this tree: 459
Queries corresponds to this tree: 27
Queries corresponds to this tree: 54
Queries corresponds to this tree: 108
Queries corresponds to this tree: 216
Queries corresponds to this tree: 1530
Total Tree Count: 28
Total Query Count: 3000
[Enumeration Finished]
[[Synthesizer finished]] time: 00:14:03:531
