================
[[Synthesizer start]] data/047
[Enumerator Type] CanonicalTableEnumeratorOnTheFly
[Initialize Enumeration]
  Parameterized Table Number: 0
[Enumeration Start]
[Stage 1] EnumFilterNamed: 
	Queries generated: 406
	Tables generated: 3
	Total Table by now: 3
[Stage 2] EnumAggregationNode: 
	Queries generated: 148
	Tables generated: 11
	Total Table by now: 14
[Stage 3] EnumJoin1 
	Queries generated: 9374
	Tables generated: 733
	Total Table by now: 747
We have 1000 tables now; Avg size: 143.147
We have 2000 tables now; Avg size: 181.557
We have 3000 tables now; Avg size: 166.03633333333335
We have 4000 tables now; Avg size: 159.428
We have 5000 tables now; Avg size: 159.1072
We have 6000 tables now; Avg size: 156.76783333333333
We have 7000 tables now; Avg size: 156.8127142857143
We have 8000 tables now; Avg size: 156.33925
We have 9000 tables now; Avg size: 150.588
We have 10000 tables now; Avg size: 152.9902
We have 11000 tables now; Avg size: 163.4891818181818
We have 12000 tables now; Avg size: 165.36875
We have 13000 tables now; Avg size: 188.57723076923077
We have 14000 tables now; Avg size: 199.4317142857143
We have 15000 tables now; Avg size: 199.98873333333333
We have 16000 tables now; Avg size: 199.6789375
We have 17000 tables now; Avg size: 195.46411764705883
We have 18000 tables now; Avg size: 199.4355
We have 19000 tables now; Avg size: 211.82305263157895
We have 20000 tables now; Avg size: 216.693
We have 21000 tables now; Avg size: 217.50214285714284
We have 22000 tables now; Avg size: 217.22686363636365
We have 23000 tables now; Avg size: 214.6326956521739
We have 24000 tables now; Avg size: 215.689125
We have 25000 tables now; Avg size: 217.46944
We have 26000 tables now; Avg size: 218.70807692307693
We have 27000 tables now; Avg size: 220.06792592592592
We have 28000 tables now; Avg size: 219.82717857142856
We have 29000 tables now; Avg size: 219.22410344827586
We have 30000 tables now; Avg size: 216.91553333333334
We have 31000 tables now; Avg size: 218.49787096774193
We have 32000 tables now; Avg size: 217.950125
We have 33000 tables now; Avg size: 217.56321212121213
We have 34000 tables now; Avg size: 217.62814705882354
We have 35000 tables now; Avg size: 215.32734285714287
We have 36000 tables now; Avg size: 214.43127777777778
We have 37000 tables now; Avg size: 212.239
We have 38000 tables now; Avg size: 212.74602631578946
We have 39000 tables now; Avg size: 210.34338461538462
We have 40000 tables now; Avg size: 211.37765
We have 41000 tables now; Avg size: 210.47341463414634
We have 42000 tables now; Avg size: 208.55435714285716
We have 43000 tables now; Avg size: 207.711511627907
We have 44000 tables now; Avg size: 206.86313636363636
We have 45000 tables now; Avg size: 205.51506666666666
We have 46000 tables now; Avg size: 205.81567391304347
We have 47000 tables now; Avg size: 207.21993617021278
We have 48000 tables now; Avg size: 207.28810416666667
We have 49000 tables now; Avg size: 206.39948979591836
We have 50000 tables now; Avg size: 205.9939
We have 51000 tables now; Avg size: 209.96886274509805
We have 52000 tables now; Avg size: 212.51598076923077
We have 53000 tables now; Avg size: 211.19477358490565
We have 54000 tables now; Avg size: 211.3590925925926
We have 55000 tables now; Avg size: 212.5080909090909
We have 56000 tables now; Avg size: 213.14885714285714
We have 57000 tables now; Avg size: 214.05308771929825
We have 58000 tables now; Avg size: 213.1826551724138
We have 59000 tables now; Avg size: 212.5097966101695
We have 60000 tables now; Avg size: 212.39625
We have 61000 tables now; Avg size: 212.09119672131146
We have 62000 tables now; Avg size: 212.03732258064517
We have 63000 tables now; Avg size: 212.1459365079365
We have 64000 tables now; Avg size: 212.74615625
We have 65000 tables now; Avg size: 211.44575384615385
We have 66000 tables now; Avg size: 210.6335303030303
We have 67000 tables now; Avg size: 210.3670447761194
We have 68000 tables now; Avg size: 211.28635294117646
We have 69000 tables now; Avg size: 212.4215652173913
We have 70000 tables now; Avg size: 213.7375142857143
We have 71000 tables now; Avg size: 215.37645070422536
We have 72000 tables now; Avg size: 216.2868611111111
We have 73000 tables now; Avg size: 216.45745205479452
We have 74000 tables now; Avg size: 216.07752702702703
We have 75000 tables now; Avg size: 216.67288
We have 76000 tables now; Avg size: 217.99969736842104
We have 77000 tables now; Avg size: 217.97816883116883
We have 78000 tables now; Avg size: 218.97120512820513
We have 79000 tables now; Avg size: 219.53664556962025
We have 80000 tables now; Avg size: 219.148475
We have 81000 tables now; Avg size: 222.97327160493828
We have 82000 tables now; Avg size: 224.63463414634145
We have 83000 tables now; Avg size: 225.59253012048194
We have 84000 tables now; Avg size: 225.07022619047618
We have 85000 tables now; Avg size: 226.50135294117646
We have 86000 tables now; Avg size: 226.9056976744186
We have 87000 tables now; Avg size: 227.50913793103447
We have 88000 tables now; Avg size: 228.855375
We have 89000 tables now; Avg size: 228.78080898876405
We have 90000 tables now; Avg size: 228.0505222222222
We have 91000 tables now; Avg size: 228.45542857142857
We have 92000 tables now; Avg size: 227.78602173913043
We have 93000 tables now; Avg size: 227.16912903225807
We have 94000 tables now; Avg size: 226.6203510638298
We have 95000 tables now; Avg size: 226.13823157894737
We have 96000 tables now; Avg size: 225.5378125
We have 97000 tables now; Avg size: 225.5222474226804
We have 98000 tables now; Avg size: 224.72944897959184
We have 99000 tables now; Avg size: 224.24579797979797
We have 100000 tables now; Avg size: 224.05399
We have 101000 tables now; Avg size: 223.33665346534653
We have 102000 tables now; Avg size: 224.06848039215686
We have 103000 tables now; Avg size: 223.8035631067961
We have 104000 tables now; Avg size: 223.66528846153847
We have 105000 tables now; Avg size: 222.90420952380953
We have 106000 tables now; Avg size: 224.2529150943396
We have 107000 tables now; Avg size: 225.51619626168224
We have 108000 tables now; Avg size: 227.26104629629629
We have 109000 tables now; Avg size: 227.65226605504589
We have 110000 tables now; Avg size: 228.48094545454546
We have 111000 tables now; Avg size: 229.30836936936936
We have 112000 tables now; Avg size: 231.12182142857142
We have 113000 tables now; Avg size: 232.35594690265486
We have 114000 tables now; Avg size: 233.91765789473683
We have 115000 tables now; Avg size: 233.2791652173913
We have 116000 tables now; Avg size: 233.19786206896552
We have 117000 tables now; Avg size: 232.42068376068377
We have 118000 tables now; Avg size: 232.06776271186442
We have 119000 tables now; Avg size: 231.59164705882353
We have 120000 tables now; Avg size: 230.81679166666666
We have 121000 tables now; Avg size: 230.38148760330577
