================
[[Synthesizer start]] data/048
[Enumerator Type] CanonicalTableEnumeratorOnTheFly
[Initialize Enumeration]
  Parameterized Table Number: 0
[Enumeration Start]
[Stage 1] EnumFilterNamed: 
	Queries generated: 406
	Tables generated: 7
	Total Table by now: 7
[Stage 2] EnumAggregationNode: 
	Queries generated: 589
	Tables generated: 88
	Total Table by now: 95
We have 1000 tables now; Avg size: 36.389
We have 2000 tables now; Avg size: 39.5565
We have 3000 tables now; Avg size: 41.13066666666667
[Stage 3] EnumJoin1 
	Queries generated: 45723
	Tables generated: 3659
	Total Table by now: 3754
We have 4000 tables now; Avg size: 50.7455
We have 5000 tables now; Avg size: 76.6054
We have 6000 tables now; Avg size: 87.0165
We have 7000 tables now; Avg size: 94.531
We have 8000 tables now; Avg size: 105.224375
We have 9000 tables now; Avg size: 108.50255555555556
We have 10000 tables now; Avg size: 121.0025
We have 11000 tables now; Avg size: 129.59081818181818
We have 12000 tables now; Avg size: 136.07116666666667
We have 13000 tables now; Avg size: 145.45946153846154
We have 14000 tables now; Avg size: 164.77842857142858
We have 15000 tables now; Avg size: 176.3158
We have 16000 tables now; Avg size: 179.151
We have 17000 tables now; Avg size: 180.23829411764706
We have 18000 tables now; Avg size: 178.94372222222222
