================
[[Synthesizer start]] data/051
[Enumerator Type] CanonicalTableEnumeratorOnTheFly
[Initialize Enumeration]
  Parameterized Table Number: 0
[Enumeration Start]
[Stage 1] EnumFilterNamed: 
	Queries generated: 171
	Tables generated: 6
	Total Table by now: 6
[Stage 2] EnumAggregationNode: 
	Queries generated: 492
	Tables generated: 31
	Total Table by now: 35
[Stage 3] EnumJoin1 
	Queries generated: 4475
	Tables generated: 409
	Total Table by now: 444
We have 1000 tables now; Avg size: 64.059
We have 2000 tables now; Avg size: 91.161
We have 3000 tables now; Avg size: 108.14366666666666
We have 4000 tables now; Avg size: 106.5315
We have 5000 tables now; Avg size: 111.0752
We have 6000 tables now; Avg size: 114.77333333333333
We have 7000 tables now; Avg size: 124.02828571428572
We have 8000 tables now; Avg size: 126.98925
We have 9000 tables now; Avg size: 126.34733333333334
We have 10000 tables now; Avg size: 128.6591
We have 11000 tables now; Avg size: 129.35736363636363
We have 12000 tables now; Avg size: 133.02941666666666
We have 13000 tables now; Avg size: 138.11453846153847
We have 14000 tables now; Avg size: 137.50442857142858
We have 15000 tables now; Avg size: 140.09246666666667
We have 16000 tables now; Avg size: 142.8174375
We have 17000 tables now; Avg size: 144.14741176470588
We have 18000 tables now; Avg size: 146.48794444444445
[Stage 4] EnumJoin2 
	Queries generated: 294793
	Tables generated: 18408
	Total Table by now: 18443
[Runner up Table Count] 42
[Consistent Table number] 46
Queries corresponds to this tree: 378
Queries corresponds to this tree: 28
Queries corresponds to this tree: 12
Queries corresponds to this tree: 8
Queries corresponds to this tree: 2
Queries corresponds to this tree: 84
Queries corresponds to this tree: 1848
Queries corresponds to this tree: 2268
Queries corresponds to this tree: 112
Queries corresponds to this tree: 3780
Queries corresponds to this tree: 16
Queries corresponds to this tree: 32
Queries corresponds to this tree: 96
Queries corresponds to this tree: 16
Queries corresponds to this tree: 16
Queries corresponds to this tree: 144
Queries corresponds to this tree: 12
Queries corresponds to this tree: 96
Queries corresponds to this tree: 1152
Queries corresponds to this tree: 78
Queries corresponds to this tree: 52
Queries corresponds to this tree: 228
Queries corresponds to this tree: 5016
Queries corresponds to this tree: 6156
Queries corresponds to this tree: 304
Queries corresponds to this tree: 10260
Queries corresponds to this tree: 150
Queries corresponds to this tree: 150
Queries corresponds to this tree: 16
Queries corresponds to this tree: 64
Queries corresponds to this tree: 16
Queries corresponds to this tree: 16
Queries corresponds to this tree: 8
Queries corresponds to this tree: 48
Queries corresponds to this tree: 12
Queries corresponds to this tree: 390
Queries corresponds to this tree: 2280
Queries corresponds to this tree: 12
Queries corresponds to this tree: 8
Queries corresponds to this tree: 16
Queries corresponds to this tree: 8
Queries corresponds to this tree: 8
Queries corresponds to this tree: 48
Queries corresponds to this tree: 8
Queries corresponds to this tree: 64
Queries corresponds to this tree: 420
Queries corresponds to this tree: 240
Queries corresponds to this tree: 24
Queries corresponds to this tree: 12
Queries corresponds to this tree: 8
Queries corresponds to this tree: 270
Queries corresponds to this tree: 270
Queries corresponds to this tree: 938
Queries corresponds to this tree: 536
Queries corresponds to this tree: 402
Queries corresponds to this tree: 7504
Queries corresponds to this tree: 462
Queries corresponds to this tree: 132
Queries corresponds to this tree: 66
Queries corresponds to this tree: 924
Queries corresponds to this tree: 396
Queries corresponds to this tree: 858
Queries corresponds to this tree: 2508
Queries corresponds to this tree: 13068
Queries corresponds to this tree: 143748
Queries corresponds to this tree: 117612
Queries corresponds to this tree: 4356
Queries corresponds to this tree: 117612
Queries corresponds to this tree: 2112
Queries corresponds to this tree: 9504
Queries corresponds to this tree: 3564
Queries corresponds to this tree: 132
Queries corresponds to this tree: 396
Queries corresponds to this tree: 396
Queries corresponds to this tree: 198
Queries corresponds to this tree: 198
Queries corresponds to this tree: 3564
Queries corresponds to this tree: 24
Queries corresponds to this tree: 48
Queries corresponds to this tree: 24
Queries corresponds to this tree: 144
Queries corresponds to this tree: 192
Queries corresponds to this tree: 128
Queries corresponds to this tree: 864
Queries corresponds to this tree: 19008
Queries corresponds to this tree: 23328
Queries corresponds to this tree: 1152
Queries corresponds to this tree: 38880
Queries corresponds to this tree: 4
Queries corresponds to this tree: 6
Queries corresponds to this tree: 6
Queries corresponds to this tree: 2
Queries corresponds to this tree: 3
Queries corresponds to this tree: 1
Queries corresponds to this tree: 6
Queries corresponds to this tree: 2
Queries corresponds to this tree: 33
Queries corresponds to this tree: 66
Queries corresponds to this tree: 48
Queries corresponds to this tree: 32
Queries corresponds to this tree: 40
Queries corresponds to this tree: 16
Queries corresponds to this tree: 100
Queries corresponds to this tree: 100
Queries corresponds to this tree: 48
Queries corresponds to this tree: 32
Queries corresponds to this tree: 24
Queries corresponds to this tree: 384
Queries corresponds to this tree: 16
Queries corresponds to this tree: 96
Queries corresponds to this tree: 1092
Queries corresponds to this tree: 624
Queries corresponds to this tree: 468
Queries corresponds to this tree: 8736
Queries corresponds to this tree: 16
Queries corresponds to this tree: 192
Queries corresponds to this tree: 24
Queries corresponds to this tree: 16
Queries corresponds to this tree: 48
Queries corresponds to this tree: 16
Queries corresponds to this tree: 48
Queries corresponds to this tree: 352
Queries corresponds to this tree: 24
Queries corresponds to this tree: 432
Queries corresponds to this tree: 864
Queries corresponds to this tree: 324
Queries corresponds to this tree: 1512
Queries corresponds to this tree: 432
Queries corresponds to this tree: 108
Queries corresponds to this tree: 648
Queries corresponds to this tree: 108
Queries corresponds to this tree: 648
Queries corresponds to this tree: 4320
Queries corresponds to this tree: 216
Queries corresponds to this tree: 1296
Queries corresponds to this tree: 108
Queries corresponds to this tree: 648
Queries corresponds to this tree: 324
Queries corresponds to this tree: 432
Queries corresponds to this tree: 3456
Queries corresponds to this tree: 432
Queries corresponds to this tree: 3456
Queries corresponds to this tree: 8856
Queries corresponds to this tree: 79704
Queries corresponds to this tree: 864
Queries corresponds to this tree: 432
Queries corresponds to this tree: 5184
Queries corresponds to this tree: 108
Queries corresponds to this tree: 324
Queries corresponds to this tree: 2376
Queries corresponds to this tree: 48
Queries corresponds to this tree: 48
Queries corresponds to this tree: 96
Queries corresponds to this tree: 24
Queries corresponds to this tree: 60
Queries corresponds to this tree: 120
Queries corresponds to this tree: 90
Queries corresponds to this tree: 480
Queries corresponds to this tree: 32
Queries corresponds to this tree: 32
Queries corresponds to this tree: 8
Queries corresponds to this tree: 8
Queries corresponds to this tree: 4
Queries corresponds to this tree: 12
Queries corresponds to this tree: 24
Queries corresponds to this tree: 108
Queries corresponds to this tree: 80
Queries corresponds to this tree: 24
Queries corresponds to this tree: 96
Queries corresponds to this tree: 768
Queries corresponds to this tree: 768
Queries corresponds to this tree: 192
Queries corresponds to this tree: 768
Queries corresponds to this tree: 96
Queries corresponds to this tree: 576
Queries corresponds to this tree: 16
Queries corresponds to this tree: 3536
Queries corresponds to this tree: 20672
Queries corresponds to this tree: 16
Queries corresponds to this tree: 32
Queries corresponds to this tree: 96
Queries corresponds to this tree: 576
Queries corresponds to this tree: 4928
Queries corresponds to this tree: 44352
Queries corresponds to this tree: 4240
Queries corresponds to this tree: 96
Queries corresponds to this tree: 64
Queries corresponds to this tree: 80
Queries corresponds to this tree: 32
Queries corresponds to this tree: 480
Queries corresponds to this tree: 480
Queries corresponds to this tree: 96
Queries corresponds to this tree: 64
Queries corresponds to this tree: 48
Queries corresponds to this tree: 768
Queries corresponds to this tree: 32
Queries corresponds to this tree: 192
Queries corresponds to this tree: 1904
Queries corresponds to this tree: 1088
Queries corresponds to this tree: 816
Queries corresponds to this tree: 15232
Queries corresponds to this tree: 32
Queries corresponds to this tree: 384
Queries corresponds to this tree: 48
Queries corresponds to this tree: 32
Queries corresponds to this tree: 96
Queries corresponds to this tree: 32
Queries corresponds to this tree: 96
Queries corresponds to this tree: 704
Queries corresponds to this tree: 1856
Queries corresponds to this tree: 16704
Queries corresponds to this tree: 32
Queries corresponds to this tree: 4176
Queries corresponds to this tree: 1856
Queries corresponds to this tree: 640
Queries corresponds to this tree: 512
Queries corresponds to this tree: 256
Queries corresponds to this tree: 320
Queries corresponds to this tree: 16
Queries corresponds to this tree: 16
Queries corresponds to this tree: 8
Queries corresponds to this tree: 4
Queries corresponds to this tree: 432
Queries corresponds to this tree: 24
Queries corresponds to this tree: 24
Queries corresponds to this tree: 24
Queries corresponds to this tree: 24
Queries corresponds to this tree: 96
Queries corresponds to this tree: 24
Queries corresponds to this tree: 288
Queries corresponds to this tree: 12
Queries corresponds to this tree: 96
Queries corresponds to this tree: 216
Queries corresponds to this tree: 288
Queries corresponds to this tree: 216
Queries corresponds to this tree: 12
Queries corresponds to this tree: 72
Queries corresponds to this tree: 576
Queries corresponds to this tree: 24
Queries corresponds to this tree: 72
Queries corresponds to this tree: 648
Queries corresponds to this tree: 24
Queries corresponds to this tree: 60
Queries corresponds to this tree: 216
Queries corresponds to this tree: 504
Queries corresponds to this tree: 1728
Queries corresponds to this tree: 48
Queries corresponds to this tree: 32
Queries corresponds to this tree: 24
Queries corresponds to this tree: 384
Queries corresponds to this tree: 112
Queries corresponds to this tree: 64
Queries corresponds to this tree: 48
Queries corresponds to this tree: 896
Queries corresponds to this tree: 40
Queries corresponds to this tree: 32
Queries corresponds to this tree: 20
Queries corresponds to this tree: 8
Queries corresponds to this tree: 24
Queries corresponds to this tree: 48
Queries corresponds to this tree: 224
Queries corresponds to this tree: 48
Queries corresponds to this tree: 16
Queries corresponds to this tree: 192
Queries corresponds to this tree: 12
Queries corresponds to this tree: 8
Queries corresponds to this tree: 48
Queries corresponds to this tree: 16
Queries corresponds to this tree: 8
Queries corresponds to this tree: 48
Queries corresponds to this tree: 24
Queries corresponds to this tree: 176
Queries corresponds to this tree: 8
Queries corresponds to this tree: 8
Queries corresponds to this tree: 152
Queries corresponds to this tree: 1216
Queries corresponds to this tree: 504
Queries corresponds to this tree: 304
Queries corresponds to this tree: 1216
Queries corresponds to this tree: 152
Queries corresponds to this tree: 912
Queries corresponds to this tree: 12
Queries corresponds to this tree: 3276
Queries corresponds to this tree: 19152
Queries corresponds to this tree: 12
Queries corresponds to this tree: 24
Queries corresponds to this tree: 152
Queries corresponds to this tree: 912
Queries corresponds to this tree: 108
Total Tree Count: 289
Total Query Count: 850809
[Enumeration Finished]
[[Synthesizer finished]] time: 00:40:05:403
