================
[[Synthesizer start]] data/053
[Enumerator Type] CanonicalTableEnumeratorOnTheFly
[Initialize Enumeration]
  Parameterized Table Number: 0
[Enumeration Start]
[Stage 1] EnumFilterNamed: 
	Queries generated: 406
	Tables generated: 1
	Total Table by now: 1
[Stage 2] EnumAggregationNode: 
	Queries generated: 135
	Tables generated: 10
	Total Table by now: 11
[Stage 3] EnumJoin1 
	Queries generated: 5996
	Tables generated: 294
	Total Table by now: 305
We have 1000 tables now; Avg size: 617.345
We have 2000 tables now; Avg size: 886.656
We have 3000 tables now; Avg size: 1008.7296666666666
We have 4000 tables now; Avg size: 970.47325
We have 5000 tables now; Avg size: 961.0442
