================
[[Synthesizer start]] data/054
[Enumerator Type] CanonicalTableEnumeratorOnTheFly
[Initialize Enumeration]
  Parameterized Table Number: 0
[Enumeration Start]
[Stage 1] EnumFilterNamed: 
	Queries generated: 25
	Tables generated: 2
	Total Table by now: 2
[Stage 2] EnumAggregationNode: 
	Queries generated: 27
	Tables generated: 10
	Total Table by now: 12
[Stage 3] EnumJoin1 
	Queries generated: 400
	Tables generated: 75
	Total Table by now: 87
[Stage 4] EnumJoin2 
	Queries generated: 11900
	Tables generated: 751
	Total Table by now: 763
[Runner up Table Count] 0
[Enumeration Finished] Does not find a query in the search space.
[[Synthesizer finished]] time: 00:00:13:887
