================
[[Synthesizer start]] data/056
[Enumerator Type] CanonicalTableEnumeratorOnTheFly
[Initialize Enumeration]
  Parameterized Table Number: 0
[Enumeration Start]
[Stage 1] EnumFilterNamed: 
	Queries generated: 36
	Tables generated: 1
	Total Table by now: 1
[Stage 2] EnumAggregationNode: 
	Queries generated: 201
	Tables generated: 27
	Total Table by now: 28
[Stage 3] EnumJoin1 
	Queries generated: 5756
	Tables generated: 498
	Total Table by now: 526
We have 1000 tables now; Avg size: 235.717
We have 2000 tables now; Avg size: 373.622
We have 3000 tables now; Avg size: 393.08166666666665
We have 4000 tables now; Avg size: 371.9025
We have 5000 tables now; Avg size: 373.949
We have 6000 tables now; Avg size: 391.2891666666667
We have 7000 tables now; Avg size: 385.25357142857143
We have 8000 tables now; Avg size: 399.011375
We have 9000 tables now; Avg size: 411.1123333333333
We have 10000 tables now; Avg size: 419.243
We have 11000 tables now; Avg size: 414.0307272727273
We have 12000 tables now; Avg size: 432.60725
We have 13000 tables now; Avg size: 445.47076923076924
We have 14000 tables now; Avg size: 447.32964285714286
We have 15000 tables now; Avg size: 443.8164
We have 16000 tables now; Avg size: 441.5325625
We have 17000 tables now; Avg size: 439.0098235294118
We have 18000 tables now; Avg size: 442.0495
We have 19000 tables now; Avg size: 439.4306315789474
We have 20000 tables now; Avg size: 443.46845
We have 21000 tables now; Avg size: 441.5453809523809
We have 22000 tables now; Avg size: 443.296
We have 23000 tables now; Avg size: 447.07065217391306
We have 24000 tables now; Avg size: 454.31283333333334
We have 25000 tables now; Avg size: 455.1302
We have 26000 tables now; Avg size: 455.0836538461538
We have 27000 tables now; Avg size: 462.58918518518516
We have 28000 tables now; Avg size: 461.06003571428573
We have 29000 tables now; Avg size: 458.2476551724138
We have 30000 tables now; Avg size: 461.2685666666667
We have 31000 tables now; Avg size: 467.8713870967742
We have 32000 tables now; Avg size: 469.2545
[Stage 4] EnumJoin2 
	Queries generated: 471191
	Tables generated: 32020
	Total Table by now: 32048
[Runner up Table Count] 10
[Consistent Table number] 10
Queries corresponds to this tree: 12
Queries corresponds to this tree: 12
Queries corresponds to this tree: 81
Queries corresponds to this tree: 27
Queries corresponds to this tree: 738
Queries corresponds to this tree: 216
Queries corresponds to this tree: 492
Queries corresponds to this tree: 54
Queries corresponds to this tree: 18
Queries corresponds to this tree: 144
Queries corresponds to this tree: 6
Queries corresponds to this tree: 24
Queries corresponds to this tree: 4
Queries corresponds to this tree: 8
Queries corresponds to this tree: 16
Queries corresponds to this tree: 2664
Total Tree Count: 16
Total Query Count: 4516
[Enumeration Finished]
[[Synthesizer finished]] time: 01:43:14:899
