================
[[Synthesizer start]] data/057
[Enumerator Type] CanonicalTableEnumeratorOnTheFly
[Initialize Enumeration]
  Parameterized Table Number: 0
[Enumeration Start]
[Stage 1] EnumFilterNamed: 
	Queries generated: 1
	Tables generated: 1
	Total Table by now: 1
[Stage 2] EnumAggregationNode: 
	Queries generated: 22
	Tables generated: 6
	Total Table by now: 7
[Stage 3] EnumJoin1 
	Queries generated: 254
	Tables generated: 95
	Total Table by now: 102
We have 1000 tables now; Avg size: 276.735
We have 2000 tables now; Avg size: 298.3845
We have 3000 tables now; Avg size: 331.96133333333336
[Stage 4] EnumJoin2 
	Queries generated: 14868
	Tables generated: 3451
	Total Table by now: 3458
[Runner up Table Count] 26
[Consistent Table number] 27
Queries corresponds to this tree: 540
Queries corresponds to this tree: 360
Queries corresponds to this tree: 810
Queries corresponds to this tree: 108
Queries corresponds to this tree: 72
Queries corresponds to this tree: 162
Queries corresponds to this tree: 216
Queries corresponds to this tree: 72
Queries corresponds to this tree: 108
Queries corresponds to this tree: 216
Queries corresponds to this tree: 72
Queries corresponds to this tree: 108
Queries corresponds to this tree: 216
Queries corresponds to this tree: 72
Queries corresponds to this tree: 108
Queries corresponds to this tree: 216
Queries corresponds to this tree: 72
Queries corresponds to this tree: 108
Queries corresponds to this tree: 2106
Queries corresponds to this tree: 702
Queries corresponds to this tree: 1053
Queries corresponds to this tree: 54
Queries corresponds to this tree: 18
Queries corresponds to this tree: 27
Queries corresponds to this tree: 54
Queries corresponds to this tree: 18
Queries corresponds to this tree: 27
Queries corresponds to this tree: 6
Queries corresponds to this tree: 22032
Queries corresponds to this tree: 14688
Queries corresponds to this tree: 33048
Queries corresponds to this tree: 3888
Queries corresponds to this tree: 2592
Queries corresponds to this tree: 5832
Queries corresponds to this tree: 972
Queries corresponds to this tree: 648
Queries corresponds to this tree: 1458
Queries corresponds to this tree: 972
Queries corresponds to this tree: 648
Queries corresponds to this tree: 1458
Queries corresponds to this tree: 1296
Queries corresponds to this tree: 864
Queries corresponds to this tree: 1944
Queries corresponds to this tree: 1296
Queries corresponds to this tree: 864
Queries corresponds to this tree: 1944
Queries corresponds to this tree: 3888
Queries corresponds to this tree: 2592
Queries corresponds to this tree: 5832
Queries corresponds to this tree: 108
Queries corresponds to this tree: 72
Queries corresponds to this tree: 162
Queries corresponds to this tree: 36
Queries corresponds to this tree: 24
Queries corresponds to this tree: 54
Queries corresponds to this tree: 1
Queries corresponds to this tree: 108
Queries corresponds to this tree: 72
Queries corresponds to this tree: 162
Queries corresponds to this tree: 216
Queries corresponds to this tree: 144
Queries corresponds to this tree: 324
Queries corresponds to this tree: 108
Queries corresponds to this tree: 72
Queries corresponds to this tree: 162
Queries corresponds to this tree: 108
Queries corresponds to this tree: 72
Queries corresponds to this tree: 162
Queries corresponds to this tree: 12
Queries corresponds to this tree: 4
Queries corresponds to this tree: 6
Queries corresponds to this tree: 216
Queries corresponds to this tree: 144
Queries corresponds to this tree: 324
Queries corresponds to this tree: 12
Queries corresponds to this tree: 4
Queries corresponds to this tree: 6
Queries corresponds to this tree: 6
Queries corresponds to this tree: 2
Queries corresponds to this tree: 3
Queries corresponds to this tree: 6
Queries corresponds to this tree: 2
Queries corresponds to this tree: 3
Queries corresponds to this tree: 12
Queries corresponds to this tree: 4
Queries corresponds to this tree: 6
Queries corresponds to this tree: 6
Queries corresponds to this tree: 2
Queries corresponds to this tree: 3
Queries corresponds to this tree: 6
Queries corresponds to this tree: 2
Queries corresponds to this tree: 3
Queries corresponds to this tree: 6
Queries corresponds to this tree: 2
Queries corresponds to this tree: 3
Queries corresponds to this tree: 6
Queries corresponds to this tree: 2
Queries corresponds to this tree: 3
Queries corresponds to this tree: 576
Queries corresponds to this tree: 192
Queries corresponds to this tree: 288
Queries corresponds to this tree: 108
Queries corresponds to this tree: 72
Queries corresponds to this tree: 162
Queries corresponds to this tree: 108
Queries corresponds to this tree: 72
Queries corresponds to this tree: 162
Queries corresponds to this tree: 108
Queries corresponds to this tree: 72
Queries corresponds to this tree: 162
Queries corresponds to this tree: 12
Queries corresponds to this tree: 4
Queries corresponds to this tree: 6
Queries corresponds to this tree: 72
Queries corresponds to this tree: 12
Queries corresponds to this tree: 12
Queries corresponds to this tree: 324
Queries corresponds to this tree: 216
Queries corresponds to this tree: 486
Queries corresponds to this tree: 1296
Queries corresponds to this tree: 864
Queries corresponds to this tree: 1944
Queries corresponds to this tree: 4860
Queries corresponds to this tree: 3240
Queries corresponds to this tree: 7290
Queries corresponds to this tree: 1296
Queries corresponds to this tree: 864
Queries corresponds to this tree: 1944
Queries corresponds to this tree: 36
Queries corresponds to this tree: 12
Queries corresponds to this tree: 18
Queries corresponds to this tree: 6
Queries corresponds to this tree: 1
Queries corresponds to this tree: 2
Queries corresponds to this tree: 96
Queries corresponds to this tree: 2
Queries corresponds to this tree: 12
Queries corresponds to this tree: 6
Queries corresponds to this tree: 6
Queries corresponds to this tree: 1
Queries corresponds to this tree: 1
Queries corresponds to this tree: 18
Queries corresponds to this tree: 144
Queries corresponds to this tree: 96
Queries corresponds to this tree: 216
Queries corresponds to this tree: 36
Queries corresponds to this tree: 24
Queries corresponds to this tree: 54
Queries corresponds to this tree: 144
Queries corresponds to this tree: 96
Queries corresponds to this tree: 216
Queries corresponds to this tree: 396
Queries corresponds to this tree: 264
Queries corresponds to this tree: 594
Queries corresponds to this tree: 108
Queries corresponds to this tree: 36
Queries corresponds to this tree: 54
Total Tree Count: 157
Total Query Count: 148959
[Enumeration Finished]
[[Synthesizer finished]] time: 00:03:09:702
