================
[[Synthesizer start]] data/058
[Enumerator Type] CanonicalTableEnumeratorOnTheFly
[Initialize Enumeration]
  Parameterized Table Number: 0
[Enumeration Start]
[Stage 1] EnumFilterNamed: 
	Queries generated: 1
	Tables generated: 1
	Total Table by now: 1
[Stage 2] EnumAggregationNode: 
	Queries generated: 10
	Tables generated: 5
	Total Table by now: 6
[Stage 3] EnumJoin1 
	Queries generated: 182
	Tables generated: 95
	Total Table by now: 101
We have 1000 tables now; Avg size: 243.062
We have 2000 tables now; Avg size: 293.044
We have 3000 tables now; Avg size: 316.297
[Stage 4] EnumJoin2 
	Queries generated: 13644
	Tables generated: 3386
	Total Table by now: 3392
[Runner up Table Count] 0
[Enumeration Finished] Does not find a query in the search space.
[[Synthesizer finished]] time: 00:01:18:86
