================
[[Synthesizer start]] data/061
[Enumerator Type] CanonicalTableEnumeratorOnTheFly
[Initialize Enumeration]
  Parameterized Table Number: 0
[Enumeration Start]
[Stage 1] EnumFilterNamed: 
	Queries generated: 406
	Tables generated: 6
	Total Table by now: 6
[Stage 2] EnumAggregationNode: 
	Queries generated: 1067
	Tables generated: 79
	Total Table by now: 84
We have 1000 tables now; Avg size: 50.876
We have 2000 tables now; Avg size: 57.1245
We have 3000 tables now; Avg size: 53.38066666666667
We have 4000 tables now; Avg size: 56.01625
We have 5000 tables now; Avg size: 56.4106
We have 6000 tables now; Avg size: 59.76533333333333
We have 7000 tables now; Avg size: 59.48742857142857
[Stage 3] EnumJoin1 
	Queries generated: 51024
	Tables generated: 7221
	Total Table by now: 7305
